------------------------------------------------------------------------------------------------------------------------

[2021-10-19 10:08:15 #1 store] 
Database 'C:\Users\ehu\Documents\GitHub\Bets21ProbaProiek\src\main\resources\bets.temp' is opened by 5948@U111533

[2021-10-19 10:08:15 #2 type.registry] 
New type domain.Question

[2021-10-19 10:08:15 #3 type] 
Type domain.Question is not enhanced.

[2021-10-19 10:08:15 #4 type.registry] 
New type domain.Event

[2021-10-19 10:08:15 #5 type.registry] 
New type domain.Pronostico

[2021-10-19 10:08:15 #6 type.registry] 
New type java.util.ArrayList<domain.Pronostico>

[2021-10-19 10:08:15 #7 type] 
Type domain.Event is not enhanced.

[2021-10-19 10:08:15 #8 type.registry] 
New type java.util.Vector<domain.Question>

[2021-10-19 10:08:15 #9 type] 
Type domain.Pronostico is not enhanced.

[2021-10-19 10:08:15 #10 type.registry] 
New type domain.Apostua

[2021-10-19 10:08:15 #11 type.registry] 
New type java.util.ArrayList<domain.Apostua>

[2021-10-19 10:08:15 #12 type] 
Type domain.Apostua is not enhanced.

[2021-10-19 10:08:15 #13 type.registry] 
New type domain.User

[2021-10-19 10:08:15 #14 type.registry] 
New type domain.RegisteredUser

[2021-10-19 10:08:15 #15 type] 
Type domain.User is not enhanced.

[2021-10-19 10:08:15 #16 type] 
Type domain.RegisteredUser is not enhanced.

[2021-10-19 10:08:15 #17 type.registry] 
New type java.util.Vector<domain.RegisteredUser>

[2021-10-19 10:08:15 #18 type.registry] 
New type java.util.Vector<java.lang.Double>

[2021-10-19 10:08:15 #19 type.registry] 
New type java.util.ArrayList<java.lang.Object>

[2021-10-19 10:08:15 #20 type.registry] 
New type java.util.Vector<java.lang.Object>

------------------------------------------------------------------------------------------------------------------------

[2021-10-19 10:08:59 #1 store] 
Database 'C:\Users\ehu\Documents\GitHub\Bets21ProbaProiek\src\main\resources\bets.temp' is opened by 1204@U111533

[2021-10-19 10:08:59 #2 type.registry] 
New type domain.Question

[2021-10-19 10:08:59 #3 type] 
Type domain.Question is not enhanced.

[2021-10-19 10:08:59 #4 type.registry] 
New type domain.Event

[2021-10-19 10:08:59 #5 type.registry] 
New type domain.Pronostico

[2021-10-19 10:08:59 #6 type.registry] 
New type java.util.ArrayList<domain.Pronostico>

[2021-10-19 10:08:59 #7 type] 
Type domain.Event is not enhanced.

[2021-10-19 10:08:59 #8 type.registry] 
New type java.util.Vector<domain.Question>

[2021-10-19 10:08:59 #9 type] 
Type domain.Pronostico is not enhanced.

[2021-10-19 10:08:59 #10 type.registry] 
New type domain.Apostua

[2021-10-19 10:08:59 #11 type.registry] 
New type java.util.ArrayList<domain.Apostua>

[2021-10-19 10:08:59 #12 type] 
Type domain.Apostua is not enhanced.

[2021-10-19 10:08:59 #13 type.registry] 
New type domain.User

[2021-10-19 10:08:59 #14 type.registry] 
New type domain.RegisteredUser

[2021-10-19 10:08:59 #15 type] 
Type domain.User is not enhanced.

[2021-10-19 10:08:59 #16 type] 
Type domain.RegisteredUser is not enhanced.

[2021-10-19 10:08:59 #17 type.registry] 
New type java.util.Vector<domain.RegisteredUser>

[2021-10-19 10:08:59 #18 type.registry] 
New type java.util.Vector<java.lang.Double>

[2021-10-19 10:08:59 #19 type.registry] 
New type java.util.ArrayList<java.lang.Object>

[2021-10-19 10:08:59 #20 type.registry] 
New type java.util.Vector<java.lang.Object>

------------------------------------------------------------------------------------------------------------------------

[2021-10-19 10:17:26 #1 store] 
Database 'C:\Users\ehu\Documents\GitHub\Bets21ProbaProiek\src\main\resources\bets.temp' is opened by 17056@U111533

[2021-10-19 10:17:26 #2 type.registry] 
New type domain.Question

[2021-10-19 10:17:26 #3 type] 
Type domain.Question is not enhanced.

[2021-10-19 10:17:26 #4 type.registry] 
New type domain.Event

[2021-10-19 10:17:26 #5 type.registry] 
New type domain.Pronostico

[2021-10-19 10:17:26 #6 type.registry] 
New type java.util.ArrayList<domain.Pronostico>

[2021-10-19 10:17:26 #7 type] 
Type domain.Event is not enhanced.

[2021-10-19 10:17:26 #8 type.registry] 
New type java.util.Vector<domain.Question>

[2021-10-19 10:17:26 #9 type] 
Type domain.Pronostico is not enhanced.

[2021-10-19 10:17:26 #10 type.registry] 
New type domain.Apostua

[2021-10-19 10:17:26 #11 type.registry] 
New type java.util.ArrayList<domain.Apostua>

[2021-10-19 10:17:26 #12 type] 
Type domain.Apostua is not enhanced.

[2021-10-19 10:17:26 #13 type.registry] 
New type domain.User

[2021-10-19 10:17:26 #14 type.registry] 
New type domain.RegisteredUser

[2021-10-19 10:17:26 #15 type] 
Type domain.User is not enhanced.

[2021-10-19 10:17:26 #16 type] 
Type domain.RegisteredUser is not enhanced.

[2021-10-19 10:17:26 #17 type.registry] 
New type java.util.Vector<domain.RegisteredUser>

[2021-10-19 10:17:26 #18 type.registry] 
New type java.util.Vector<java.lang.Double>

[2021-10-19 10:17:26 #19 type.registry] 
New type java.util.ArrayList<java.lang.Object>

[2021-10-19 10:17:26 #20 type.registry] 
New type java.util.Vector<java.lang.Object>

------------------------------------------------------------------------------------------------------------------------

[2021-10-19 10:18:06 #1 store] 
Database 'C:\Users\ehu\Documents\GitHub\Bets21ProbaProiek\src\main\resources\bets.temp' is opened by 7764@U111533

[2021-10-19 10:18:06 #2 type.registry] 
New type domain.Question

[2021-10-19 10:18:06 #3 type] 
Type domain.Question is not enhanced.

[2021-10-19 10:18:06 #4 type.registry] 
New type domain.Event

[2021-10-19 10:18:06 #5 type.registry] 
New type domain.Pronostico

[2021-10-19 10:18:06 #6 type.registry] 
New type java.util.ArrayList<domain.Pronostico>

[2021-10-19 10:18:06 #7 type] 
Type domain.Event is not enhanced.

[2021-10-19 10:18:06 #8 type.registry] 
New type java.util.Vector<domain.Question>

[2021-10-19 10:18:06 #9 type] 
Type domain.Pronostico is not enhanced.

[2021-10-19 10:18:06 #10 type.registry] 
New type domain.Apostua

[2021-10-19 10:18:06 #11 type.registry] 
New type java.util.ArrayList<domain.Apostua>

[2021-10-19 10:18:06 #12 type] 
Type domain.Apostua is not enhanced.

[2021-10-19 10:18:06 #13 type.registry] 
New type domain.User

[2021-10-19 10:18:06 #14 type.registry] 
New type domain.RegisteredUser

[2021-10-19 10:18:06 #15 type] 
Type domain.User is not enhanced.

[2021-10-19 10:18:06 #16 type] 
Type domain.RegisteredUser is not enhanced.

[2021-10-19 10:18:06 #17 type.registry] 
New type java.util.Vector<domain.RegisteredUser>

[2021-10-19 10:18:06 #18 type.registry] 
New type java.util.Vector<java.lang.Double>

[2021-10-19 10:18:06 #19 type.registry] 
New type java.util.ArrayList<java.lang.Object>

[2021-10-19 10:18:06 #20 type.registry] 
New type java.util.Vector<java.lang.Object>

------------------------------------------------------------------------------------------------------------------------

[2021-10-19 10:18:14 #1 store] 
Database 'C:\Users\ehu\Documents\GitHub\Bets21ProbaProiek\src\main\resources\bets.temp' is opened by 14900@U111533

[2021-10-19 10:18:14 #2 type.registry] 
New type domain.Question

[2021-10-19 10:18:14 #3 type] 
Type domain.Question is not enhanced.

[2021-10-19 10:18:14 #4 type.registry] 
New type domain.Event

[2021-10-19 10:18:14 #5 type.registry] 
New type domain.Pronostico

[2021-10-19 10:18:14 #6 type.registry] 
New type java.util.ArrayList<domain.Pronostico>

[2021-10-19 10:18:14 #7 type] 
Type domain.Event is not enhanced.

[2021-10-19 10:18:14 #8 type.registry] 
New type java.util.Vector<domain.Question>

[2021-10-19 10:18:14 #9 type] 
Type domain.Pronostico is not enhanced.

[2021-10-19 10:18:14 #10 type.registry] 
New type domain.Apostua

[2021-10-19 10:18:14 #11 type.registry] 
New type java.util.ArrayList<domain.Apostua>

[2021-10-19 10:18:14 #12 type] 
Type domain.Apostua is not enhanced.

[2021-10-19 10:18:14 #13 type.registry] 
New type domain.User

[2021-10-19 10:18:14 #14 type.registry] 
New type domain.RegisteredUser

[2021-10-19 10:18:14 #15 type] 
Type domain.User is not enhanced.

[2021-10-19 10:18:14 #16 type] 
Type domain.RegisteredUser is not enhanced.

[2021-10-19 10:18:14 #17 type.registry] 
New type java.util.Vector<domain.RegisteredUser>

[2021-10-19 10:18:14 #18 type.registry] 
New type java.util.Vector<java.lang.Double>

[2021-10-19 10:18:14 #19 type.registry] 
New type java.util.ArrayList<java.lang.Object>

[2021-10-19 10:18:14 #20 type.registry] 
New type java.util.Vector<java.lang.Object>

------------------------------------------------------------------------------------------------------------------------

[2021-10-19 10:19:29 #1 store] 
Database 'C:\Users\ehu\Documents\GitHub\Bets21ProbaProiek\src\main\resources\bets.temp' is opened by 1204@U111533

[2021-10-19 10:19:29 #2 type.registry] 
New type domain.Question

[2021-10-19 10:19:29 #3 type] 
Type domain.Question is not enhanced.

[2021-10-19 10:19:29 #4 type.registry] 
New type domain.Event

[2021-10-19 10:19:29 #5 type.registry] 
New type domain.Pronostico

[2021-10-19 10:19:29 #6 type.registry] 
New type java.util.ArrayList<domain.Pronostico>

[2021-10-19 10:19:29 #7 type] 
Type domain.Event is not enhanced.

[2021-10-19 10:19:29 #8 type.registry] 
New type java.util.Vector<domain.Question>

[2021-10-19 10:19:29 #9 type] 
Type domain.Pronostico is not enhanced.

[2021-10-19 10:19:29 #10 type.registry] 
New type domain.Apostua

[2021-10-19 10:19:29 #11 type.registry] 
New type java.util.ArrayList<domain.Apostua>

[2021-10-19 10:19:29 #12 type] 
Type domain.Apostua is not enhanced.

[2021-10-19 10:19:29 #13 type.registry] 
New type domain.User

[2021-10-19 10:19:29 #14 type.registry] 
New type domain.RegisteredUser

[2021-10-19 10:19:29 #15 type] 
Type domain.User is not enhanced.

[2021-10-19 10:19:29 #16 type] 
Type domain.RegisteredUser is not enhanced.

[2021-10-19 10:19:29 #17 type.registry] 
New type java.util.Vector<domain.RegisteredUser>

[2021-10-19 10:19:29 #18 type.registry] 
New type java.util.Vector<java.lang.Double>

[2021-10-19 10:19:29 #19 type.registry] 
New type java.util.ArrayList<java.lang.Object>

[2021-10-19 10:19:29 #20 type.registry] 
New type java.util.Vector<java.lang.Object>

------------------------------------------------------------------------------------------------------------------------

[2021-10-19 10:23:16 #1 store] 
Database 'C:\Users\ehu\Documents\GitHub\Bets21ProbaProiek\src\main\resources\bets.temp' is opened by 3476@U111533

[2021-10-19 10:23:16 #2 type.registry] 
New type domain.User

[2021-10-19 10:23:16 #3 type.registry] 
New type domain.RegisteredUser

[2021-10-19 10:23:16 #4 type] 
Type domain.User is not enhanced.

[2021-10-19 10:23:16 #5 type] 
Type domain.RegisteredUser is not enhanced.

[2021-10-19 10:23:16 #6 type.registry] 
New type domain.Apostua

[2021-10-19 10:23:16 #7 type.registry] 
New type java.util.ArrayList<domain.Apostua>

[2021-10-19 10:23:16 #8 type.registry] 
New type java.util.Vector<domain.RegisteredUser>

[2021-10-19 10:23:16 #9 type.registry] 
New type java.util.Vector<java.lang.Double>

[2021-10-19 10:23:16 #10 type] 
Type domain.Apostua is not enhanced.

[2021-10-19 10:23:16 #11 type.registry] 
New type domain.Pronostico

[2021-10-19 10:23:16 #12 type.registry] 
New type java.util.ArrayList<domain.Pronostico>

[2021-10-19 10:23:16 #13 type] 
Type domain.Pronostico is not enhanced.

[2021-10-19 10:23:16 #14 type.registry] 
New type domain.Question

[2021-10-19 10:23:16 #15 type] 
Type domain.Question is not enhanced.

[2021-10-19 10:23:16 #16 type.registry] 
New type domain.Event

[2021-10-19 10:23:16 #17 type] 
Type domain.Event is not enhanced.

[2021-10-19 10:23:16 #18 type.registry] 
New type java.util.Vector<domain.Question>

[2021-10-19 10:23:16 #19 type.registry] 
New type java.util.Vector<java.lang.Object>

[2021-10-19 10:23:16 #20 type.registry] 
New type java.util.ArrayList<java.lang.Object>

[2021-10-19 10:23:16 #21 type.registry] 
New type domain.Worker

[2021-10-19 10:23:16 #22 type] 
Type domain.Worker is not enhanced.

[2021-10-19 10:23:16 #23 type.registry] 
New type domain.Admin

[2021-10-19 10:23:16 #24 type] 
Type domain.Admin is not enhanced.

------------------------------------------------------------------------------------------------------------------------

[2021-10-19 10:23:42 #1 store] 
Database 'C:\Users\ehu\Documents\GitHub\Bets21ProbaProiek\src\main\resources\bets.temp' is opened by 10876@U111533

[2021-10-19 10:23:42 #2 type.registry] 
New type domain.Question

[2021-10-19 10:23:42 #3 type] 
Type domain.Question is not enhanced.

[2021-10-19 10:23:42 #4 type.registry] 
New type domain.Event

[2021-10-19 10:23:42 #5 type.registry] 
New type domain.Pronostico

[2021-10-19 10:23:42 #6 type.registry] 
New type java.util.ArrayList<domain.Pronostico>

[2021-10-19 10:23:42 #7 type] 
Type domain.Event is not enhanced.

[2021-10-19 10:23:42 #8 type.registry] 
New type java.util.Vector<domain.Question>

[2021-10-19 10:23:42 #9 type] 
Type domain.Pronostico is not enhanced.

[2021-10-19 10:23:42 #10 type.registry] 
New type domain.Apostua

[2021-10-19 10:23:42 #11 type.registry] 
New type java.util.ArrayList<domain.Apostua>

[2021-10-19 10:23:42 #12 type] 
Type domain.Apostua is not enhanced.

[2021-10-19 10:23:42 #13 type.registry] 
New type domain.User

[2021-10-19 10:23:42 #14 type.registry] 
New type domain.RegisteredUser

[2021-10-19 10:23:42 #15 type] 
Type domain.User is not enhanced.

[2021-10-19 10:23:42 #16 type] 
Type domain.RegisteredUser is not enhanced.

[2021-10-19 10:23:42 #17 type.registry] 
New type java.util.Vector<domain.RegisteredUser>

[2021-10-19 10:23:42 #18 type.registry] 
New type java.util.Vector<java.lang.Double>

[2021-10-19 10:23:42 #19 type.registry] 
New type java.util.ArrayList<java.lang.Object>

[2021-10-19 10:23:42 #20 type.registry] 
New type java.util.Vector<java.lang.Object>

------------------------------------------------------------------------------------------------------------------------

[2021-10-19 10:26:50 #1 store] 
Database 'C:\Users\ehu\Documents\GitHub\Bets21ProbaProiek\src\main\resources\bets.temp' is opened by 11660@U111533

[2021-10-19 10:26:51 #2 type.registry] 
New type domain.Question

[2021-10-19 10:26:51 #3 type] 
Type domain.Question is not enhanced.

[2021-10-19 10:26:51 #4 type.registry] 
New type domain.Event

[2021-10-19 10:26:51 #5 type.registry] 
New type domain.Pronostico

[2021-10-19 10:26:51 #6 type.registry] 
New type java.util.ArrayList<domain.Pronostico>

[2021-10-19 10:26:51 #7 type] 
Type domain.Event is not enhanced.

[2021-10-19 10:26:51 #8 type.registry] 
New type java.util.Vector<domain.Question>

[2021-10-19 10:26:51 #9 type] 
Type domain.Pronostico is not enhanced.

[2021-10-19 10:26:51 #10 type.registry] 
New type domain.Apostua

[2021-10-19 10:26:51 #11 type.registry] 
New type java.util.ArrayList<domain.Apostua>

[2021-10-19 10:26:51 #12 type] 
Type domain.Apostua is not enhanced.

[2021-10-19 10:26:51 #13 type.registry] 
New type domain.User

[2021-10-19 10:26:51 #14 type.registry] 
New type domain.RegisteredUser

[2021-10-19 10:26:51 #15 type] 
Type domain.User is not enhanced.

[2021-10-19 10:26:51 #16 type] 
Type domain.RegisteredUser is not enhanced.

[2021-10-19 10:26:51 #17 type.registry] 
New type java.util.Vector<domain.RegisteredUser>

[2021-10-19 10:26:51 #18 type.registry] 
New type java.util.Vector<java.lang.Double>

[2021-10-19 10:26:51 #19 type.registry] 
New type java.util.ArrayList<java.lang.Object>

[2021-10-19 10:26:51 #20 type.registry] 
New type java.util.Vector<java.lang.Object>

