------------------------------------------------------------------------------------------------------------------------

[2021-11-14 17:14:49 #1 store] 
Database 'C:\Users\PC\Documents\GitHub\Bets21ProbaProiek\src\main\resources\bets.temp' has been recovered (tr. 1-7)

[2021-11-14 17:14:49 #2 store] 
Database 'C:\Users\PC\Documents\GitHub\Bets21ProbaProiek\src\main\resources\bets.temp' is opened by 1896@DESKTOP-Q82HHB5

[2021-11-14 17:14:49 #3 type] 
Type domain.Pronostico is not enhanced.

[2021-11-14 17:14:49 #4 type] 
Type domain.Apostua is not enhanced.

[2021-11-14 17:14:49 #5 type] 
Type domain.Question is not enhanced.

[2021-11-14 17:14:49 #6 type] 
Type domain.User is not enhanced.

[2021-11-14 17:14:49 #7 type] 
Type domain.RegisteredUser is not enhanced.

[2021-11-14 17:14:49 #8 type] 
Type domain.Event is not enhanced.

[2021-11-14 17:14:49 #9 type] 
Type domain.Admin is not enhanced.

------------------------------------------------------------------------------------------------------------------------

[2021-11-14 17:15:28 #1 store] 
Database 'C:\Users\PC\Documents\GitHub\Bets21ProbaProiek\src\main\resources\bets.temp' is opened by 856@DESKTOP-Q82HHB5

[2021-11-14 17:15:28 #2 type] 
Type domain.Pronostico is not enhanced.

[2021-11-14 17:15:28 #3 type] 
Type domain.Apostua is not enhanced.

[2021-11-14 17:15:28 #4 type] 
Type domain.Question is not enhanced.

[2021-11-14 17:15:28 #5 type] 
Type domain.User is not enhanced.

[2021-11-14 17:15:28 #6 type] 
Type domain.RegisteredUser is not enhanced.

[2021-11-14 17:15:28 #7 type] 
Type domain.Event is not enhanced.

[2021-11-14 17:15:28 #8 type] 
Type domain.Admin is not enhanced.

------------------------------------------------------------------------------------------------------------------------

[2021-11-14 17:18:09 #1 store] 
Database 'C:\Users\PC\Documents\GitHub\Bets21ProbaProiek\src\main\resources\bets.temp' is opened by 8908@DESKTOP-Q82HHB5

[2021-11-14 17:18:10 #2 type] 
Type domain.Pronostico is not enhanced.

[2021-11-14 17:18:10 #3 type] 
Type domain.Apostua is not enhanced.

[2021-11-14 17:18:10 #4 type] 
Type domain.Question is not enhanced.

[2021-11-14 17:18:10 #5 type] 
Type domain.User is not enhanced.

[2021-11-14 17:18:10 #6 type] 
Type domain.RegisteredUser is not enhanced.

[2021-11-14 17:18:10 #7 type] 
Type domain.Event is not enhanced.

[2021-11-14 17:18:10 #8 type] 
Type domain.Admin is not enhanced.

------------------------------------------------------------------------------------------------------------------------

[2021-11-14 17:20:22 #1 store] 
Database 'C:\Users\PC\Documents\GitHub\Bets21ProbaProiek\src\main\resources\bets.temp' is opened by 5860@DESKTOP-Q82HHB5

[2021-11-14 17:20:22 #2 type.registry] 
New type domain.Pronostico

[2021-11-14 17:20:22 #3 type] 
Type domain.Pronostico is not enhanced.

[2021-11-14 17:20:22 #4 type.registry] 
New type domain.Apostua

[2021-11-14 17:20:22 #5 type.registry] 
New type java.util.ArrayList<domain.Apostua>

[2021-11-14 17:20:22 #6 type.registry] 
New type domain.Question

[2021-11-14 17:20:22 #7 type] 
Type domain.Apostua is not enhanced.

[2021-11-14 17:20:22 #8 type.registry] 
New type java.util.ArrayList<domain.Pronostico>

[2021-11-14 17:20:22 #9 type.registry] 
New type domain.User

[2021-11-14 17:20:22 #10 type.registry] 
New type domain.RegisteredUser

[2021-11-14 17:20:22 #11 type] 
Type domain.Question is not enhanced.

[2021-11-14 17:20:22 #12 type.registry] 
New type domain.Event

[2021-11-14 17:20:22 #13 type] 
Type domain.User is not enhanced.

[2021-11-14 17:20:22 #14 type] 
Type domain.RegisteredUser is not enhanced.

[2021-11-14 17:20:22 #15 type.registry] 
New type java.util.Vector<domain.RegisteredUser>

[2021-11-14 17:20:22 #16 type.registry] 
New type java.util.Vector<java.lang.Double>

[2021-11-14 17:20:22 #17 type] 
Type domain.Event is not enhanced.

[2021-11-14 17:20:22 #18 type.registry] 
New type java.util.Vector<domain.Question>

[2021-11-14 17:20:22 #19 type.registry] 
New type domain.Admin

[2021-11-14 17:20:22 #20 type] 
Type domain.Admin is not enhanced.

[2021-11-14 17:20:22 #21 type.registry] 
New type java.util.Vector<java.lang.Object>

[2021-11-14 17:20:22 #22 type.registry] 
New type java.util.ArrayList<java.lang.Object>

------------------------------------------------------------------------------------------------------------------------

[2021-11-14 17:21:09 #1 store] 
Database 'C:\Users\PC\Documents\GitHub\Bets21ProbaProiek\src\main\resources\bets.temp' is opened by 1152@DESKTOP-Q82HHB5

[2021-11-14 17:21:09 #2 type.registry] 
New type domain.Pronostico

[2021-11-14 17:21:09 #3 type] 
Type domain.Pronostico is not enhanced.

[2021-11-14 17:21:09 #4 type.registry] 
New type domain.Apostua

[2021-11-14 17:21:09 #5 type.registry] 
New type java.util.ArrayList<domain.Apostua>

[2021-11-14 17:21:09 #6 type.registry] 
New type domain.Question

[2021-11-14 17:21:09 #7 type] 
Type domain.Apostua is not enhanced.

[2021-11-14 17:21:09 #8 type.registry] 
New type java.util.ArrayList<domain.Pronostico>

[2021-11-14 17:21:09 #9 type.registry] 
New type domain.User

[2021-11-14 17:21:09 #10 type.registry] 
New type domain.RegisteredUser

[2021-11-14 17:21:09 #11 type] 
Type domain.Question is not enhanced.

[2021-11-14 17:21:09 #12 type.registry] 
New type domain.Event

[2021-11-14 17:21:09 #13 type] 
Type domain.User is not enhanced.

[2021-11-14 17:21:09 #14 type] 
Type domain.RegisteredUser is not enhanced.

[2021-11-14 17:21:09 #15 type.registry] 
New type java.util.Vector<domain.RegisteredUser>

[2021-11-14 17:21:09 #16 type.registry] 
New type java.util.Vector<java.lang.Double>

[2021-11-14 17:21:09 #17 type] 
Type domain.Event is not enhanced.

[2021-11-14 17:21:09 #18 type.registry] 
New type java.util.Vector<domain.Question>

[2021-11-14 17:21:09 #19 type.registry] 
New type domain.Admin

[2021-11-14 17:21:09 #20 type] 
Type domain.Admin is not enhanced.

[2021-11-14 17:21:09 #21 type.registry] 
New type java.util.Vector<java.lang.Object>

[2021-11-14 17:21:09 #22 type.registry] 
New type java.util.ArrayList<java.lang.Object>

------------------------------------------------------------------------------------------------------------------------

[2021-11-14 17:21:33 #1 store] 
Database 'C:\Users\PC\Documents\GitHub\Bets21ProbaProiek\src\main\resources\bets.temp' is opened by 3368@DESKTOP-Q82HHB5

[2021-11-14 17:21:33 #2 type.registry] 
New type domain.Pronostico

[2021-11-14 17:21:33 #3 type] 
Type domain.Pronostico is not enhanced.

[2021-11-14 17:21:33 #4 type.registry] 
New type domain.Apostua

[2021-11-14 17:21:33 #5 type.registry] 
New type java.util.ArrayList<domain.Apostua>

[2021-11-14 17:21:33 #6 type.registry] 
New type domain.Question

[2021-11-14 17:21:33 #7 type] 
Type domain.Apostua is not enhanced.

[2021-11-14 17:21:33 #8 type.registry] 
New type java.util.ArrayList<domain.Pronostico>

[2021-11-14 17:21:33 #9 type.registry] 
New type domain.User

[2021-11-14 17:21:33 #10 type.registry] 
New type domain.RegisteredUser

[2021-11-14 17:21:33 #11 type] 
Type domain.Question is not enhanced.

[2021-11-14 17:21:33 #12 type.registry] 
New type domain.Event

[2021-11-14 17:21:33 #13 type] 
Type domain.User is not enhanced.

[2021-11-14 17:21:33 #14 type] 
Type domain.RegisteredUser is not enhanced.

[2021-11-14 17:21:33 #15 type.registry] 
New type java.util.Vector<domain.RegisteredUser>

[2021-11-14 17:21:33 #16 type.registry] 
New type java.util.Vector<java.lang.Double>

[2021-11-14 17:21:33 #17 type] 
Type domain.Event is not enhanced.

[2021-11-14 17:21:33 #18 type.registry] 
New type java.util.Vector<domain.Question>

[2021-11-14 17:21:33 #19 type.registry] 
New type domain.Admin

[2021-11-14 17:21:33 #20 type] 
Type domain.Admin is not enhanced.

[2021-11-14 17:21:33 #21 type.registry] 
New type java.util.Vector<java.lang.Object>

[2021-11-14 17:21:33 #22 type.registry] 
New type java.util.ArrayList<java.lang.Object>

------------------------------------------------------------------------------------------------------------------------

[2021-11-14 17:21:48 #1 store] 
Database 'C:\Users\PC\Documents\GitHub\Bets21ProbaProiek\src\main\resources\bets.temp' is opened by 10840@DESKTOP-Q82HHB5

[2021-11-14 17:21:48 #2 type.registry] 
New type domain.Pronostico

[2021-11-14 17:21:48 #3 type] 
Type domain.Pronostico is not enhanced.

[2021-11-14 17:21:48 #4 type.registry] 
New type domain.Apostua

[2021-11-14 17:21:48 #5 type.registry] 
New type java.util.ArrayList<domain.Apostua>

[2021-11-14 17:21:48 #6 type.registry] 
New type domain.Question

[2021-11-14 17:21:48 #7 type] 
Type domain.Apostua is not enhanced.

[2021-11-14 17:21:48 #8 type.registry] 
New type java.util.ArrayList<domain.Pronostico>

[2021-11-14 17:21:48 #9 type.registry] 
New type domain.User

[2021-11-14 17:21:48 #10 type.registry] 
New type domain.RegisteredUser

[2021-11-14 17:21:48 #11 type] 
Type domain.Question is not enhanced.

[2021-11-14 17:21:48 #12 type.registry] 
New type domain.Event

[2021-11-14 17:21:48 #13 type] 
Type domain.User is not enhanced.

[2021-11-14 17:21:48 #14 type] 
Type domain.RegisteredUser is not enhanced.

[2021-11-14 17:21:48 #15 type.registry] 
New type java.util.Vector<domain.RegisteredUser>

[2021-11-14 17:21:48 #16 type.registry] 
New type java.util.Vector<java.lang.Double>

[2021-11-14 17:21:48 #17 type] 
Type domain.Event is not enhanced.

[2021-11-14 17:21:48 #18 type.registry] 
New type java.util.Vector<domain.Question>

[2021-11-14 17:21:48 #19 type.registry] 
New type domain.Admin

[2021-11-14 17:21:48 #20 type] 
Type domain.Admin is not enhanced.

[2021-11-14 17:21:48 #21 type.registry] 
New type java.util.Vector<java.lang.Object>

[2021-11-14 17:21:48 #22 type.registry] 
New type java.util.ArrayList<java.lang.Object>

------------------------------------------------------------------------------------------------------------------------

[2021-11-14 17:22:56 #1 store] 
Database 'C:\Users\PC\Documents\GitHub\Bets21ProbaProiek\src\main\resources\bets.temp' is opened by 12784@DESKTOP-Q82HHB5

[2021-11-14 17:22:56 #2 type.registry] 
New type domain.Pronostico

[2021-11-14 17:22:56 #3 type] 
Type domain.Pronostico is not enhanced.

[2021-11-14 17:22:56 #4 type.registry] 
New type domain.Apostua

[2021-11-14 17:22:56 #5 type.registry] 
New type java.util.ArrayList<domain.Apostua>

[2021-11-14 17:22:56 #6 type.registry] 
New type domain.Question

[2021-11-14 17:22:56 #7 type] 
Type domain.Apostua is not enhanced.

[2021-11-14 17:22:56 #8 type.registry] 
New type java.util.ArrayList<domain.Pronostico>

[2021-11-14 17:22:56 #9 type.registry] 
New type domain.User

[2021-11-14 17:22:56 #10 type.registry] 
New type domain.RegisteredUser

[2021-11-14 17:22:56 #11 type] 
Type domain.Question is not enhanced.

[2021-11-14 17:22:56 #12 type.registry] 
New type domain.Event

[2021-11-14 17:22:56 #13 type] 
Type domain.User is not enhanced.

[2021-11-14 17:22:56 #14 type] 
Type domain.RegisteredUser is not enhanced.

[2021-11-14 17:22:56 #15 type.registry] 
New type java.util.Vector<domain.RegisteredUser>

[2021-11-14 17:22:56 #16 type.registry] 
New type java.util.Vector<java.lang.Double>

[2021-11-14 17:22:56 #17 type] 
Type domain.Event is not enhanced.

[2021-11-14 17:22:56 #18 type.registry] 
New type java.util.Vector<domain.Question>

[2021-11-14 17:22:56 #19 type.registry] 
New type domain.Admin

[2021-11-14 17:22:56 #20 type] 
Type domain.Admin is not enhanced.

[2021-11-14 17:22:56 #21 type.registry] 
New type java.util.Vector<java.lang.Object>

[2021-11-14 17:22:56 #22 type.registry] 
New type java.util.ArrayList<java.lang.Object>

------------------------------------------------------------------------------------------------------------------------

[2021-11-14 17:25:11 #1 store] 
Database 'C:\Users\PC\Documents\GitHub\Bets21ProbaProiek\src\main\resources\bets.temp' is opened by 5812@DESKTOP-Q82HHB5

[2021-11-14 17:25:11 #2 type.registry] 
New type domain.Pronostico

[2021-11-14 17:25:11 #3 type] 
Type domain.Pronostico is not enhanced.

[2021-11-14 17:25:11 #4 type.registry] 
New type domain.Apostua

[2021-11-14 17:25:11 #5 type.registry] 
New type java.util.ArrayList<domain.Apostua>

[2021-11-14 17:25:11 #6 type.registry] 
New type domain.Question

[2021-11-14 17:25:11 #7 type] 
Type domain.Apostua is not enhanced.

[2021-11-14 17:25:11 #8 type.registry] 
New type java.util.ArrayList<domain.Pronostico>

[2021-11-14 17:25:11 #9 type.registry] 
New type domain.User

[2021-11-14 17:25:11 #10 type.registry] 
New type domain.RegisteredUser

[2021-11-14 17:25:11 #11 type] 
Type domain.Question is not enhanced.

[2021-11-14 17:25:11 #12 type.registry] 
New type domain.Event

[2021-11-14 17:25:11 #13 type] 
Type domain.User is not enhanced.

[2021-11-14 17:25:11 #14 type] 
Type domain.RegisteredUser is not enhanced.

[2021-11-14 17:25:11 #15 type.registry] 
New type java.util.Vector<domain.RegisteredUser>

[2021-11-14 17:25:11 #16 type.registry] 
New type java.util.Vector<java.lang.Double>

[2021-11-14 17:25:11 #17 type] 
Type domain.Event is not enhanced.

[2021-11-14 17:25:11 #18 type.registry] 
New type java.util.Vector<domain.Question>

[2021-11-14 17:25:11 #19 type.registry] 
New type domain.Admin

[2021-11-14 17:25:11 #20 type] 
Type domain.Admin is not enhanced.

[2021-11-14 17:25:11 #21 type.registry] 
New type java.util.Vector<java.lang.Object>

[2021-11-14 17:25:11 #22 type.registry] 
New type java.util.ArrayList<java.lang.Object>

------------------------------------------------------------------------------------------------------------------------

[2021-11-14 17:26:29 #1 store] 
Database 'C:\Users\PC\Documents\GitHub\Bets21ProbaProiek\src\main\resources\bets.temp' is opened by 7944@DESKTOP-Q82HHB5

[2021-11-14 17:26:29 #2 type.registry] 
New type domain.Pronostico

[2021-11-14 17:26:29 #3 type] 
Type domain.Pronostico is not enhanced.

[2021-11-14 17:26:29 #4 type.registry] 
New type domain.Apostua

[2021-11-14 17:26:29 #5 type.registry] 
New type java.util.ArrayList<domain.Apostua>

[2021-11-14 17:26:29 #6 type.registry] 
New type domain.Question

[2021-11-14 17:26:29 #7 type] 
Type domain.Apostua is not enhanced.

[2021-11-14 17:26:29 #8 type.registry] 
New type java.util.ArrayList<domain.Pronostico>

[2021-11-14 17:26:29 #9 type.registry] 
New type domain.User

[2021-11-14 17:26:29 #10 type.registry] 
New type domain.RegisteredUser

[2021-11-14 17:26:29 #11 type] 
Type domain.Question is not enhanced.

[2021-11-14 17:26:29 #12 type.registry] 
New type domain.Event

[2021-11-14 17:26:29 #13 type] 
Type domain.User is not enhanced.

[2021-11-14 17:26:29 #14 type] 
Type domain.RegisteredUser is not enhanced.

[2021-11-14 17:26:29 #15 type.registry] 
New type java.util.Vector<domain.RegisteredUser>

[2021-11-14 17:26:29 #16 type.registry] 
New type java.util.Vector<java.lang.Double>

[2021-11-14 17:26:29 #17 type] 
Type domain.Event is not enhanced.

[2021-11-14 17:26:29 #18 type.registry] 
New type java.util.Vector<domain.Question>

[2021-11-14 17:26:29 #19 type.registry] 
New type domain.Admin

[2021-11-14 17:26:29 #20 type] 
Type domain.Admin is not enhanced.

[2021-11-14 17:26:29 #21 type.registry] 
New type java.util.Vector<java.lang.Object>

[2021-11-14 17:26:29 #22 type.registry] 
New type java.util.ArrayList<java.lang.Object>

