------------------------------------------------------------------------------------------------------------------------

[2021-10-02 11:30:28 #1 store] 
Database 'C:\Users\bsara\Documents\GitHub\Bets21ProbaProiek\src\main\resources\bets.temp' is opened by 16732@LAPTOP-APEB7RIS

[2021-10-02 11:30:29 #2 type.registry] 
New type domain.User

[2021-10-02 11:30:29 #3 type.registry] 
New type domain.RegisteredUser

[2021-10-02 11:30:29 #4 type] 
Type domain.User is not enhanced.

[2021-10-02 11:30:29 #5 type] 
Type domain.RegisteredUser is not enhanced.

[2021-10-02 11:30:29 #6 type.registry] 
New type domain.Apostua

[2021-10-02 11:30:29 #7 type.registry] 
New type java.util.ArrayList<domain.Apostua>

[2021-10-02 11:30:29 #8 type.registry] 
New type java.util.Vector<domain.RegisteredUser>

[2021-10-02 11:30:29 #9 type.registry] 
New type java.util.Vector<java.lang.Double>

[2021-10-02 11:30:29 #10 type] 
Type domain.Apostua is not enhanced.

[2021-10-02 11:30:29 #11 type.registry] 
New type domain.Pronostico

[2021-10-02 11:30:29 #12 type.registry] 
New type java.util.ArrayList<domain.Pronostico>

[2021-10-02 11:30:29 #13 type] 
Type domain.Pronostico is not enhanced.

[2021-10-02 11:30:29 #14 type.registry] 
New type domain.Question

[2021-10-02 11:30:29 #15 type] 
Type domain.Question is not enhanced.

[2021-10-02 11:30:29 #16 type.registry] 
New type domain.Event

[2021-10-02 11:30:29 #17 type] 
Type domain.Event is not enhanced.

[2021-10-02 11:30:29 #18 type.registry] 
New type java.util.Vector<domain.Question>

[2021-10-02 11:30:29 #19 type.registry] 
New type java.util.Vector<java.lang.Object>

[2021-10-02 11:30:29 #20 type.registry] 
New type java.util.ArrayList<java.lang.Object>

------------------------------------------------------------------------------------------------------------------------

[2021-10-02 11:31:12 #1 store] 
Database 'C:\Users\bsara\Documents\GitHub\Bets21ProbaProiek\src\main\resources\bets.temp' is opened by 8560@LAPTOP-APEB7RIS

[2021-10-02 11:31:12 #2 type.registry] 
New type domain.User

[2021-10-02 11:31:12 #3 type.registry] 
New type domain.RegisteredUser

[2021-10-02 11:31:12 #4 type] 
Type domain.User is not enhanced.

[2021-10-02 11:31:12 #5 type] 
Type domain.RegisteredUser is not enhanced.

[2021-10-02 11:31:12 #6 type.registry] 
New type domain.Apostua

[2021-10-02 11:31:12 #7 type.registry] 
New type java.util.ArrayList<domain.Apostua>

[2021-10-02 11:31:12 #8 type.registry] 
New type java.util.Vector<domain.RegisteredUser>

[2021-10-02 11:31:12 #9 type.registry] 
New type java.util.Vector<java.lang.Double>

[2021-10-02 11:31:12 #10 type] 
Type domain.Apostua is not enhanced.

[2021-10-02 11:31:12 #11 type.registry] 
New type domain.Pronostico

[2021-10-02 11:31:12 #12 type.registry] 
New type java.util.ArrayList<domain.Pronostico>

[2021-10-02 11:31:12 #13 type] 
Type domain.Pronostico is not enhanced.

[2021-10-02 11:31:12 #14 type.registry] 
New type domain.Question

[2021-10-02 11:31:12 #15 type] 
Type domain.Question is not enhanced.

[2021-10-02 11:31:12 #16 type.registry] 
New type domain.Event

[2021-10-02 11:31:12 #17 type] 
Type domain.Event is not enhanced.

[2021-10-02 11:31:12 #18 type.registry] 
New type java.util.Vector<domain.Question>

[2021-10-02 11:31:12 #19 type.registry] 
New type java.util.Vector<java.lang.Object>

[2021-10-02 11:31:12 #20 type.registry] 
New type java.util.ArrayList<java.lang.Object>

------------------------------------------------------------------------------------------------------------------------

[2021-10-02 11:34:15 #1 store] 
Database 'C:\Users\bsara\Documents\GitHub\Bets21ProbaProiek\src\main\resources\bets.temp' is opened by 13812@LAPTOP-APEB7RIS

[2021-10-02 11:34:16 #2 type.registry] 
New type domain.User

[2021-10-02 11:34:16 #3 type.registry] 
New type domain.RegisteredUser

[2021-10-02 11:34:16 #4 type] 
Type domain.User is not enhanced.

[2021-10-02 11:34:16 #5 type] 
Type domain.RegisteredUser is not enhanced.

[2021-10-02 11:34:16 #6 type.registry] 
New type domain.Apostua

[2021-10-02 11:34:16 #7 type.registry] 
New type java.util.ArrayList<domain.Apostua>

[2021-10-02 11:34:16 #8 type.registry] 
New type java.util.Vector<domain.RegisteredUser>

[2021-10-02 11:34:16 #9 type.registry] 
New type java.util.Vector<java.lang.Double>

[2021-10-02 11:34:16 #10 type] 
Type domain.Apostua is not enhanced.

[2021-10-02 11:34:16 #11 type.registry] 
New type domain.Pronostico

[2021-10-02 11:34:16 #12 type.registry] 
New type java.util.ArrayList<domain.Pronostico>

[2021-10-02 11:34:16 #13 type] 
Type domain.Pronostico is not enhanced.

[2021-10-02 11:34:16 #14 type.registry] 
New type domain.Question

[2021-10-02 11:34:16 #15 type] 
Type domain.Question is not enhanced.

[2021-10-02 11:34:16 #16 type.registry] 
New type domain.Event

[2021-10-02 11:34:16 #17 type] 
Type domain.Event is not enhanced.

[2021-10-02 11:34:16 #18 type.registry] 
New type java.util.Vector<domain.Question>

[2021-10-02 11:34:16 #19 type.registry] 
New type java.util.Vector<java.lang.Object>

[2021-10-02 11:34:16 #20 type.registry] 
New type java.util.ArrayList<java.lang.Object>

------------------------------------------------------------------------------------------------------------------------

[2021-10-02 11:36:48 #1 store] 
Database 'C:\Users\bsara\Documents\GitHub\Bets21ProbaProiek\src\main\resources\bets.temp' is opened by 10064@LAPTOP-APEB7RIS

[2021-10-02 11:36:48 #2 type.registry] 
New type domain.Event

[2021-10-02 11:36:48 #3 type] 
Type domain.Event is not enhanced.

[2021-10-02 11:36:48 #4 type.registry] 
New type domain.Question

[2021-10-02 11:36:48 #5 type.registry] 
New type java.util.Vector<domain.Question>

[2021-10-02 11:36:48 #6 type] 
Type domain.Question is not enhanced.

[2021-10-02 11:36:48 #7 type.registry] 
New type domain.Pronostico

[2021-10-02 11:36:48 #8 type.registry] 
New type java.util.ArrayList<domain.Pronostico>

[2021-10-02 11:36:48 #9 type] 
Type domain.Pronostico is not enhanced.

[2021-10-02 11:36:48 #10 type.registry] 
New type domain.Apostua

[2021-10-02 11:36:48 #11 type.registry] 
New type java.util.ArrayList<domain.Apostua>

[2021-10-02 11:36:48 #12 type] 
Type domain.Apostua is not enhanced.

[2021-10-02 11:36:48 #13 type.registry] 
New type domain.User

[2021-10-02 11:36:48 #14 type.registry] 
New type domain.RegisteredUser

[2021-10-02 11:36:48 #15 type] 
Type domain.User is not enhanced.

[2021-10-02 11:36:48 #16 type] 
Type domain.RegisteredUser is not enhanced.

[2021-10-02 11:36:48 #17 type.registry] 
New type java.util.Vector<domain.RegisteredUser>

[2021-10-02 11:36:48 #18 type.registry] 
New type java.util.Vector<java.lang.Double>

[2021-10-02 11:36:48 #19 type.registry] 
New type java.util.Vector<java.lang.Object>

[2021-10-02 11:36:48 #20 type.registry] 
New type java.util.ArrayList<java.lang.Object>

------------------------------------------------------------------------------------------------------------------------

[2021-10-02 11:37:40 #1 store] 
Database 'C:\Users\bsara\Documents\GitHub\Bets21ProbaProiek\src\main\resources\bets.temp' is opened by 16644@LAPTOP-APEB7RIS

[2021-10-02 11:37:40 #2 type.registry] 
New type domain.User

[2021-10-02 11:37:40 #3 type.registry] 
New type domain.RegisteredUser

[2021-10-02 11:37:40 #4 type] 
Type domain.User is not enhanced.

[2021-10-02 11:37:40 #5 type] 
Type domain.RegisteredUser is not enhanced.

[2021-10-02 11:37:40 #6 type.registry] 
New type domain.Apostua

[2021-10-02 11:37:40 #7 type.registry] 
New type java.util.ArrayList<domain.Apostua>

[2021-10-02 11:37:40 #8 type.registry] 
New type java.util.Vector<domain.RegisteredUser>

[2021-10-02 11:37:40 #9 type.registry] 
New type java.util.Vector<java.lang.Double>

[2021-10-02 11:37:40 #10 type] 
Type domain.Apostua is not enhanced.

[2021-10-02 11:37:40 #11 type.registry] 
New type domain.Pronostico

[2021-10-02 11:37:40 #12 type.registry] 
New type java.util.ArrayList<domain.Pronostico>

[2021-10-02 11:37:40 #13 type] 
Type domain.Pronostico is not enhanced.

[2021-10-02 11:37:40 #14 type.registry] 
New type domain.Question

[2021-10-02 11:37:40 #15 type] 
Type domain.Question is not enhanced.

[2021-10-02 11:37:40 #16 type.registry] 
New type domain.Event

[2021-10-02 11:37:40 #17 type] 
Type domain.Event is not enhanced.

[2021-10-02 11:37:40 #18 type.registry] 
New type java.util.Vector<domain.Question>

[2021-10-02 11:37:40 #19 type.registry] 
New type java.util.Vector<java.lang.Object>

[2021-10-02 11:37:40 #20 type.registry] 
New type java.util.ArrayList<java.lang.Object>

------------------------------------------------------------------------------------------------------------------------

[2021-10-02 11:39:39 #1 store] 
Database 'C:\Users\bsara\Documents\GitHub\Bets21ProbaProiek\src\main\resources\bets.temp' is opened by 9084@LAPTOP-APEB7RIS

[2021-10-02 11:39:39 #2 type.registry] 
New type domain.User

[2021-10-02 11:39:39 #3 type.registry] 
New type domain.RegisteredUser

[2021-10-02 11:39:39 #4 type] 
Type domain.User is not enhanced.

[2021-10-02 11:39:39 #5 type] 
Type domain.RegisteredUser is not enhanced.

[2021-10-02 11:39:39 #6 type.registry] 
New type domain.Apostua

[2021-10-02 11:39:39 #7 type.registry] 
New type java.util.ArrayList<domain.Apostua>

[2021-10-02 11:39:39 #8 type.registry] 
New type java.util.Vector<domain.RegisteredUser>

[2021-10-02 11:39:39 #9 type.registry] 
New type java.util.Vector<java.lang.Double>

[2021-10-02 11:39:39 #10 type] 
Type domain.Apostua is not enhanced.

[2021-10-02 11:39:39 #11 type.registry] 
New type domain.Pronostico

[2021-10-02 11:39:39 #12 type.registry] 
New type java.util.ArrayList<domain.Pronostico>

[2021-10-02 11:39:39 #13 type] 
Type domain.Pronostico is not enhanced.

[2021-10-02 11:39:39 #14 type.registry] 
New type domain.Question

[2021-10-02 11:39:39 #15 type] 
Type domain.Question is not enhanced.

[2021-10-02 11:39:39 #16 type.registry] 
New type domain.Event

[2021-10-02 11:39:39 #17 type] 
Type domain.Event is not enhanced.

[2021-10-02 11:39:39 #18 type.registry] 
New type java.util.Vector<domain.Question>

[2021-10-02 11:39:39 #19 type.registry] 
New type java.util.Vector<java.lang.Object>

[2021-10-02 11:39:39 #20 type.registry] 
New type java.util.ArrayList<java.lang.Object>

------------------------------------------------------------------------------------------------------------------------

[2021-10-02 11:41:50 #1 store] 
Database 'C:\Users\bsara\Documents\GitHub\Bets21ProbaProiek\src\main\resources\bets.temp' is opened by 6196@LAPTOP-APEB7RIS

[2021-10-02 11:41:50 #2 type.registry] 
New type domain.User

[2021-10-02 11:41:50 #3 type.registry] 
New type domain.RegisteredUser

[2021-10-02 11:41:50 #4 type] 
Type domain.User is not enhanced.

[2021-10-02 11:41:50 #5 type] 
Type domain.RegisteredUser is not enhanced.

[2021-10-02 11:41:50 #6 type.registry] 
New type domain.Apostua

[2021-10-02 11:41:50 #7 type.registry] 
New type java.util.ArrayList<domain.Apostua>

[2021-10-02 11:41:50 #8 type.registry] 
New type java.util.Vector<domain.RegisteredUser>

[2021-10-02 11:41:50 #9 type.registry] 
New type java.util.Vector<java.lang.Double>

[2021-10-02 11:41:50 #10 type] 
Type domain.Apostua is not enhanced.

[2021-10-02 11:41:50 #11 type.registry] 
New type domain.Pronostico

[2021-10-02 11:41:50 #12 type.registry] 
New type java.util.ArrayList<domain.Pronostico>

[2021-10-02 11:41:50 #13 type] 
Type domain.Pronostico is not enhanced.

[2021-10-02 11:41:50 #14 type.registry] 
New type domain.Question

[2021-10-02 11:41:50 #15 type] 
Type domain.Question is not enhanced.

[2021-10-02 11:41:50 #16 type.registry] 
New type domain.Event

[2021-10-02 11:41:50 #17 type] 
Type domain.Event is not enhanced.

[2021-10-02 11:41:50 #18 type.registry] 
New type java.util.Vector<domain.Question>

[2021-10-02 11:41:50 #19 type.registry] 
New type java.util.Vector<java.lang.Object>

[2021-10-02 11:41:50 #20 type.registry] 
New type java.util.ArrayList<java.lang.Object>

------------------------------------------------------------------------------------------------------------------------

[2021-10-02 11:43:00 #1 store] 
Database 'C:\Users\bsara\Documents\GitHub\Bets21ProbaProiek\src\main\resources\bets.temp' is opened by 7876@LAPTOP-APEB7RIS

[2021-10-02 11:43:00 #2 type.registry] 
New type domain.User

[2021-10-02 11:43:00 #3 type.registry] 
New type domain.RegisteredUser

[2021-10-02 11:43:00 #4 type] 
Type domain.User is not enhanced.

[2021-10-02 11:43:00 #5 type] 
Type domain.RegisteredUser is not enhanced.

[2021-10-02 11:43:00 #6 type.registry] 
New type domain.Apostua

[2021-10-02 11:43:00 #7 type.registry] 
New type java.util.ArrayList<domain.Apostua>

[2021-10-02 11:43:00 #8 type.registry] 
New type java.util.Vector<domain.RegisteredUser>

[2021-10-02 11:43:00 #9 type.registry] 
New type java.util.Vector<java.lang.Double>

[2021-10-02 11:43:00 #10 type] 
Type domain.Apostua is not enhanced.

[2021-10-02 11:43:00 #11 type.registry] 
New type domain.Pronostico

[2021-10-02 11:43:00 #12 type.registry] 
New type java.util.ArrayList<domain.Pronostico>

[2021-10-02 11:43:00 #13 type] 
Type domain.Pronostico is not enhanced.

[2021-10-02 11:43:00 #14 type.registry] 
New type domain.Question

[2021-10-02 11:43:00 #15 type] 
Type domain.Question is not enhanced.

[2021-10-02 11:43:00 #16 type.registry] 
New type domain.Event

[2021-10-02 11:43:00 #17 type] 
Type domain.Event is not enhanced.

[2021-10-02 11:43:00 #18 type.registry] 
New type java.util.Vector<domain.Question>

[2021-10-02 11:43:01 #19 type.registry] 
New type java.util.Vector<java.lang.Object>

[2021-10-02 11:43:01 #20 type.registry] 
New type java.util.ArrayList<java.lang.Object>

------------------------------------------------------------------------------------------------------------------------

[2021-10-02 11:45:16 #1 store] 
Database 'C:\Users\bsara\Documents\GitHub\Bets21ProbaProiek\src\main\resources\bets.temp' is opened by 2044@LAPTOP-APEB7RIS

[2021-10-02 11:45:16 #2 type.registry] 
New type domain.User

[2021-10-02 11:45:16 #3 type.registry] 
New type domain.RegisteredUser

[2021-10-02 11:45:16 #4 type] 
Type domain.User is not enhanced.

[2021-10-02 11:45:16 #5 type] 
Type domain.RegisteredUser is not enhanced.

[2021-10-02 11:45:16 #6 type.registry] 
New type domain.Apostua

[2021-10-02 11:45:16 #7 type.registry] 
New type java.util.ArrayList<domain.Apostua>

[2021-10-02 11:45:16 #8 type.registry] 
New type java.util.Vector<domain.RegisteredUser>

[2021-10-02 11:45:16 #9 type.registry] 
New type java.util.Vector<java.lang.Double>

[2021-10-02 11:45:16 #10 type] 
Type domain.Apostua is not enhanced.

[2021-10-02 11:45:16 #11 type.registry] 
New type domain.Pronostico

[2021-10-02 11:45:16 #12 type.registry] 
New type java.util.ArrayList<domain.Pronostico>

[2021-10-02 11:45:16 #13 type] 
Type domain.Pronostico is not enhanced.

[2021-10-02 11:45:16 #14 type.registry] 
New type domain.Question

[2021-10-02 11:45:16 #15 type] 
Type domain.Question is not enhanced.

[2021-10-02 11:45:16 #16 type.registry] 
New type domain.Event

[2021-10-02 11:45:16 #17 type] 
Type domain.Event is not enhanced.

[2021-10-02 11:45:16 #18 type.registry] 
New type java.util.Vector<domain.Question>

[2021-10-02 11:45:16 #19 type.registry] 
New type java.util.Vector<java.lang.Object>

[2021-10-02 11:45:16 #20 type.registry] 
New type java.util.ArrayList<java.lang.Object>

------------------------------------------------------------------------------------------------------------------------

[2021-10-02 11:50:22 #1 store] 
Database 'C:\Users\bsara\Documents\GitHub\Bets21ProbaProiek\src\main\resources\bets.temp' is opened by 18172@LAPTOP-APEB7RIS

[2021-10-02 11:50:22 #2 type.registry] 
New type domain.User

[2021-10-02 11:50:22 #3 type.registry] 
New type domain.RegisteredUser

[2021-10-02 11:50:22 #4 type] 
Type domain.User is not enhanced.

[2021-10-02 11:50:22 #5 type] 
Type domain.RegisteredUser is not enhanced.

[2021-10-02 11:50:22 #6 type.registry] 
New type domain.Apostua

[2021-10-02 11:50:22 #7 type.registry] 
New type java.util.ArrayList<domain.Apostua>

[2021-10-02 11:50:22 #8 type.registry] 
New type java.util.Vector<domain.RegisteredUser>

[2021-10-02 11:50:22 #9 type.registry] 
New type java.util.Vector<java.lang.Double>

[2021-10-02 11:50:22 #10 type] 
Type domain.Apostua is not enhanced.

[2021-10-02 11:50:22 #11 type.registry] 
New type domain.Pronostico

[2021-10-02 11:50:22 #12 type.registry] 
New type java.util.ArrayList<domain.Pronostico>

[2021-10-02 11:50:22 #13 type] 
Type domain.Pronostico is not enhanced.

[2021-10-02 11:50:22 #14 type.registry] 
New type domain.Question

[2021-10-02 11:50:22 #15 type] 
Type domain.Question is not enhanced.

[2021-10-02 11:50:22 #16 type.registry] 
New type domain.Event

[2021-10-02 11:50:22 #17 type] 
Type domain.Event is not enhanced.

[2021-10-02 11:50:22 #18 type.registry] 
New type java.util.Vector<domain.Question>

[2021-10-02 11:50:22 #19 type.registry] 
New type java.util.Vector<java.lang.Object>

[2021-10-02 11:50:22 #20 type.registry] 
New type java.util.ArrayList<java.lang.Object>

------------------------------------------------------------------------------------------------------------------------

[2021-10-02 11:51:06 #1 store] 
Database 'C:\Users\bsara\Documents\GitHub\Bets21ProbaProiek\src\main\resources\bets.temp' is opened by 10936@LAPTOP-APEB7RIS

[2021-10-02 11:51:06 #2 type.registry] 
New type domain.User

[2021-10-02 11:51:06 #3 type.registry] 
New type domain.RegisteredUser

[2021-10-02 11:51:06 #4 type] 
Type domain.User is not enhanced.

[2021-10-02 11:51:06 #5 type] 
Type domain.RegisteredUser is not enhanced.

[2021-10-02 11:51:06 #6 type.registry] 
New type domain.Apostua

[2021-10-02 11:51:06 #7 type.registry] 
New type java.util.ArrayList<domain.Apostua>

[2021-10-02 11:51:06 #8 type.registry] 
New type java.util.Vector<domain.RegisteredUser>

[2021-10-02 11:51:06 #9 type.registry] 
New type java.util.Vector<java.lang.Double>

[2021-10-02 11:51:06 #10 type] 
Type domain.Apostua is not enhanced.

[2021-10-02 11:51:06 #11 type.registry] 
New type domain.Pronostico

[2021-10-02 11:51:06 #12 type.registry] 
New type java.util.ArrayList<domain.Pronostico>

[2021-10-02 11:51:06 #13 type] 
Type domain.Pronostico is not enhanced.

[2021-10-02 11:51:06 #14 type.registry] 
New type domain.Question

[2021-10-02 11:51:06 #15 type] 
Type domain.Question is not enhanced.

[2021-10-02 11:51:06 #16 type.registry] 
New type domain.Event

[2021-10-02 11:51:06 #17 type] 
Type domain.Event is not enhanced.

[2021-10-02 11:51:06 #18 type.registry] 
New type java.util.Vector<domain.Question>

[2021-10-02 11:51:06 #19 type.registry] 
New type java.util.Vector<java.lang.Object>

[2021-10-02 11:51:06 #20 type.registry] 
New type java.util.ArrayList<java.lang.Object>

------------------------------------------------------------------------------------------------------------------------

[2021-10-02 11:52:28 #1 store] 
Database 'C:\Users\bsara\Documents\GitHub\Bets21ProbaProiek\src\main\resources\bets.temp' is opened by 13672@LAPTOP-APEB7RIS

[2021-10-02 11:52:29 #2 type.registry] 
New type domain.User

[2021-10-02 11:52:29 #3 type.registry] 
New type domain.RegisteredUser

[2021-10-02 11:52:29 #4 type] 
Type domain.User is not enhanced.

[2021-10-02 11:52:29 #5 type] 
Type domain.RegisteredUser is not enhanced.

[2021-10-02 11:52:29 #6 type.registry] 
New type domain.Apostua

[2021-10-02 11:52:29 #7 type.registry] 
New type java.util.ArrayList<domain.Apostua>

[2021-10-02 11:52:29 #8 type.registry] 
New type java.util.Vector<domain.RegisteredUser>

[2021-10-02 11:52:29 #9 type.registry] 
New type java.util.Vector<java.lang.Double>

[2021-10-02 11:52:29 #10 type] 
Type domain.Apostua is not enhanced.

[2021-10-02 11:52:29 #11 type.registry] 
New type domain.Pronostico

[2021-10-02 11:52:29 #12 type.registry] 
New type java.util.ArrayList<domain.Pronostico>

[2021-10-02 11:52:29 #13 type] 
Type domain.Pronostico is not enhanced.

[2021-10-02 11:52:29 #14 type.registry] 
New type domain.Question

[2021-10-02 11:52:29 #15 type] 
Type domain.Question is not enhanced.

[2021-10-02 11:52:29 #16 type.registry] 
New type domain.Event

[2021-10-02 11:52:29 #17 type] 
Type domain.Event is not enhanced.

[2021-10-02 11:52:29 #18 type.registry] 
New type java.util.Vector<domain.Question>

[2021-10-02 11:52:29 #19 type.registry] 
New type java.util.Vector<java.lang.Object>

[2021-10-02 11:52:29 #20 type.registry] 
New type java.util.ArrayList<java.lang.Object>

------------------------------------------------------------------------------------------------------------------------

[2021-10-02 12:07:45 #1 store] 
Database 'C:\Users\bsara\Documents\GitHub\Bets21ProbaProiek\src\main\resources\bets.temp' is opened by 16660@LAPTOP-APEB7RIS

[2021-10-02 12:07:45 #2 type.registry] 
New type domain.User

[2021-10-02 12:07:45 #3 type.registry] 
New type domain.RegisteredUser

[2021-10-02 12:07:45 #4 type] 
Type domain.User is not enhanced.

[2021-10-02 12:07:45 #5 type] 
Type domain.RegisteredUser is not enhanced.

[2021-10-02 12:07:46 #6 type.registry] 
New type domain.Apostua

[2021-10-02 12:07:46 #7 type.registry] 
New type java.util.ArrayList<domain.Apostua>

[2021-10-02 12:07:46 #8 type.registry] 
New type java.util.Vector<domain.RegisteredUser>

[2021-10-02 12:07:46 #9 type.registry] 
New type java.util.Vector<java.lang.Double>

[2021-10-02 12:07:46 #10 type] 
Type domain.Apostua is not enhanced.

[2021-10-02 12:07:46 #11 type.registry] 
New type domain.Pronostico

[2021-10-02 12:07:46 #12 type.registry] 
New type java.util.ArrayList<domain.Pronostico>

[2021-10-02 12:07:46 #13 type] 
Type domain.Pronostico is not enhanced.

[2021-10-02 12:07:46 #14 type.registry] 
New type domain.Question

[2021-10-02 12:07:46 #15 type] 
Type domain.Question is not enhanced.

[2021-10-02 12:07:46 #16 type.registry] 
New type domain.Event

[2021-10-02 12:07:46 #17 type] 
Type domain.Event is not enhanced.

[2021-10-02 12:07:46 #18 type.registry] 
New type java.util.Vector<domain.Question>

[2021-10-02 12:07:46 #19 type.registry] 
New type java.util.Vector<java.lang.Object>

[2021-10-02 12:07:46 #20 type.registry] 
New type java.util.ArrayList<java.lang.Object>

------------------------------------------------------------------------------------------------------------------------

[2021-10-02 12:08:25 #1 store] 
Database 'C:\Users\bsara\Documents\GitHub\Bets21ProbaProiek\src\main\resources\bets.temp' is opened by 11764@LAPTOP-APEB7RIS

[2021-10-02 12:08:25 #2 type.registry] 
New type domain.User

[2021-10-02 12:08:25 #3 type.registry] 
New type domain.RegisteredUser

[2021-10-02 12:08:25 #4 type] 
Type domain.User is not enhanced.

[2021-10-02 12:08:25 #5 type] 
Type domain.RegisteredUser is not enhanced.

[2021-10-02 12:08:25 #6 type.registry] 
New type domain.Apostua

[2021-10-02 12:08:25 #7 type.registry] 
New type java.util.ArrayList<domain.Apostua>

[2021-10-02 12:08:25 #8 type.registry] 
New type java.util.Vector<domain.RegisteredUser>

[2021-10-02 12:08:25 #9 type.registry] 
New type java.util.Vector<java.lang.Double>

[2021-10-02 12:08:25 #10 type] 
Type domain.Apostua is not enhanced.

[2021-10-02 12:08:25 #11 type.registry] 
New type domain.Pronostico

[2021-10-02 12:08:25 #12 type.registry] 
New type java.util.ArrayList<domain.Pronostico>

[2021-10-02 12:08:25 #13 type] 
Type domain.Pronostico is not enhanced.

[2021-10-02 12:08:25 #14 type.registry] 
New type domain.Question

[2021-10-02 12:08:25 #15 type] 
Type domain.Question is not enhanced.

[2021-10-02 12:08:25 #16 type.registry] 
New type domain.Event

[2021-10-02 12:08:25 #17 type] 
Type domain.Event is not enhanced.

[2021-10-02 12:08:25 #18 type.registry] 
New type java.util.Vector<domain.Question>

[2021-10-02 12:08:25 #19 type.registry] 
New type java.util.Vector<java.lang.Object>

[2021-10-02 12:08:25 #20 type.registry] 
New type java.util.ArrayList<java.lang.Object>

------------------------------------------------------------------------------------------------------------------------

[2021-10-02 12:13:48 #1 store] 
Database 'C:\Users\bsara\Documents\GitHub\Bets21ProbaProiek\src\main\resources\bets.temp' is opened by 18492@LAPTOP-APEB7RIS

[2021-10-02 12:13:48 #2 type.registry] 
New type domain.User

[2021-10-02 12:13:48 #3 type.registry] 
New type domain.RegisteredUser

[2021-10-02 12:13:48 #4 type] 
Type domain.User is not enhanced.

[2021-10-02 12:13:48 #5 type] 
Type domain.RegisteredUser is not enhanced.

[2021-10-02 12:13:48 #6 type.registry] 
New type domain.Apostua

[2021-10-02 12:13:48 #7 type.registry] 
New type java.util.ArrayList<domain.Apostua>

[2021-10-02 12:13:48 #8 type.registry] 
New type java.util.Vector<domain.RegisteredUser>

[2021-10-02 12:13:48 #9 type.registry] 
New type java.util.Vector<java.lang.Double>

[2021-10-02 12:13:48 #10 type] 
Type domain.Apostua is not enhanced.

[2021-10-02 12:13:48 #11 type.registry] 
New type domain.Pronostico

[2021-10-02 12:13:48 #12 type.registry] 
New type java.util.ArrayList<domain.Pronostico>

[2021-10-02 12:13:48 #13 type] 
Type domain.Pronostico is not enhanced.

[2021-10-02 12:13:48 #14 type.registry] 
New type domain.Question

[2021-10-02 12:13:48 #15 type] 
Type domain.Question is not enhanced.

[2021-10-02 12:13:48 #16 type.registry] 
New type domain.Event

[2021-10-02 12:13:48 #17 type] 
Type domain.Event is not enhanced.

[2021-10-02 12:13:48 #18 type.registry] 
New type java.util.Vector<domain.Question>

[2021-10-02 12:13:48 #19 type.registry] 
New type java.util.Vector<java.lang.Object>

[2021-10-02 12:13:48 #20 type.registry] 
New type java.util.ArrayList<java.lang.Object>

------------------------------------------------------------------------------------------------------------------------

[2021-10-02 12:14:24 #1 store] 
Database 'C:\Users\bsara\Documents\GitHub\Bets21ProbaProiek\src\main\resources\bets.temp' is opened by 10536@LAPTOP-APEB7RIS

[2021-10-02 12:14:24 #2 type.registry] 
New type domain.User

[2021-10-02 12:14:24 #3 type.registry] 
New type domain.RegisteredUser

[2021-10-02 12:14:24 #4 type] 
Type domain.User is not enhanced.

[2021-10-02 12:14:24 #5 type] 
Type domain.RegisteredUser is not enhanced.

[2021-10-02 12:14:24 #6 type.registry] 
New type domain.Apostua

[2021-10-02 12:14:24 #7 type.registry] 
New type java.util.ArrayList<domain.Apostua>

[2021-10-02 12:14:24 #8 type.registry] 
New type java.util.Vector<domain.RegisteredUser>

[2021-10-02 12:14:24 #9 type.registry] 
New type java.util.Vector<java.lang.Double>

[2021-10-02 12:14:24 #10 type] 
Type domain.Apostua is not enhanced.

[2021-10-02 12:14:24 #11 type.registry] 
New type domain.Pronostico

[2021-10-02 12:14:24 #12 type.registry] 
New type java.util.ArrayList<domain.Pronostico>

[2021-10-02 12:14:24 #13 type] 
Type domain.Pronostico is not enhanced.

[2021-10-02 12:14:24 #14 type.registry] 
New type domain.Question

[2021-10-02 12:14:24 #15 type] 
Type domain.Question is not enhanced.

[2021-10-02 12:14:24 #16 type.registry] 
New type domain.Event

[2021-10-02 12:14:24 #17 type] 
Type domain.Event is not enhanced.

[2021-10-02 12:14:24 #18 type.registry] 
New type java.util.Vector<domain.Question>

[2021-10-02 12:14:24 #19 type.registry] 
New type java.util.Vector<java.lang.Object>

[2021-10-02 12:14:24 #20 type.registry] 
New type java.util.ArrayList<java.lang.Object>

------------------------------------------------------------------------------------------------------------------------

[2021-10-02 12:15:20 #1 store] 
Database 'C:\Users\bsara\Documents\GitHub\Bets21ProbaProiek\src\main\resources\bets.temp' is opened by 2812@LAPTOP-APEB7RIS

[2021-10-02 12:15:20 #2 type.registry] 
New type domain.User

[2021-10-02 12:15:20 #3 type.registry] 
New type domain.RegisteredUser

[2021-10-02 12:15:20 #4 type] 
Type domain.User is not enhanced.

[2021-10-02 12:15:20 #5 type] 
Type domain.RegisteredUser is not enhanced.

[2021-10-02 12:15:20 #6 type.registry] 
New type domain.Apostua

[2021-10-02 12:15:20 #7 type.registry] 
New type java.util.ArrayList<domain.Apostua>

[2021-10-02 12:15:20 #8 type.registry] 
New type java.util.Vector<domain.RegisteredUser>

[2021-10-02 12:15:20 #9 type.registry] 
New type java.util.Vector<java.lang.Double>

[2021-10-02 12:15:20 #10 type] 
Type domain.Apostua is not enhanced.

[2021-10-02 12:15:20 #11 type.registry] 
New type domain.Pronostico

[2021-10-02 12:15:20 #12 type.registry] 
New type java.util.ArrayList<domain.Pronostico>

[2021-10-02 12:15:20 #13 type] 
Type domain.Pronostico is not enhanced.

[2021-10-02 12:15:20 #14 type.registry] 
New type domain.Question

[2021-10-02 12:15:20 #15 type] 
Type domain.Question is not enhanced.

[2021-10-02 12:15:20 #16 type.registry] 
New type domain.Event

[2021-10-02 12:15:20 #17 type] 
Type domain.Event is not enhanced.

[2021-10-02 12:15:20 #18 type.registry] 
New type java.util.Vector<domain.Question>

[2021-10-02 12:15:20 #19 type.registry] 
New type java.util.Vector<java.lang.Object>

[2021-10-02 12:15:20 #20 type.registry] 
New type java.util.ArrayList<java.lang.Object>

------------------------------------------------------------------------------------------------------------------------

[2021-10-02 12:15:41 #1 store] 
Database 'C:\Users\bsara\Documents\GitHub\Bets21ProbaProiek\src\main\resources\bets.temp' is opened by 15008@LAPTOP-APEB7RIS

[2021-10-02 12:15:42 #2 type.registry] 
New type domain.User

[2021-10-02 12:15:42 #3 type.registry] 
New type domain.RegisteredUser

[2021-10-02 12:15:42 #4 type] 
Type domain.User is not enhanced.

[2021-10-02 12:15:42 #5 type] 
Type domain.RegisteredUser is not enhanced.

[2021-10-02 12:15:42 #6 type.registry] 
New type domain.Apostua

[2021-10-02 12:15:42 #7 type.registry] 
New type java.util.ArrayList<domain.Apostua>

[2021-10-02 12:15:42 #8 type.registry] 
New type java.util.Vector<domain.RegisteredUser>

[2021-10-02 12:15:42 #9 type.registry] 
New type java.util.Vector<java.lang.Double>

[2021-10-02 12:15:42 #10 type] 
Type domain.Apostua is not enhanced.

[2021-10-02 12:15:42 #11 type.registry] 
New type domain.Pronostico

[2021-10-02 12:15:42 #12 type.registry] 
New type java.util.ArrayList<domain.Pronostico>

[2021-10-02 12:15:42 #13 type] 
Type domain.Pronostico is not enhanced.

[2021-10-02 12:15:42 #14 type.registry] 
New type domain.Question

[2021-10-02 12:15:42 #15 type] 
Type domain.Question is not enhanced.

[2021-10-02 12:15:42 #16 type.registry] 
New type domain.Event

[2021-10-02 12:15:42 #17 type] 
Type domain.Event is not enhanced.

[2021-10-02 12:15:42 #18 type.registry] 
New type java.util.Vector<domain.Question>

[2021-10-02 12:15:42 #19 type.registry] 
New type java.util.Vector<java.lang.Object>

[2021-10-02 12:15:42 #20 type.registry] 
New type java.util.ArrayList<java.lang.Object>

------------------------------------------------------------------------------------------------------------------------

[2021-10-02 12:15:53 #1 store] 
Database 'C:\Users\bsara\Documents\GitHub\Bets21ProbaProiek\src\main\resources\bets.temp' is opened by 16628@LAPTOP-APEB7RIS

[2021-10-02 12:15:53 #2 type.registry] 
New type domain.User

[2021-10-02 12:15:53 #3 type.registry] 
New type domain.RegisteredUser

[2021-10-02 12:15:53 #4 type] 
Type domain.User is not enhanced.

[2021-10-02 12:15:53 #5 type] 
Type domain.RegisteredUser is not enhanced.

[2021-10-02 12:15:53 #6 type.registry] 
New type domain.Apostua

[2021-10-02 12:15:53 #7 type.registry] 
New type java.util.ArrayList<domain.Apostua>

[2021-10-02 12:15:53 #8 type.registry] 
New type java.util.Vector<domain.RegisteredUser>

[2021-10-02 12:15:53 #9 type.registry] 
New type java.util.Vector<java.lang.Double>

[2021-10-02 12:15:53 #10 type] 
Type domain.Apostua is not enhanced.

[2021-10-02 12:15:53 #11 type.registry] 
New type domain.Pronostico

[2021-10-02 12:15:53 #12 type.registry] 
New type java.util.ArrayList<domain.Pronostico>

[2021-10-02 12:15:53 #13 type] 
Type domain.Pronostico is not enhanced.

[2021-10-02 12:15:53 #14 type.registry] 
New type domain.Question

[2021-10-02 12:15:53 #15 type] 
Type domain.Question is not enhanced.

[2021-10-02 12:15:53 #16 type.registry] 
New type domain.Event

[2021-10-02 12:15:53 #17 type] 
Type domain.Event is not enhanced.

[2021-10-02 12:15:53 #18 type.registry] 
New type java.util.Vector<domain.Question>

[2021-10-02 12:15:53 #19 type.registry] 
New type java.util.Vector<java.lang.Object>

[2021-10-02 12:15:53 #20 type.registry] 
New type java.util.ArrayList<java.lang.Object>

------------------------------------------------------------------------------------------------------------------------

[2021-10-02 12:16:32 #1 store] 
Database 'C:\Users\bsara\Documents\GitHub\Bets21ProbaProiek\src\main\resources\bets.temp' is opened by 7400@LAPTOP-APEB7RIS

[2021-10-02 12:16:32 #2 type.registry] 
New type domain.User

[2021-10-02 12:16:32 #3 type.registry] 
New type domain.RegisteredUser

[2021-10-02 12:16:32 #4 type] 
Type domain.User is not enhanced.

[2021-10-02 12:16:32 #5 type] 
Type domain.RegisteredUser is not enhanced.

[2021-10-02 12:16:32 #6 type.registry] 
New type domain.Apostua

[2021-10-02 12:16:32 #7 type.registry] 
New type java.util.ArrayList<domain.Apostua>

[2021-10-02 12:16:32 #8 type.registry] 
New type java.util.Vector<domain.RegisteredUser>

[2021-10-02 12:16:32 #9 type.registry] 
New type java.util.Vector<java.lang.Double>

[2021-10-02 12:16:32 #10 type] 
Type domain.Apostua is not enhanced.

[2021-10-02 12:16:32 #11 type.registry] 
New type domain.Pronostico

[2021-10-02 12:16:32 #12 type.registry] 
New type java.util.ArrayList<domain.Pronostico>

[2021-10-02 12:16:32 #13 type] 
Type domain.Pronostico is not enhanced.

[2021-10-02 12:16:32 #14 type.registry] 
New type domain.Question

[2021-10-02 12:16:32 #15 type] 
Type domain.Question is not enhanced.

[2021-10-02 12:16:32 #16 type.registry] 
New type domain.Event

[2021-10-02 12:16:32 #17 type] 
Type domain.Event is not enhanced.

[2021-10-02 12:16:32 #18 type.registry] 
New type java.util.Vector<domain.Question>

[2021-10-02 12:16:32 #19 type.registry] 
New type java.util.Vector<java.lang.Object>

[2021-10-02 12:16:32 #20 type.registry] 
New type java.util.ArrayList<java.lang.Object>

------------------------------------------------------------------------------------------------------------------------

[2021-10-02 12:16:42 #1 store] 
Database 'C:\Users\bsara\Documents\GitHub\Bets21ProbaProiek\src\main\resources\bets.temp' is opened by 1512@LAPTOP-APEB7RIS

[2021-10-02 12:16:42 #2 type.registry] 
New type domain.User

[2021-10-02 12:16:42 #3 type.registry] 
New type domain.RegisteredUser

[2021-10-02 12:16:42 #4 type] 
Type domain.User is not enhanced.

[2021-10-02 12:16:42 #5 type] 
Type domain.RegisteredUser is not enhanced.

[2021-10-02 12:16:42 #6 type.registry] 
New type domain.Apostua

[2021-10-02 12:16:42 #7 type.registry] 
New type java.util.ArrayList<domain.Apostua>

[2021-10-02 12:16:42 #8 type.registry] 
New type java.util.Vector<domain.RegisteredUser>

[2021-10-02 12:16:42 #9 type.registry] 
New type java.util.Vector<java.lang.Double>

[2021-10-02 12:16:42 #10 type] 
Type domain.Apostua is not enhanced.

[2021-10-02 12:16:42 #11 type.registry] 
New type domain.Pronostico

[2021-10-02 12:16:42 #12 type.registry] 
New type java.util.ArrayList<domain.Pronostico>

[2021-10-02 12:16:42 #13 type] 
Type domain.Pronostico is not enhanced.

[2021-10-02 12:16:42 #14 type.registry] 
New type domain.Question

[2021-10-02 12:16:42 #15 type] 
Type domain.Question is not enhanced.

[2021-10-02 12:16:42 #16 type.registry] 
New type domain.Event

[2021-10-02 12:16:42 #17 type] 
Type domain.Event is not enhanced.

[2021-10-02 12:16:42 #18 type.registry] 
New type java.util.Vector<domain.Question>

[2021-10-02 12:16:42 #19 type.registry] 
New type java.util.Vector<java.lang.Object>

[2021-10-02 12:16:42 #20 type.registry] 
New type java.util.ArrayList<java.lang.Object>

------------------------------------------------------------------------------------------------------------------------

[2021-10-02 12:17:16 #1 store] 
Database 'C:\Users\bsara\Documents\GitHub\Bets21ProbaProiek\src\main\resources\bets.temp' is opened by 3132@LAPTOP-APEB7RIS

[2021-10-02 12:17:16 #2 type.registry] 
New type domain.User

[2021-10-02 12:17:16 #3 type.registry] 
New type domain.RegisteredUser

[2021-10-02 12:17:16 #4 type] 
Type domain.User is not enhanced.

[2021-10-02 12:17:16 #5 type] 
Type domain.RegisteredUser is not enhanced.

[2021-10-02 12:17:16 #6 type.registry] 
New type domain.Apostua

[2021-10-02 12:17:16 #7 type.registry] 
New type java.util.ArrayList<domain.Apostua>

[2021-10-02 12:17:16 #8 type.registry] 
New type java.util.Vector<domain.RegisteredUser>

[2021-10-02 12:17:16 #9 type.registry] 
New type java.util.Vector<java.lang.Double>

[2021-10-02 12:17:16 #10 type] 
Type domain.Apostua is not enhanced.

[2021-10-02 12:17:16 #11 type.registry] 
New type domain.Pronostico

[2021-10-02 12:17:16 #12 type.registry] 
New type java.util.ArrayList<domain.Pronostico>

[2021-10-02 12:17:16 #13 type] 
Type domain.Pronostico is not enhanced.

[2021-10-02 12:17:16 #14 type.registry] 
New type domain.Question

[2021-10-02 12:17:16 #15 type] 
Type domain.Question is not enhanced.

[2021-10-02 12:17:16 #16 type.registry] 
New type domain.Event

[2021-10-02 12:17:16 #17 type] 
Type domain.Event is not enhanced.

[2021-10-02 12:17:16 #18 type.registry] 
New type java.util.Vector<domain.Question>

[2021-10-02 12:17:16 #19 type.registry] 
New type java.util.Vector<java.lang.Object>

[2021-10-02 12:17:16 #20 type.registry] 
New type java.util.ArrayList<java.lang.Object>

------------------------------------------------------------------------------------------------------------------------

[2021-10-02 12:21:54 #1 store] 
Database 'C:\Users\bsara\Documents\GitHub\Bets21ProbaProiek\src\main\resources\bets.temp' is opened by 13256@LAPTOP-APEB7RIS

[2021-10-02 12:21:54 #2 type.registry] 
New type domain.User

[2021-10-02 12:21:54 #3 type.registry] 
New type domain.RegisteredUser

[2021-10-02 12:21:54 #4 type] 
Type domain.User is not enhanced.

[2021-10-02 12:21:54 #5 type] 
Type domain.RegisteredUser is not enhanced.

[2021-10-02 12:21:54 #6 type.registry] 
New type domain.Apostua

[2021-10-02 12:21:54 #7 type.registry] 
New type java.util.ArrayList<domain.Apostua>

[2021-10-02 12:21:54 #8 type.registry] 
New type java.util.Vector<domain.RegisteredUser>

[2021-10-02 12:21:54 #9 type.registry] 
New type java.util.Vector<java.lang.Double>

[2021-10-02 12:21:54 #10 type] 
Type domain.Apostua is not enhanced.

[2021-10-02 12:21:54 #11 type.registry] 
New type domain.Pronostico

[2021-10-02 12:21:54 #12 type.registry] 
New type java.util.ArrayList<domain.Pronostico>

[2021-10-02 12:21:54 #13 type] 
Type domain.Pronostico is not enhanced.

[2021-10-02 12:21:54 #14 type.registry] 
New type domain.Question

[2021-10-02 12:21:54 #15 type] 
Type domain.Question is not enhanced.

[2021-10-02 12:21:54 #16 type.registry] 
New type domain.Event

[2021-10-02 12:21:54 #17 type] 
Type domain.Event is not enhanced.

[2021-10-02 12:21:54 #18 type.registry] 
New type java.util.Vector<domain.Question>

[2021-10-02 12:21:54 #19 type.registry] 
New type java.util.Vector<java.lang.Object>

[2021-10-02 12:21:54 #20 type.registry] 
New type java.util.ArrayList<java.lang.Object>

------------------------------------------------------------------------------------------------------------------------

[2021-10-02 12:23:41 #1 store] 
Database 'C:\Users\bsara\Documents\GitHub\Bets21ProbaProiek\src\main\resources\bets.temp' is opened by 4224@LAPTOP-APEB7RIS

[2021-10-02 12:23:41 #2 type.registry] 
New type domain.User

[2021-10-02 12:23:41 #3 type.registry] 
New type domain.RegisteredUser

[2021-10-02 12:23:41 #4 type] 
Type domain.User is not enhanced.

[2021-10-02 12:23:41 #5 type] 
Type domain.RegisteredUser is not enhanced.

[2021-10-02 12:23:41 #6 type.registry] 
New type domain.Apostua

[2021-10-02 12:23:41 #7 type.registry] 
New type java.util.ArrayList<domain.Apostua>

[2021-10-02 12:23:41 #8 type.registry] 
New type java.util.Vector<domain.RegisteredUser>

[2021-10-02 12:23:41 #9 type.registry] 
New type java.util.Vector<java.lang.Double>

[2021-10-02 12:23:41 #10 type] 
Type domain.Apostua is not enhanced.

[2021-10-02 12:23:41 #11 type.registry] 
New type domain.Pronostico

[2021-10-02 12:23:41 #12 type.registry] 
New type java.util.ArrayList<domain.Pronostico>

[2021-10-02 12:23:41 #13 type] 
Type domain.Pronostico is not enhanced.

[2021-10-02 12:23:41 #14 type.registry] 
New type domain.Question

[2021-10-02 12:23:41 #15 type] 
Type domain.Question is not enhanced.

[2021-10-02 12:23:41 #16 type.registry] 
New type domain.Event

[2021-10-02 12:23:41 #17 type] 
Type domain.Event is not enhanced.

[2021-10-02 12:23:41 #18 type.registry] 
New type java.util.Vector<domain.Question>

[2021-10-02 12:23:41 #19 type.registry] 
New type java.util.Vector<java.lang.Object>

[2021-10-02 12:23:41 #20 type.registry] 
New type java.util.ArrayList<java.lang.Object>

------------------------------------------------------------------------------------------------------------------------

[2021-10-02 12:24:09 #1 store] 
Database 'C:\Users\bsara\Documents\GitHub\Bets21ProbaProiek\src\main\resources\bets.temp' is opened by 9544@LAPTOP-APEB7RIS

[2021-10-02 12:24:09 #2 type.registry] 
New type domain.User

[2021-10-02 12:24:09 #3 type.registry] 
New type domain.RegisteredUser

[2021-10-02 12:24:09 #4 type] 
Type domain.User is not enhanced.

[2021-10-02 12:24:09 #5 type] 
Type domain.RegisteredUser is not enhanced.

[2021-10-02 12:24:09 #6 type.registry] 
New type domain.Apostua

[2021-10-02 12:24:09 #7 type.registry] 
New type java.util.ArrayList<domain.Apostua>

[2021-10-02 12:24:09 #8 type.registry] 
New type java.util.Vector<domain.RegisteredUser>

[2021-10-02 12:24:09 #9 type.registry] 
New type java.util.Vector<java.lang.Double>

[2021-10-02 12:24:09 #10 type] 
Type domain.Apostua is not enhanced.

[2021-10-02 12:24:09 #11 type.registry] 
New type domain.Pronostico

[2021-10-02 12:24:09 #12 type.registry] 
New type java.util.ArrayList<domain.Pronostico>

[2021-10-02 12:24:09 #13 type] 
Type domain.Pronostico is not enhanced.

[2021-10-02 12:24:09 #14 type.registry] 
New type domain.Question

[2021-10-02 12:24:09 #15 type] 
Type domain.Question is not enhanced.

[2021-10-02 12:24:09 #16 type.registry] 
New type domain.Event

[2021-10-02 12:24:09 #17 type] 
Type domain.Event is not enhanced.

[2021-10-02 12:24:09 #18 type.registry] 
New type java.util.Vector<domain.Question>

[2021-10-02 12:24:09 #19 type.registry] 
New type java.util.Vector<java.lang.Object>

[2021-10-02 12:24:09 #20 type.registry] 
New type java.util.ArrayList<java.lang.Object>

------------------------------------------------------------------------------------------------------------------------

[2021-10-02 12:24:41 #1 store] 
Database 'C:\Users\bsara\Documents\GitHub\Bets21ProbaProiek\src\main\resources\bets.temp' is opened by 17848@LAPTOP-APEB7RIS

[2021-10-02 12:24:42 #2 type.registry] 
New type domain.User

[2021-10-02 12:24:42 #3 type.registry] 
New type domain.RegisteredUser

[2021-10-02 12:24:42 #4 type] 
Type domain.User is not enhanced.

[2021-10-02 12:24:42 #5 type] 
Type domain.RegisteredUser is not enhanced.

[2021-10-02 12:24:42 #6 type.registry] 
New type domain.Apostua

[2021-10-02 12:24:42 #7 type.registry] 
New type java.util.ArrayList<domain.Apostua>

[2021-10-02 12:24:42 #8 type.registry] 
New type java.util.Vector<domain.RegisteredUser>

[2021-10-02 12:24:42 #9 type.registry] 
New type java.util.Vector<java.lang.Double>

[2021-10-02 12:24:42 #10 type] 
Type domain.Apostua is not enhanced.

[2021-10-02 12:24:42 #11 type.registry] 
New type domain.Pronostico

[2021-10-02 12:24:42 #12 type.registry] 
New type java.util.ArrayList<domain.Pronostico>

[2021-10-02 12:24:42 #13 type] 
Type domain.Pronostico is not enhanced.

[2021-10-02 12:24:42 #14 type.registry] 
New type domain.Question

[2021-10-02 12:24:42 #15 type] 
Type domain.Question is not enhanced.

[2021-10-02 12:24:42 #16 type.registry] 
New type domain.Event

[2021-10-02 12:24:42 #17 type] 
Type domain.Event is not enhanced.

[2021-10-02 12:24:42 #18 type.registry] 
New type java.util.Vector<domain.Question>

[2021-10-02 12:24:42 #19 type.registry] 
New type java.util.Vector<java.lang.Object>

[2021-10-02 12:24:42 #20 type.registry] 
New type java.util.ArrayList<java.lang.Object>

------------------------------------------------------------------------------------------------------------------------

[2021-10-02 12:29:16 #1 store] 
Database 'C:\Users\bsara\Documents\GitHub\Bets21ProbaProiek\src\main\resources\bets.temp' is opened by 17292@LAPTOP-APEB7RIS

[2021-10-02 12:29:16 #2 type.registry] 
New type domain.User

[2021-10-02 12:29:16 #3 type.registry] 
New type domain.RegisteredUser

[2021-10-02 12:29:16 #4 type] 
Type domain.User is not enhanced.

[2021-10-02 12:29:16 #5 type] 
Type domain.RegisteredUser is not enhanced.

[2021-10-02 12:29:16 #6 type.registry] 
New type domain.Apostua

[2021-10-02 12:29:16 #7 type.registry] 
New type java.util.ArrayList<domain.Apostua>

[2021-10-02 12:29:16 #8 type.registry] 
New type java.util.Vector<domain.RegisteredUser>

[2021-10-02 12:29:16 #9 type.registry] 
New type java.util.Vector<java.lang.Double>

[2021-10-02 12:29:16 #10 type] 
Type domain.Apostua is not enhanced.

[2021-10-02 12:29:16 #11 type.registry] 
New type domain.Pronostico

[2021-10-02 12:29:16 #12 type.registry] 
New type java.util.ArrayList<domain.Pronostico>

[2021-10-02 12:29:16 #13 type] 
Type domain.Pronostico is not enhanced.

[2021-10-02 12:29:16 #14 type.registry] 
New type domain.Question

[2021-10-02 12:29:16 #15 type] 
Type domain.Question is not enhanced.

[2021-10-02 12:29:16 #16 type.registry] 
New type domain.Event

[2021-10-02 12:29:16 #17 type] 
Type domain.Event is not enhanced.

[2021-10-02 12:29:16 #18 type.registry] 
New type java.util.Vector<domain.Question>

[2021-10-02 12:29:16 #19 type.registry] 
New type java.util.Vector<java.lang.Object>

[2021-10-02 12:29:16 #20 type.registry] 
New type java.util.ArrayList<java.lang.Object>

------------------------------------------------------------------------------------------------------------------------

[2021-10-02 12:31:20 #1 store] 
Database 'C:\Users\bsara\Documents\GitHub\Bets21ProbaProiek\src\main\resources\bets.temp' is opened by 17508@LAPTOP-APEB7RIS

[2021-10-02 12:31:20 #2 type.registry] 
New type domain.User

[2021-10-02 12:31:20 #3 type.registry] 
New type domain.RegisteredUser

[2021-10-02 12:31:20 #4 type] 
Type domain.User is not enhanced.

[2021-10-02 12:31:20 #5 type] 
Type domain.RegisteredUser is not enhanced.

[2021-10-02 12:31:20 #6 type.registry] 
New type domain.Apostua

[2021-10-02 12:31:20 #7 type.registry] 
New type java.util.ArrayList<domain.Apostua>

[2021-10-02 12:31:20 #8 type.registry] 
New type java.util.Vector<domain.RegisteredUser>

[2021-10-02 12:31:20 #9 type.registry] 
New type java.util.Vector<java.lang.Double>

[2021-10-02 12:31:20 #10 type] 
Type domain.Apostua is not enhanced.

[2021-10-02 12:31:20 #11 type.registry] 
New type domain.Pronostico

[2021-10-02 12:31:20 #12 type.registry] 
New type java.util.ArrayList<domain.Pronostico>

[2021-10-02 12:31:20 #13 type] 
Type domain.Pronostico is not enhanced.

[2021-10-02 12:31:21 #14 type.registry] 
New type domain.Question

[2021-10-02 12:31:21 #15 type] 
Type domain.Question is not enhanced.

[2021-10-02 12:31:21 #16 type.registry] 
New type domain.Event

[2021-10-02 12:31:21 #17 type] 
Type domain.Event is not enhanced.

[2021-10-02 12:31:21 #18 type.registry] 
New type java.util.Vector<domain.Question>

[2021-10-02 12:31:21 #19 type.registry] 
New type java.util.Vector<java.lang.Object>

[2021-10-02 12:31:21 #20 type.registry] 
New type java.util.ArrayList<java.lang.Object>

------------------------------------------------------------------------------------------------------------------------

[2021-10-02 14:21:24 #1 store] 
Database 'C:\Users\bsara\Documents\GitHub\Bets21ProbaProiek\src\main\resources\bets.temp' is opened by 9200@LAPTOP-APEB7RIS

[2021-10-02 14:21:24 #2 type.registry] 
New type domain.User

[2021-10-02 14:21:24 #3 type.registry] 
New type domain.RegisteredUser

[2021-10-02 14:21:24 #4 type] 
Type domain.User is not enhanced.

[2021-10-02 14:21:24 #5 type] 
Type domain.RegisteredUser is not enhanced.

[2021-10-02 14:21:24 #6 type.registry] 
New type domain.Apostua

[2021-10-02 14:21:24 #7 type.registry] 
New type java.util.ArrayList<domain.Apostua>

[2021-10-02 14:21:24 #8 type.registry] 
New type java.util.Vector<domain.RegisteredUser>

[2021-10-02 14:21:24 #9 type.registry] 
New type java.util.Vector<java.lang.Double>

[2021-10-02 14:21:24 #10 type] 
Type domain.Apostua is not enhanced.

[2021-10-02 14:21:24 #11 type.registry] 
New type domain.Pronostico

[2021-10-02 14:21:24 #12 type.registry] 
New type java.util.ArrayList<domain.Pronostico>

[2021-10-02 14:21:24 #13 type] 
Type domain.Pronostico is not enhanced.

[2021-10-02 14:21:24 #14 type.registry] 
New type domain.Question

[2021-10-02 14:21:24 #15 type] 
Type domain.Question is not enhanced.

[2021-10-02 14:21:24 #16 type.registry] 
New type domain.Event

[2021-10-02 14:21:24 #17 type] 
Type domain.Event is not enhanced.

[2021-10-02 14:21:24 #18 type.registry] 
New type java.util.Vector<domain.Question>

[2021-10-02 14:21:24 #19 type.registry] 
New type java.util.Vector<java.lang.Object>

[2021-10-02 14:21:24 #20 type.registry] 
New type java.util.ArrayList<java.lang.Object>

------------------------------------------------------------------------------------------------------------------------

[2021-10-02 14:23:39 #1 store] 
Database 'C:\Users\bsara\Documents\GitHub\Bets21ProbaProiek\src\main\resources\bets.temp' is opened by 10080@LAPTOP-APEB7RIS

[2021-10-02 14:23:40 #2 type.registry] 
New type domain.User

[2021-10-02 14:23:40 #3 type.registry] 
New type domain.RegisteredUser

[2021-10-02 14:23:40 #4 type] 
Type domain.User is not enhanced.

[2021-10-02 14:23:40 #5 type] 
Type domain.RegisteredUser is not enhanced.

[2021-10-02 14:23:40 #6 type.registry] 
New type domain.Apostua

[2021-10-02 14:23:40 #7 type.registry] 
New type java.util.ArrayList<domain.Apostua>

[2021-10-02 14:23:40 #8 type.registry] 
New type java.util.Vector<domain.RegisteredUser>

[2021-10-02 14:23:40 #9 type.registry] 
New type java.util.Vector<java.lang.Double>

[2021-10-02 14:23:40 #10 type] 
Type domain.Apostua is not enhanced.

[2021-10-02 14:23:40 #11 type.registry] 
New type domain.Pronostico

[2021-10-02 14:23:40 #12 type.registry] 
New type java.util.ArrayList<domain.Pronostico>

[2021-10-02 14:23:40 #13 type] 
Type domain.Pronostico is not enhanced.

[2021-10-02 14:23:40 #14 type.registry] 
New type domain.Question

[2021-10-02 14:23:40 #15 type] 
Type domain.Question is not enhanced.

[2021-10-02 14:23:40 #16 type.registry] 
New type domain.Event

[2021-10-02 14:23:40 #17 type] 
Type domain.Event is not enhanced.

[2021-10-02 14:23:40 #18 type.registry] 
New type java.util.Vector<domain.Question>

[2021-10-02 14:23:40 #19 type.registry] 
New type java.util.Vector<java.lang.Object>

[2021-10-02 14:23:40 #20 type.registry] 
New type java.util.ArrayList<java.lang.Object>

