------------------------------------------------------------------------------------------------------------------------

[2021-10-01 09:10:37 #1 store] 
Database 'C:\Users\ehu\Documents\GitHub\Bets21ProbaProiek\src\main\resources\bets.temp' has been recovered (tr. 1-10)

[2021-10-01 09:10:37 #2 store] 
Database 'C:\Users\ehu\Documents\GitHub\Bets21ProbaProiek\src\main\resources\bets.temp' is opened by 6352@U111533

[2021-10-01 09:10:38 #3 type] 
Type domain.Event is not enhanced.

[2021-10-01 09:10:38 #4 type] 
Type domain.Question is not enhanced.

[2021-10-01 09:10:38 #5 type] 
Type domain.Pronostico is not enhanced.

[2021-10-01 09:10:38 #6 type] 
Type domain.Apostua is not enhanced.

[2021-10-01 09:10:38 #7 type] 
Type domain.User is not enhanced.

[2021-10-01 09:10:38 #8 type] 
Type domain.RegisteredUser is not enhanced.

[2021-10-01 09:10:38 #9 type.registry] 
New type domain.Admin

[2021-10-01 09:10:38 #10 type] 
Type domain.Admin is not enhanced.

------------------------------------------------------------------------------------------------------------------------

[2021-10-01 09:56:54 #1 store] 
Database 'C:\Users\ehu\Documents\GitHub\Bets21ProbaProiek\src\main\resources\bets.temp' is opened by 4388@U111533

[2021-10-01 09:56:54 #2 type.registry] 
New type domain.Pronostico

[2021-10-01 09:56:54 #3 type] 
Type domain.Pronostico is not enhanced.

[2021-10-01 09:56:54 #4 type.registry] 
New type domain.Apostua

[2021-10-01 09:56:54 #5 type.registry] 
New type java.util.ArrayList<domain.Apostua>

[2021-10-01 09:56:54 #6 type.registry] 
New type domain.Question

[2021-10-01 09:56:54 #7 type] 
Type domain.Apostua is not enhanced.

[2021-10-01 09:56:54 #8 type.registry] 
New type java.util.ArrayList<domain.Pronostico>

[2021-10-01 09:56:54 #9 type.registry] 
New type domain.User

[2021-10-01 09:56:54 #10 type.registry] 
New type domain.RegisteredUser

[2021-10-01 09:56:54 #11 type] 
Type domain.Question is not enhanced.

[2021-10-01 09:56:54 #12 type.registry] 
New type domain.Event

[2021-10-01 09:56:54 #13 type] 
Type domain.User is not enhanced.

[2021-10-01 09:56:54 #14 type] 
Type domain.RegisteredUser is not enhanced.

[2021-10-01 09:56:54 #15 type.registry] 
New type java.util.Vector<domain.RegisteredUser>

[2021-10-01 09:56:54 #16 type.registry] 
New type java.util.Vector<java.lang.Double>

[2021-10-01 09:56:54 #17 type] 
Type domain.Event is not enhanced.

[2021-10-01 09:56:54 #18 type.registry] 
New type java.util.Vector<domain.Question>

