------------------------------------------------------------------------------------------------------------------------

[2021-10-08 09:08:35 #1 store] 
Database 'C:\Users\ehu\git\Bets21ProbaProiek\src\main\resources\bets.temp' is opened by 2484@U111531

[2021-10-08 09:08:35 #2 type.registry] 
New type domain.User

[2021-10-08 09:08:35 #3 type.registry] 
New type domain.RegisteredUser

[2021-10-08 09:08:35 #4 type] 
Type domain.User is not enhanced.

[2021-10-08 09:08:35 #5 type] 
Type domain.RegisteredUser is not enhanced.

[2021-10-08 09:08:35 #6 type.registry] 
New type domain.Apostua

[2021-10-08 09:08:35 #7 type.registry] 
New type java.util.ArrayList<domain.Apostua>

[2021-10-08 09:08:35 #8 type.registry] 
New type java.util.Vector<domain.RegisteredUser>

[2021-10-08 09:08:35 #9 type.registry] 
New type java.util.Vector<java.lang.Double>

[2021-10-08 09:08:35 #10 type] 
Type domain.Apostua is not enhanced.

[2021-10-08 09:08:35 #11 type.registry] 
New type domain.Pronostico

[2021-10-08 09:08:35 #12 type.registry] 
New type java.util.ArrayList<domain.Pronostico>

[2021-10-08 09:08:35 #13 type] 
Type domain.Pronostico is not enhanced.

[2021-10-08 09:08:35 #14 type.registry] 
New type domain.Question

[2021-10-08 09:08:35 #15 type] 
Type domain.Question is not enhanced.

[2021-10-08 09:08:35 #16 type.registry] 
New type domain.Event

[2021-10-08 09:08:35 #17 type] 
Type domain.Event is not enhanced.

[2021-10-08 09:08:35 #18 type.registry] 
New type java.util.Vector<domain.Question>

[2021-10-08 09:08:35 #19 type.registry] 
New type java.util.Vector<java.lang.Object>

[2021-10-08 09:08:35 #20 type.registry] 
New type java.util.ArrayList<java.lang.Object>

[2021-10-08 09:08:35 #21 type.registry] 
New type domain.Worker

[2021-10-08 09:08:35 #22 type] 
Type domain.Worker is not enhanced.

[2021-10-08 09:08:35 #23 type.registry] 
New type domain.Admin

[2021-10-08 09:08:35 #24 type] 
Type domain.Admin is not enhanced.

[2021-10-08 09:08:36 #25 load] 
[ObjectDB 2.6.9_09] Unexpected exception (Error 990)
  Generated by OpenJDK 64-Bit Server VM 16.0.1 (on Windows 10 10.0).
Please report this error on http://www.objectdb.com/database/issue/new
com.objectdb.o.InternalException: Unexpected request domain.Admin:'Nikolas'
com.objectdb.o.InternalException: Unexpected request domain.Admin:'Nikolas'
	at com.objectdb.o.LDR.Vz(LDR.java:1030)
	at com.objectdb.o.RTT.G(RTT.java:267)
	at com.objectdb.o.RTT.F(RTT.java:249)
	at com.objectdb.o.RRT.C(RRT.java:288)
	at com.objectdb.o.RTT.l(RTT.java:134)
	at com.objectdb.o.RRT.l(RRT.java:32)
	at com.objectdb.o.TSK.i(TSK.java:145)
	at com.objectdb.o.TSK.f(TSK.java:95)
	at com.objectdb.o.TSM.e(TSM.java:86)
	at com.objectdb.o.MST.a1(MST.java:707)
	at com.objectdb.o.MST.aY(MST.java:476)
	at com.objectdb.o.MST.U6(MST.java:442)
	at com.objectdb.o.WRA.U6(WRA.java:266)
	at com.objectdb.o.LDR.G(LDR.java:556)
	at com.objectdb.o.LDR.F(LDR.java:473)
	at com.objectdb.o.LDR.A(LDR.java:272)
	at com.objectdb.o.OBC.aO(OBC.java:1061)
	at com.objectdb.o.OBC.aM(OBC.java:979)
	at com.objectdb.jpa.EMImpl.find(EMImpl.java:599)
	at com.objectdb.jpa.EMImpl.find(EMImpl.java:519)
	at test.dataAccess.TestDataAccess.removeUser(TestDataAccess.java:132)
	at test.dataAccess.RegisterDAB.test1(RegisterDAB.java:62)
	at java.base/jdk.internal.reflect.NativeMethodAccessorImpl.invoke0(Native Method)
	at java.base/jdk.internal.reflect.NativeMethodAccessorImpl.invoke(NativeMethodAccessorImpl.java:78)
	at java.base/jdk.internal.reflect.DelegatingMethodAccessorImpl.invoke(DelegatingMethodAccessorImpl.java:43)
	at java.base/java.lang.reflect.Method.invoke(Method.java:567)
	at org.junit.runners.model.FrameworkMethod$1.runReflectiveCall(FrameworkMethod.java:59)
	at org.junit.internal.runners.model.ReflectiveCallable.run(ReflectiveCallable.java:12)
	at org.junit.runners.model.FrameworkMethod.invokeExplosively(FrameworkMethod.java:56)
	at org.junit.internal.runners.statements.InvokeMethod.evaluate(InvokeMethod.java:17)
	at org.junit.runners.ParentRunner$3.evaluate(ParentRunner.java:306)
	at org.junit.runners.BlockJUnit4ClassRunner$1.evaluate(BlockJUnit4ClassRunner.java:100)
	at org.junit.runners.ParentRunner.runLeaf(ParentRunner.java:366)
	at org.junit.runners.BlockJUnit4ClassRunner.runChild(BlockJUnit4ClassRunner.java:103)
	at org.junit.runners.BlockJUnit4ClassRunner.runChild(BlockJUnit4ClassRunner.java:63)
	at org.junit.runners.ParentRunner$4.run(ParentRunner.java:331)
	at org.junit.runners.ParentRunner$1.schedule(ParentRunner.java:79)
	at org.junit.runners.ParentRunner.runChildren(ParentRunner.java:329)
	at org.junit.runners.ParentRunner.access$100(ParentRunner.java:66)
	at org.junit.runners.ParentRunner$2.evaluate(ParentRunner.java:293)
	at org.junit.runners.ParentRunner$3.evaluate(ParentRunner.java:306)
	at org.junit.runners.ParentRunner.run(ParentRunner.java:413)
	at org.eclipse.jdt.internal.junit4.runner.JUnit4TestReference.run(JUnit4TestReference.java:93)
	at org.eclipse.jdt.internal.junit.runner.TestExecution.run(TestExecution.java:40)
	at org.eclipse.jdt.internal.junit.runner.RemoteTestRunner.runTests(RemoteTestRunner.java:529)
	at org.eclipse.jdt.internal.junit.runner.RemoteTestRunner.runTests(RemoteTestRunner.java:756)
	at org.eclipse.jdt.internal.junit.runner.RemoteTestRunner.run(RemoteTestRunner.java:452)
	at org.eclipse.jdt.internal.junit.runner.RemoteTestRunner.main(RemoteTestRunner.java:210)

[2021-10-08 09:08:36 #26 load] 
Request set: {}

[2021-10-08 09:08:36 #27 load] 
[ObjectDB 2.6.9_09] Unexpected exception (Error 990)
  Generated by OpenJDK 64-Bit Server VM 16.0.1 (on Windows 10 10.0).
Please report this error on http://www.objectdb.com/database/issue/new
com.objectdb.o.InternalException: Unexpected request domain.Admin:'Nikolas'
com.objectdb.o.InternalException: Unexpected request domain.Admin:'Nikolas'
	at com.objectdb.o.LDR.Vz(LDR.java:1030)
	at com.objectdb.o.RTT.G(RTT.java:267)
	at com.objectdb.o.RTT.F(RTT.java:249)
	at com.objectdb.o.RRT.C(RRT.java:288)
	at com.objectdb.o.RTT.l(RTT.java:134)
	at com.objectdb.o.RRT.l(RRT.java:32)
	at com.objectdb.o.TSK.i(TSK.java:145)
	at com.objectdb.o.TSK.f(TSK.java:95)
	at com.objectdb.o.TSM.e(TSM.java:86)
	at com.objectdb.o.MST.a1(MST.java:707)
	at com.objectdb.o.MST.aY(MST.java:476)
	at com.objectdb.o.MST.U6(MST.java:442)
	at com.objectdb.o.WRA.U6(WRA.java:266)
	at com.objectdb.o.LDR.G(LDR.java:556)
	at com.objectdb.o.LDR.F(LDR.java:473)
	at com.objectdb.o.LDR.A(LDR.java:272)
	at com.objectdb.o.OBC.aO(OBC.java:1061)
	at com.objectdb.o.OBC.aM(OBC.java:979)
	at com.objectdb.jpa.EMImpl.find(EMImpl.java:599)
	at com.objectdb.jpa.EMImpl.find(EMImpl.java:519)
	at test.dataAccess.TestDataAccess.removeUser(TestDataAccess.java:132)
	at test.dataAccess.RegisterDAB.test2(RegisterDAB.java:93)
	at java.base/jdk.internal.reflect.NativeMethodAccessorImpl.invoke0(Native Method)
	at java.base/jdk.internal.reflect.NativeMethodAccessorImpl.invoke(NativeMethodAccessorImpl.java:78)
	at java.base/jdk.internal.reflect.DelegatingMethodAccessorImpl.invoke(DelegatingMethodAccessorImpl.java:43)
	at java.base/java.lang.reflect.Method.invoke(Method.java:567)
	at org.junit.runners.model.FrameworkMethod$1.runReflectiveCall(FrameworkMethod.java:59)
	at org.junit.internal.runners.model.ReflectiveCallable.run(ReflectiveCallable.java:12)
	at org.junit.runners.model.FrameworkMethod.invokeExplosively(FrameworkMethod.java:56)
	at org.junit.internal.runners.statements.InvokeMethod.evaluate(InvokeMethod.java:17)
	at org.junit.runners.ParentRunner$3.evaluate(ParentRunner.java:306)
	at org.junit.runners.BlockJUnit4ClassRunner$1.evaluate(BlockJUnit4ClassRunner.java:100)
	at org.junit.runners.ParentRunner.runLeaf(ParentRunner.java:366)
	at org.junit.runners.BlockJUnit4ClassRunner.runChild(BlockJUnit4ClassRunner.java:103)
	at org.junit.runners.BlockJUnit4ClassRunner.runChild(BlockJUnit4ClassRunner.java:63)
	at org.junit.runners.ParentRunner$4.run(ParentRunner.java:331)
	at org.junit.runners.ParentRunner$1.schedule(ParentRunner.java:79)
	at org.junit.runners.ParentRunner.runChildren(ParentRunner.java:329)
	at org.junit.runners.ParentRunner.access$100(ParentRunner.java:66)
	at org.junit.runners.ParentRunner$2.evaluate(ParentRunner.java:293)
	at org.junit.runners.ParentRunner$3.evaluate(ParentRunner.java:306)
	at org.junit.runners.ParentRunner.run(ParentRunner.java:413)
	at org.eclipse.jdt.internal.junit4.runner.JUnit4TestReference.run(JUnit4TestReference.java:93)
	at org.eclipse.jdt.internal.junit.runner.TestExecution.run(TestExecution.java:40)
	at org.eclipse.jdt.internal.junit.runner.RemoteTestRunner.runTests(RemoteTestRunner.java:529)
	at org.eclipse.jdt.internal.junit.runner.RemoteTestRunner.runTests(RemoteTestRunner.java:756)
	at org.eclipse.jdt.internal.junit.runner.RemoteTestRunner.run(RemoteTestRunner.java:452)
	at org.eclipse.jdt.internal.junit.runner.RemoteTestRunner.main(RemoteTestRunner.java:210)

[2021-10-08 09:08:36 #28 load] 
Request set: {}

