------------------------------------------------------------------------------------------------------------------------

[2021-11-12 17:45:01 #1 store] 
Database 'C:\Users\PC\Documents\GitHub\Bets21ProbaProiek\src\main\resources\bets.temp' is opened by 3952@DESKTOP-Q82HHB5

[2021-11-12 17:45:01 #2 type.registry] 
New type domain.Pronostico

[2021-11-12 17:45:01 #3 type] 
Type domain.Pronostico is not enhanced.

[2021-11-12 17:45:01 #4 type.registry] 
New type domain.Apostua

[2021-11-12 17:45:01 #5 type.registry] 
New type java.util.ArrayList<domain.Apostua>

[2021-11-12 17:45:01 #6 type.registry] 
New type domain.Question

[2021-11-12 17:45:01 #7 type] 
Type domain.Apostua is not enhanced.

[2021-11-12 17:45:01 #8 type.registry] 
New type java.util.ArrayList<domain.Pronostico>

[2021-11-12 17:45:01 #9 type.registry] 
New type domain.User

[2021-11-12 17:45:01 #10 type.registry] 
New type domain.RegisteredUser

[2021-11-12 17:45:01 #11 type] 
Type domain.Question is not enhanced.

[2021-11-12 17:45:01 #12 type.registry] 
New type domain.Event

[2021-11-12 17:45:01 #13 type] 
Type domain.User is not enhanced.

[2021-11-12 17:45:01 #14 type] 
Type domain.RegisteredUser is not enhanced.

[2021-11-12 17:45:01 #15 type.registry] 
New type java.util.Vector<domain.RegisteredUser>

[2021-11-12 17:45:01 #16 type.registry] 
New type java.util.Vector<java.lang.Double>

[2021-11-12 17:45:01 #17 type] 
Type domain.Event is not enhanced.

[2021-11-12 17:45:01 #18 type.registry] 
New type java.util.Vector<domain.Question>

[2021-11-12 17:45:01 #19 type.registry] 
New type domain.Admin

[2021-11-12 17:45:01 #20 type] 
Type domain.Admin is not enhanced.

[2021-11-12 17:45:01 #21 type.registry] 
New type java.util.Vector<java.lang.Object>

[2021-11-12 17:45:01 #22 type.registry] 
New type java.util.ArrayList<java.lang.Object>

------------------------------------------------------------------------------------------------------------------------

[2021-11-12 18:10:27 #1 store] 
Database 'C:\Users\PC\Documents\GitHub\Bets21ProbaProiek\src\main\resources\bets.temp' is opened by 9284@DESKTOP-Q82HHB5

[2021-11-12 18:10:27 #2 type.registry] 
New type domain.Pronostico

[2021-11-12 18:10:27 #3 type] 
Type domain.Pronostico is not enhanced.

[2021-11-12 18:10:27 #4 type.registry] 
New type domain.Apostua

[2021-11-12 18:10:27 #5 type.registry] 
New type java.util.ArrayList<domain.Apostua>

[2021-11-12 18:10:27 #6 type.registry] 
New type domain.Question

[2021-11-12 18:10:27 #7 type] 
Type domain.Apostua is not enhanced.

[2021-11-12 18:10:27 #8 type.registry] 
New type java.util.ArrayList<domain.Pronostico>

[2021-11-12 18:10:27 #9 type.registry] 
New type domain.User

[2021-11-12 18:10:27 #10 type.registry] 
New type domain.RegisteredUser

[2021-11-12 18:10:27 #11 type] 
Type domain.Question is not enhanced.

[2021-11-12 18:10:27 #12 type.registry] 
New type domain.Event

[2021-11-12 18:10:27 #13 type] 
Type domain.User is not enhanced.

[2021-11-12 18:10:27 #14 type] 
Type domain.RegisteredUser is not enhanced.

[2021-11-12 18:10:27 #15 type.registry] 
New type java.util.Vector<domain.RegisteredUser>

[2021-11-12 18:10:27 #16 type.registry] 
New type java.util.Vector<java.lang.Double>

[2021-11-12 18:10:27 #17 type] 
Type domain.Event is not enhanced.

[2021-11-12 18:10:27 #18 type.registry] 
New type java.util.Vector<domain.Question>

[2021-11-12 18:10:27 #19 type.registry] 
New type domain.Admin

[2021-11-12 18:10:27 #20 type] 
Type domain.Admin is not enhanced.

[2021-11-12 18:10:27 #21 type.registry] 
New type java.util.Vector<java.lang.Object>

[2021-11-12 18:10:27 #22 type.registry] 
New type java.util.ArrayList<java.lang.Object>

