------------------------------------------------------------------------------------------------------------------------

[2021-11-12 17:45:01 #1 store] 
Database 'C:\Users\PC\Documents\GitHub\Bets21ProbaProiek\src\main\resources\bets.temp' is opened by 3952@DESKTOP-Q82HHB5

[2021-11-12 17:45:01 #2 type.registry] 
New type domain.Pronostico

[2021-11-12 17:45:01 #3 type] 
Type domain.Pronostico is not enhanced.

[2021-11-12 17:45:01 #4 type.registry] 
New type domain.Apostua

[2021-11-12 17:45:01 #5 type.registry] 
New type java.util.ArrayList<domain.Apostua>

[2021-11-12 17:45:01 #6 type.registry] 
New type domain.Question

[2021-11-12 17:45:01 #7 type] 
Type domain.Apostua is not enhanced.

[2021-11-12 17:45:01 #8 type.registry] 
New type java.util.ArrayList<domain.Pronostico>

[2021-11-12 17:45:01 #9 type.registry] 
New type domain.User

[2021-11-12 17:45:01 #10 type.registry] 
New type domain.RegisteredUser

[2021-11-12 17:45:01 #11 type] 
Type domain.Question is not enhanced.

[2021-11-12 17:45:01 #12 type.registry] 
New type domain.Event

[2021-11-12 17:45:01 #13 type] 
Type domain.User is not enhanced.

[2021-11-12 17:45:01 #14 type] 
Type domain.RegisteredUser is not enhanced.

[2021-11-12 17:45:01 #15 type.registry] 
New type java.util.Vector<domain.RegisteredUser>

[2021-11-12 17:45:01 #16 type.registry] 
New type java.util.Vector<java.lang.Double>

[2021-11-12 17:45:01 #17 type] 
Type domain.Event is not enhanced.

[2021-11-12 17:45:01 #18 type.registry] 
New type java.util.Vector<domain.Question>

[2021-11-12 17:45:01 #19 type.registry] 
New type domain.Admin

[2021-11-12 17:45:01 #20 type] 
Type domain.Admin is not enhanced.

[2021-11-12 17:45:01 #21 type.registry] 
New type java.util.Vector<java.lang.Object>

[2021-11-12 17:45:01 #22 type.registry] 
New type java.util.ArrayList<java.lang.Object>

------------------------------------------------------------------------------------------------------------------------

[2021-11-12 18:10:27 #1 store] 
Database 'C:\Users\PC\Documents\GitHub\Bets21ProbaProiek\src\main\resources\bets.temp' is opened by 9284@DESKTOP-Q82HHB5

[2021-11-12 18:10:27 #2 type.registry] 
New type domain.Pronostico

[2021-11-12 18:10:27 #3 type] 
Type domain.Pronostico is not enhanced.

[2021-11-12 18:10:27 #4 type.registry] 
New type domain.Apostua

[2021-11-12 18:10:27 #5 type.registry] 
New type java.util.ArrayList<domain.Apostua>

[2021-11-12 18:10:27 #6 type.registry] 
New type domain.Question

[2021-11-12 18:10:27 #7 type] 
Type domain.Apostua is not enhanced.

[2021-11-12 18:10:27 #8 type.registry] 
New type java.util.ArrayList<domain.Pronostico>

[2021-11-12 18:10:27 #9 type.registry] 
New type domain.User

[2021-11-12 18:10:27 #10 type.registry] 
New type domain.RegisteredUser

[2021-11-12 18:10:27 #11 type] 
Type domain.Question is not enhanced.

[2021-11-12 18:10:27 #12 type.registry] 
New type domain.Event

[2021-11-12 18:10:27 #13 type] 
Type domain.User is not enhanced.

[2021-11-12 18:10:27 #14 type] 
Type domain.RegisteredUser is not enhanced.

[2021-11-12 18:10:27 #15 type.registry] 
New type java.util.Vector<domain.RegisteredUser>

[2021-11-12 18:10:27 #16 type.registry] 
New type java.util.Vector<java.lang.Double>

[2021-11-12 18:10:27 #17 type] 
Type domain.Event is not enhanced.

[2021-11-12 18:10:27 #18 type.registry] 
New type java.util.Vector<domain.Question>

[2021-11-12 18:10:27 #19 type.registry] 
New type domain.Admin

[2021-11-12 18:10:27 #20 type] 
Type domain.Admin is not enhanced.

[2021-11-12 18:10:27 #21 type.registry] 
New type java.util.Vector<java.lang.Object>

[2021-11-12 18:10:27 #22 type.registry] 
New type java.util.ArrayList<java.lang.Object>

------------------------------------------------------------------------------------------------------------------------

[2021-11-12 18:17:28 #1 store] 
Database 'C:\Users\bsara\Documents\GitHub\Bets21ProbaProiek\src\main\resources\bets.temp' is opened by 24180@LAPTOP-APEB7RIS

[2021-11-12 18:17:28 #2 type.registry] 
New type domain.Pronostico

[2021-11-12 18:17:28 #3 type] 
Type domain.Pronostico is not enhanced.

[2021-11-12 18:17:28 #4 type.registry] 
New type domain.Apostua

[2021-11-12 18:17:28 #5 type.registry] 
New type java.util.ArrayList<domain.Apostua>

[2021-11-12 18:17:28 #6 type.registry] 
New type domain.Question

[2021-11-12 18:17:28 #7 type] 
Type domain.Apostua is not enhanced.

[2021-11-12 18:17:28 #8 type.registry] 
New type java.util.ArrayList<domain.Pronostico>

[2021-11-12 18:17:28 #9 type.registry] 
New type domain.User

[2021-11-12 18:17:28 #10 type.registry] 
New type domain.RegisteredUser

[2021-11-12 18:17:28 #11 type] 
Type domain.Question is not enhanced.

[2021-11-12 18:17:28 #12 type.registry] 
New type domain.Event

[2021-11-12 18:17:28 #13 type] 
Type domain.User is not enhanced.

[2021-11-12 18:17:28 #14 type] 
Type domain.RegisteredUser is not enhanced.

[2021-11-12 18:17:28 #15 type.registry] 
New type java.util.Vector<domain.RegisteredUser>

[2021-11-12 18:17:28 #16 type.registry] 
New type java.util.Vector<java.lang.Double>

[2021-11-12 18:17:28 #17 type] 
Type domain.Event is not enhanced.

[2021-11-12 18:17:28 #18 type.registry] 
New type java.util.Vector<domain.Question>

[2021-11-12 18:17:28 #19 type.registry] 
New type domain.Admin

[2021-11-12 18:17:28 #20 type] 
Type domain.Admin is not enhanced.

[2021-11-12 18:17:28 #21 type.registry] 
New type java.util.Vector<java.lang.Object>

[2021-11-12 18:17:28 #22 type.registry] 
New type java.util.ArrayList<java.lang.Object>

------------------------------------------------------------------------------------------------------------------------

[2021-11-12 18:19:59 #1 store] 
Database 'C:\Users\bsara\Documents\GitHub\Bets21ProbaProiek\src\main\resources\bets.temp' is opened by 13292@LAPTOP-APEB7RIS

[2021-11-12 18:19:59 #2 type.registry] 
New type domain.Pronostico

[2021-11-12 18:19:59 #3 type] 
Type domain.Pronostico is not enhanced.

[2021-11-12 18:19:59 #4 type.registry] 
New type domain.Apostua

[2021-11-12 18:19:59 #5 type.registry] 
New type java.util.ArrayList<domain.Apostua>

[2021-11-12 18:19:59 #6 type.registry] 
New type domain.Question

[2021-11-12 18:19:59 #7 type] 
Type domain.Apostua is not enhanced.

[2021-11-12 18:19:59 #8 type.registry] 
New type java.util.ArrayList<domain.Pronostico>

[2021-11-12 18:19:59 #9 type.registry] 
New type domain.User

[2021-11-12 18:19:59 #10 type.registry] 
New type domain.RegisteredUser

[2021-11-12 18:19:59 #11 type] 
Type domain.Question is not enhanced.

[2021-11-12 18:19:59 #12 type.registry] 
New type domain.Event

[2021-11-12 18:19:59 #13 type] 
Type domain.User is not enhanced.

[2021-11-12 18:19:59 #14 type] 
Type domain.RegisteredUser is not enhanced.

[2021-11-12 18:19:59 #15 type.registry] 
New type java.util.Vector<domain.RegisteredUser>

[2021-11-12 18:19:59 #16 type.registry] 
New type java.util.Vector<java.lang.Double>

[2021-11-12 18:19:59 #17 type] 
Type domain.Event is not enhanced.

[2021-11-12 18:19:59 #18 type.registry] 
New type java.util.Vector<domain.Question>

[2021-11-12 18:19:59 #19 type.registry] 
New type domain.Admin

[2021-11-12 18:19:59 #20 type] 
Type domain.Admin is not enhanced.

[2021-11-12 18:19:59 #21 type.registry] 
New type java.util.Vector<java.lang.Object>

[2021-11-12 18:19:59 #22 type.registry] 
New type java.util.ArrayList<java.lang.Object>

------------------------------------------------------------------------------------------------------------------------

[2021-11-12 18:23:11 #1 store] 
Database 'C:\Users\bsara\Documents\GitHub\Bets21ProbaProiek\src\main\resources\bets.temp' is opened by 2336@LAPTOP-APEB7RIS

[2021-11-12 18:23:11 #2 type.registry] 
New type domain.Pronostico

[2021-11-12 18:23:11 #3 type] 
Type domain.Pronostico is not enhanced.

[2021-11-12 18:23:11 #4 type.registry] 
New type domain.Apostua

[2021-11-12 18:23:11 #5 type.registry] 
New type java.util.ArrayList<domain.Apostua>

[2021-11-12 18:23:11 #6 type.registry] 
New type domain.Question

[2021-11-12 18:23:11 #7 type] 
Type domain.Apostua is not enhanced.

[2021-11-12 18:23:11 #8 type.registry] 
New type java.util.ArrayList<domain.Pronostico>

[2021-11-12 18:23:11 #9 type.registry] 
New type domain.User

[2021-11-12 18:23:11 #10 type.registry] 
New type domain.RegisteredUser

[2021-11-12 18:23:11 #11 type] 
Type domain.Question is not enhanced.

[2021-11-12 18:23:11 #12 type.registry] 
New type domain.Event

[2021-11-12 18:23:11 #13 type] 
Type domain.User is not enhanced.

[2021-11-12 18:23:11 #14 type] 
Type domain.RegisteredUser is not enhanced.

[2021-11-12 18:23:11 #15 type.registry] 
New type java.util.Vector<domain.RegisteredUser>

[2021-11-12 18:23:11 #16 type.registry] 
New type java.util.Vector<java.lang.Double>

[2021-11-12 18:23:11 #17 type] 
Type domain.Event is not enhanced.

[2021-11-12 18:23:11 #18 type.registry] 
New type java.util.Vector<domain.Question>

[2021-11-12 18:23:11 #19 type.registry] 
New type domain.Admin

[2021-11-12 18:23:11 #20 type] 
Type domain.Admin is not enhanced.

[2021-11-12 18:23:11 #21 type.registry] 
New type java.util.Vector<java.lang.Object>

[2021-11-12 18:23:11 #22 type.registry] 
New type java.util.ArrayList<java.lang.Object>

------------------------------------------------------------------------------------------------------------------------

[2021-11-12 18:30:34 #1 store] 
Database 'C:\Users\bsara\Documents\GitHub\Bets21ProbaProiek\src\main\resources\bets.temp' is opened by 24016@LAPTOP-APEB7RIS

[2021-11-12 18:30:34 #2 type.registry] 
New type domain.Pronostico

[2021-11-12 18:30:34 #3 type] 
Type domain.Pronostico is not enhanced.

[2021-11-12 18:30:34 #4 type.registry] 
New type domain.Apostua

[2021-11-12 18:30:34 #5 type.registry] 
New type java.util.ArrayList<domain.Apostua>

[2021-11-12 18:30:34 #6 type.registry] 
New type domain.Question

[2021-11-12 18:30:34 #7 type] 
Type domain.Apostua is not enhanced.

[2021-11-12 18:30:34 #8 type.registry] 
New type java.util.ArrayList<domain.Pronostico>

[2021-11-12 18:30:34 #9 type.registry] 
New type domain.User

[2021-11-12 18:30:34 #10 type.registry] 
New type domain.RegisteredUser

[2021-11-12 18:30:34 #11 type] 
Type domain.Question is not enhanced.

[2021-11-12 18:30:34 #12 type.registry] 
New type domain.Event

[2021-11-12 18:30:34 #13 type] 
Type domain.User is not enhanced.

[2021-11-12 18:30:34 #14 type] 
Type domain.RegisteredUser is not enhanced.

[2021-11-12 18:30:34 #15 type.registry] 
New type java.util.Vector<domain.RegisteredUser>

[2021-11-12 18:30:34 #16 type.registry] 
New type java.util.Vector<java.lang.Double>

[2021-11-12 18:30:34 #17 type] 
Type domain.Event is not enhanced.

[2021-11-12 18:30:34 #18 type.registry] 
New type java.util.Vector<domain.Question>

[2021-11-12 18:30:34 #19 type.registry] 
New type domain.Admin

[2021-11-12 18:30:34 #20 type] 
Type domain.Admin is not enhanced.

[2021-11-12 18:30:34 #21 type.registry] 
New type java.util.Vector<java.lang.Object>

[2021-11-12 18:30:34 #22 type.registry] 
New type java.util.ArrayList<java.lang.Object>

------------------------------------------------------------------------------------------------------------------------

[2021-11-12 18:31:14 #1 store] 
Database 'C:\Users\bsara\Documents\GitHub\Bets21ProbaProiek\src\main\resources\bets.temp' is opened by 8040@LAPTOP-APEB7RIS

[2021-11-12 18:31:14 #2 type.registry] 
New type domain.Pronostico

[2021-11-12 18:31:14 #3 type] 
Type domain.Pronostico is not enhanced.

[2021-11-12 18:31:14 #4 type.registry] 
New type domain.Apostua

[2021-11-12 18:31:14 #5 type.registry] 
New type java.util.ArrayList<domain.Apostua>

[2021-11-12 18:31:14 #6 type.registry] 
New type domain.Question

[2021-11-12 18:31:14 #7 type] 
Type domain.Apostua is not enhanced.

[2021-11-12 18:31:14 #8 type.registry] 
New type java.util.ArrayList<domain.Pronostico>

[2021-11-12 18:31:14 #9 type.registry] 
New type domain.User

[2021-11-12 18:31:14 #10 type.registry] 
New type domain.RegisteredUser

[2021-11-12 18:31:14 #11 type] 
Type domain.Question is not enhanced.

[2021-11-12 18:31:14 #12 type.registry] 
New type domain.Event

[2021-11-12 18:31:14 #13 type] 
Type domain.User is not enhanced.

[2021-11-12 18:31:14 #14 type] 
Type domain.RegisteredUser is not enhanced.

[2021-11-12 18:31:14 #15 type.registry] 
New type java.util.Vector<domain.RegisteredUser>

[2021-11-12 18:31:14 #16 type.registry] 
New type java.util.Vector<java.lang.Double>

[2021-11-12 18:31:14 #17 type] 
Type domain.Event is not enhanced.

[2021-11-12 18:31:14 #18 type.registry] 
New type java.util.Vector<domain.Question>

[2021-11-12 18:31:14 #19 type.registry] 
New type domain.Admin

[2021-11-12 18:31:14 #20 type] 
Type domain.Admin is not enhanced.

[2021-11-12 18:31:14 #21 type.registry] 
New type java.util.Vector<java.lang.Object>

[2021-11-12 18:31:14 #22 type.registry] 
New type java.util.ArrayList<java.lang.Object>

------------------------------------------------------------------------------------------------------------------------

[2021-11-12 18:31:25 #1 store] 
Database 'C:\Users\bsara\Documents\GitHub\Bets21ProbaProiek\src\main\resources\bets.temp' is opened by 26028@LAPTOP-APEB7RIS

[2021-11-12 18:31:25 #2 type.registry] 
New type domain.Pronostico

[2021-11-12 18:31:25 #3 type] 
Type domain.Pronostico is not enhanced.

[2021-11-12 18:31:25 #4 type.registry] 
New type domain.Apostua

[2021-11-12 18:31:25 #5 type.registry] 
New type java.util.ArrayList<domain.Apostua>

[2021-11-12 18:31:25 #6 type.registry] 
New type domain.Question

[2021-11-12 18:31:25 #7 type] 
Type domain.Apostua is not enhanced.

[2021-11-12 18:31:25 #8 type.registry] 
New type java.util.ArrayList<domain.Pronostico>

[2021-11-12 18:31:25 #9 type.registry] 
New type domain.User

[2021-11-12 18:31:25 #10 type.registry] 
New type domain.RegisteredUser

[2021-11-12 18:31:25 #11 type] 
Type domain.Question is not enhanced.

[2021-11-12 18:31:25 #12 type.registry] 
New type domain.Event

[2021-11-12 18:31:25 #13 type] 
Type domain.User is not enhanced.

[2021-11-12 18:31:25 #14 type] 
Type domain.RegisteredUser is not enhanced.

[2021-11-12 18:31:25 #15 type.registry] 
New type java.util.Vector<domain.RegisteredUser>

[2021-11-12 18:31:25 #16 type.registry] 
New type java.util.Vector<java.lang.Double>

[2021-11-12 18:31:25 #17 type] 
Type domain.Event is not enhanced.

[2021-11-12 18:31:25 #18 type.registry] 
New type java.util.Vector<domain.Question>

[2021-11-12 18:31:25 #19 type.registry] 
New type domain.Admin

[2021-11-12 18:31:25 #20 type] 
Type domain.Admin is not enhanced.

[2021-11-12 18:31:25 #21 type.registry] 
New type java.util.Vector<java.lang.Object>

[2021-11-12 18:31:26 #22 type.registry] 
New type java.util.ArrayList<java.lang.Object>

------------------------------------------------------------------------------------------------------------------------

[2021-11-12 18:33:37 #1 store] 
Database 'C:\Users\bsara\Documents\GitHub\Bets21ProbaProiek\src\main\resources\bets.temp' is opened by 8928@LAPTOP-APEB7RIS

[2021-11-12 18:33:37 #2 type.registry] 
New type domain.Pronostico

[2021-11-12 18:33:37 #3 type] 
Type domain.Pronostico is not enhanced.

[2021-11-12 18:33:37 #4 type.registry] 
New type domain.Apostua

[2021-11-12 18:33:37 #5 type.registry] 
New type java.util.ArrayList<domain.Apostua>

[2021-11-12 18:33:37 #6 type.registry] 
New type domain.Question

[2021-11-12 18:33:37 #7 type] 
Type domain.Apostua is not enhanced.

[2021-11-12 18:33:37 #8 type.registry] 
New type java.util.ArrayList<domain.Pronostico>

[2021-11-12 18:33:37 #9 type.registry] 
New type domain.User

[2021-11-12 18:33:37 #10 type.registry] 
New type domain.RegisteredUser

[2021-11-12 18:33:37 #11 type] 
Type domain.Question is not enhanced.

[2021-11-12 18:33:37 #12 type.registry] 
New type domain.Event

[2021-11-12 18:33:37 #13 type] 
Type domain.User is not enhanced.

[2021-11-12 18:33:37 #14 type] 
Type domain.RegisteredUser is not enhanced.

[2021-11-12 18:33:37 #15 type.registry] 
New type java.util.Vector<domain.RegisteredUser>

[2021-11-12 18:33:37 #16 type.registry] 
New type java.util.Vector<java.lang.Double>

[2021-11-12 18:33:37 #17 type] 
Type domain.Event is not enhanced.

[2021-11-12 18:33:37 #18 type.registry] 
New type java.util.Vector<domain.Question>

[2021-11-12 18:33:37 #19 type.registry] 
New type domain.Admin

[2021-11-12 18:33:37 #20 type] 
Type domain.Admin is not enhanced.

[2021-11-12 18:33:37 #21 type.registry] 
New type java.util.Vector<java.lang.Object>

[2021-11-12 18:33:37 #22 type.registry] 
New type java.util.ArrayList<java.lang.Object>

------------------------------------------------------------------------------------------------------------------------

[2021-11-12 18:34:32 #1 store] 
Database 'C:\Users\bsara\Documents\GitHub\Bets21ProbaProiek\src\main\resources\bets.temp' is opened by 21680@LAPTOP-APEB7RIS

[2021-11-12 18:34:32 #2 type.registry] 
New type domain.Pronostico

[2021-11-12 18:34:32 #3 type] 
Type domain.Pronostico is not enhanced.

[2021-11-12 18:34:32 #4 type.registry] 
New type domain.Apostua

[2021-11-12 18:34:32 #5 type.registry] 
New type java.util.ArrayList<domain.Apostua>

[2021-11-12 18:34:32 #6 type.registry] 
New type domain.Question

[2021-11-12 18:34:32 #7 type] 
Type domain.Apostua is not enhanced.

[2021-11-12 18:34:32 #8 type.registry] 
New type java.util.ArrayList<domain.Pronostico>

[2021-11-12 18:34:32 #9 type.registry] 
New type domain.User

[2021-11-12 18:34:32 #10 type.registry] 
New type domain.RegisteredUser

[2021-11-12 18:34:32 #11 type] 
Type domain.Question is not enhanced.

[2021-11-12 18:34:32 #12 type.registry] 
New type domain.Event

[2021-11-12 18:34:32 #13 type] 
Type domain.User is not enhanced.

[2021-11-12 18:34:32 #14 type] 
Type domain.RegisteredUser is not enhanced.

[2021-11-12 18:34:32 #15 type.registry] 
New type java.util.Vector<domain.RegisteredUser>

[2021-11-12 18:34:32 #16 type.registry] 
New type java.util.Vector<java.lang.Double>

[2021-11-12 18:34:32 #17 type] 
Type domain.Event is not enhanced.

[2021-11-12 18:34:32 #18 type.registry] 
New type java.util.Vector<domain.Question>

[2021-11-12 18:34:32 #19 type.registry] 
New type domain.Admin

[2021-11-12 18:34:32 #20 type] 
Type domain.Admin is not enhanced.

[2021-11-12 18:34:32 #21 type.registry] 
New type java.util.Vector<java.lang.Object>

[2021-11-12 18:34:32 #22 type.registry] 
New type java.util.ArrayList<java.lang.Object>

------------------------------------------------------------------------------------------------------------------------

[2021-11-12 18:35:13 #1 store] 
Database 'C:\Users\bsara\Documents\GitHub\Bets21ProbaProiek\src\main\resources\bets.temp' is opened by 13844@LAPTOP-APEB7RIS

[2021-11-12 18:35:13 #2 type.registry] 
New type domain.Pronostico

[2021-11-12 18:35:13 #3 type] 
Type domain.Pronostico is not enhanced.

[2021-11-12 18:35:13 #4 type.registry] 
New type domain.Apostua

[2021-11-12 18:35:13 #5 type.registry] 
New type java.util.ArrayList<domain.Apostua>

[2021-11-12 18:35:13 #6 type.registry] 
New type domain.Question

[2021-11-12 18:35:13 #7 type] 
Type domain.Apostua is not enhanced.

[2021-11-12 18:35:13 #8 type.registry] 
New type java.util.ArrayList<domain.Pronostico>

[2021-11-12 18:35:13 #9 type.registry] 
New type domain.User

[2021-11-12 18:35:13 #10 type.registry] 
New type domain.RegisteredUser

[2021-11-12 18:35:13 #11 type] 
Type domain.Question is not enhanced.

[2021-11-12 18:35:13 #12 type.registry] 
New type domain.Event

[2021-11-12 18:35:13 #13 type] 
Type domain.User is not enhanced.

[2021-11-12 18:35:13 #14 type] 
Type domain.RegisteredUser is not enhanced.

[2021-11-12 18:35:13 #15 type.registry] 
New type java.util.Vector<domain.RegisteredUser>

[2021-11-12 18:35:13 #16 type.registry] 
New type java.util.Vector<java.lang.Double>

[2021-11-12 18:35:13 #17 type] 
Type domain.Event is not enhanced.

[2021-11-12 18:35:13 #18 type.registry] 
New type java.util.Vector<domain.Question>

[2021-11-12 18:35:13 #19 type.registry] 
New type domain.Admin

[2021-11-12 18:35:13 #20 type] 
Type domain.Admin is not enhanced.

[2021-11-12 18:35:13 #21 type.registry] 
New type java.util.Vector<java.lang.Object>

[2021-11-12 18:35:13 #22 type.registry] 
New type java.util.ArrayList<java.lang.Object>

------------------------------------------------------------------------------------------------------------------------

[2021-11-12 18:38:51 #1 store] 
Database 'C:\Users\bsara\Documents\GitHub\Bets21ProbaProiek\src\main\resources\bets.temp' is opened by 10896@LAPTOP-APEB7RIS

[2021-11-12 18:38:51 #2 type.registry] 
New type domain.Pronostico

[2021-11-12 18:38:51 #3 type] 
Type domain.Pronostico is not enhanced.

[2021-11-12 18:38:51 #4 type.registry] 
New type domain.Apostua

[2021-11-12 18:38:51 #5 type.registry] 
New type java.util.ArrayList<domain.Apostua>

[2021-11-12 18:38:51 #6 type.registry] 
New type domain.Question

[2021-11-12 18:38:51 #7 type] 
Type domain.Apostua is not enhanced.

[2021-11-12 18:38:51 #8 type.registry] 
New type java.util.ArrayList<domain.Pronostico>

[2021-11-12 18:38:51 #9 type.registry] 
New type domain.User

[2021-11-12 18:38:51 #10 type.registry] 
New type domain.RegisteredUser

[2021-11-12 18:38:51 #11 type] 
Type domain.Question is not enhanced.

[2021-11-12 18:38:51 #12 type.registry] 
New type domain.Event

[2021-11-12 18:38:51 #13 type] 
Type domain.User is not enhanced.

[2021-11-12 18:38:51 #14 type] 
Type domain.RegisteredUser is not enhanced.

[2021-11-12 18:38:51 #15 type.registry] 
New type java.util.Vector<domain.RegisteredUser>

[2021-11-12 18:38:51 #16 type.registry] 
New type java.util.Vector<java.lang.Double>

[2021-11-12 18:38:51 #17 type] 
Type domain.Event is not enhanced.

[2021-11-12 18:38:51 #18 type.registry] 
New type java.util.Vector<domain.Question>

[2021-11-12 18:38:51 #19 type.registry] 
New type domain.Admin

[2021-11-12 18:38:51 #20 type] 
Type domain.Admin is not enhanced.

[2021-11-12 18:38:51 #21 type.registry] 
New type java.util.Vector<java.lang.Object>

[2021-11-12 18:38:51 #22 type.registry] 
New type java.util.ArrayList<java.lang.Object>

------------------------------------------------------------------------------------------------------------------------

[2021-11-12 18:42:01 #1 store] 
Database 'C:\Users\bsara\Documents\GitHub\Bets21ProbaProiek\src\main\resources\bets.temp' is opened by 28272@LAPTOP-APEB7RIS

[2021-11-12 18:42:01 #2 type.registry] 
New type domain.Pronostico

[2021-11-12 18:42:01 #3 type] 
Type domain.Pronostico is not enhanced.

[2021-11-12 18:42:01 #4 type.registry] 
New type domain.Apostua

[2021-11-12 18:42:01 #5 type.registry] 
New type java.util.ArrayList<domain.Apostua>

[2021-11-12 18:42:01 #6 type.registry] 
New type domain.Question

[2021-11-12 18:42:01 #7 type] 
Type domain.Apostua is not enhanced.

[2021-11-12 18:42:01 #8 type.registry] 
New type java.util.ArrayList<domain.Pronostico>

[2021-11-12 18:42:01 #9 type.registry] 
New type domain.User

[2021-11-12 18:42:01 #10 type.registry] 
New type domain.RegisteredUser

[2021-11-12 18:42:01 #11 type] 
Type domain.Question is not enhanced.

[2021-11-12 18:42:01 #12 type.registry] 
New type domain.Event

[2021-11-12 18:42:01 #13 type] 
Type domain.User is not enhanced.

[2021-11-12 18:42:01 #14 type] 
Type domain.RegisteredUser is not enhanced.

[2021-11-12 18:42:01 #15 type.registry] 
New type java.util.Vector<domain.RegisteredUser>

[2021-11-12 18:42:01 #16 type.registry] 
New type java.util.Vector<java.lang.Double>

[2021-11-12 18:42:01 #17 type] 
Type domain.Event is not enhanced.

[2021-11-12 18:42:01 #18 type.registry] 
New type java.util.Vector<domain.Question>

[2021-11-12 18:42:01 #19 type.registry] 
New type domain.Admin

[2021-11-12 18:42:01 #20 type] 
Type domain.Admin is not enhanced.

[2021-11-12 18:42:01 #21 type.registry] 
New type java.util.Vector<java.lang.Object>

[2021-11-12 18:42:01 #22 type.registry] 
New type java.util.ArrayList<java.lang.Object>

------------------------------------------------------------------------------------------------------------------------

[2021-11-12 18:43:06 #1 store] 
Database 'C:\Users\bsara\Documents\GitHub\Bets21ProbaProiek\src\main\resources\bets.temp' is opened by 15960@LAPTOP-APEB7RIS

[2021-11-12 18:43:07 #2 type.registry] 
New type domain.Pronostico

[2021-11-12 18:43:07 #3 type] 
Type domain.Pronostico is not enhanced.

[2021-11-12 18:43:07 #4 type.registry] 
New type domain.Apostua

[2021-11-12 18:43:07 #5 type.registry] 
New type java.util.ArrayList<domain.Apostua>

[2021-11-12 18:43:07 #6 type.registry] 
New type domain.Question

[2021-11-12 18:43:07 #7 type] 
Type domain.Apostua is not enhanced.

[2021-11-12 18:43:07 #8 type.registry] 
New type java.util.ArrayList<domain.Pronostico>

[2021-11-12 18:43:07 #9 type.registry] 
New type domain.User

[2021-11-12 18:43:07 #10 type.registry] 
New type domain.RegisteredUser

[2021-11-12 18:43:07 #11 type] 
Type domain.Question is not enhanced.

[2021-11-12 18:43:07 #12 type.registry] 
New type domain.Event

[2021-11-12 18:43:07 #13 type] 
Type domain.User is not enhanced.

[2021-11-12 18:43:07 #14 type] 
Type domain.RegisteredUser is not enhanced.

[2021-11-12 18:43:07 #15 type.registry] 
New type java.util.Vector<domain.RegisteredUser>

[2021-11-12 18:43:07 #16 type.registry] 
New type java.util.Vector<java.lang.Double>

[2021-11-12 18:43:07 #17 type] 
Type domain.Event is not enhanced.

[2021-11-12 18:43:07 #18 type.registry] 
New type java.util.Vector<domain.Question>

[2021-11-12 18:43:07 #19 type.registry] 
New type domain.Admin

[2021-11-12 18:43:07 #20 type] 
Type domain.Admin is not enhanced.

[2021-11-12 18:43:07 #21 type.registry] 
New type java.util.Vector<java.lang.Object>

[2021-11-12 18:43:07 #22 type.registry] 
New type java.util.ArrayList<java.lang.Object>

------------------------------------------------------------------------------------------------------------------------

[2021-11-12 18:44:06 #1 store] 
Database 'C:\Users\bsara\Documents\GitHub\Bets21ProbaProiek\src\main\resources\bets.temp' is opened by 7068@LAPTOP-APEB7RIS

[2021-11-12 18:44:06 #2 type.registry] 
New type domain.Pronostico

[2021-11-12 18:44:06 #3 type] 
Type domain.Pronostico is not enhanced.

[2021-11-12 18:44:06 #4 type.registry] 
New type domain.Apostua

[2021-11-12 18:44:06 #5 type.registry] 
New type java.util.ArrayList<domain.Apostua>

[2021-11-12 18:44:06 #6 type.registry] 
New type domain.Question

[2021-11-12 18:44:06 #7 type] 
Type domain.Apostua is not enhanced.

[2021-11-12 18:44:06 #8 type.registry] 
New type java.util.ArrayList<domain.Pronostico>

[2021-11-12 18:44:06 #9 type.registry] 
New type domain.User

[2021-11-12 18:44:06 #10 type.registry] 
New type domain.RegisteredUser

[2021-11-12 18:44:06 #11 type] 
Type domain.Question is not enhanced.

[2021-11-12 18:44:06 #12 type.registry] 
New type domain.Event

[2021-11-12 18:44:06 #13 type] 
Type domain.User is not enhanced.

[2021-11-12 18:44:06 #14 type] 
Type domain.RegisteredUser is not enhanced.

[2021-11-12 18:44:06 #15 type.registry] 
New type java.util.Vector<domain.RegisteredUser>

[2021-11-12 18:44:06 #16 type.registry] 
New type java.util.Vector<java.lang.Double>

[2021-11-12 18:44:06 #17 type] 
Type domain.Event is not enhanced.

[2021-11-12 18:44:06 #18 type.registry] 
New type java.util.Vector<domain.Question>

[2021-11-12 18:44:06 #19 type.registry] 
New type domain.Admin

[2021-11-12 18:44:06 #20 type] 
Type domain.Admin is not enhanced.

[2021-11-12 18:44:06 #21 type.registry] 
New type java.util.Vector<java.lang.Object>

[2021-11-12 18:44:06 #22 type.registry] 
New type java.util.ArrayList<java.lang.Object>

------------------------------------------------------------------------------------------------------------------------

[2021-11-12 18:47:49 #1 store] 
Database 'C:\Users\bsara\Documents\GitHub\Bets21ProbaProiek\src\main\resources\bets.temp' is opened by 32868@LAPTOP-APEB7RIS

[2021-11-12 18:47:49 #2 type.registry] 
New type domain.Pronostico

[2021-11-12 18:47:49 #3 type] 
Type domain.Pronostico is not enhanced.

[2021-11-12 18:47:49 #4 type.registry] 
New type domain.Apostua

[2021-11-12 18:47:49 #5 type.registry] 
New type java.util.ArrayList<domain.Apostua>

[2021-11-12 18:47:49 #6 type.registry] 
New type domain.Question

[2021-11-12 18:47:49 #7 type] 
Type domain.Apostua is not enhanced.

[2021-11-12 18:47:49 #8 type.registry] 
New type java.util.ArrayList<domain.Pronostico>

[2021-11-12 18:47:49 #9 type.registry] 
New type domain.User

[2021-11-12 18:47:49 #10 type.registry] 
New type domain.RegisteredUser

[2021-11-12 18:47:49 #11 type] 
Type domain.Question is not enhanced.

[2021-11-12 18:47:49 #12 type.registry] 
New type domain.Event

[2021-11-12 18:47:49 #13 type] 
Type domain.User is not enhanced.

[2021-11-12 18:47:49 #14 type] 
Type domain.RegisteredUser is not enhanced.

[2021-11-12 18:47:49 #15 type.registry] 
New type java.util.Vector<domain.RegisteredUser>

[2021-11-12 18:47:49 #16 type.registry] 
New type java.util.Vector<java.lang.Double>

[2021-11-12 18:47:49 #17 type] 
Type domain.Event is not enhanced.

[2021-11-12 18:47:49 #18 type.registry] 
New type java.util.Vector<domain.Question>

[2021-11-12 18:47:49 #19 type.registry] 
New type domain.Admin

[2021-11-12 18:47:49 #20 type] 
Type domain.Admin is not enhanced.

[2021-11-12 18:47:49 #21 type.registry] 
New type java.util.Vector<java.lang.Object>

[2021-11-12 18:47:49 #22 type.registry] 
New type java.util.ArrayList<java.lang.Object>

------------------------------------------------------------------------------------------------------------------------

[2021-11-12 18:50:17 #1 store] 
Database 'C:\Users\bsara\Documents\GitHub\Bets21ProbaProiek\src\main\resources\bets.temp' is opened by 34316@LAPTOP-APEB7RIS

[2021-11-12 18:50:17 #2 type.registry] 
New type domain.Pronostico

[2021-11-12 18:50:17 #3 type] 
Type domain.Pronostico is not enhanced.

[2021-11-12 18:50:17 #4 type.registry] 
New type domain.Apostua

[2021-11-12 18:50:17 #5 type.registry] 
New type java.util.ArrayList<domain.Apostua>

[2021-11-12 18:50:17 #6 type.registry] 
New type domain.Question

[2021-11-12 18:50:17 #7 type] 
Type domain.Apostua is not enhanced.

[2021-11-12 18:50:17 #8 type.registry] 
New type java.util.ArrayList<domain.Pronostico>

[2021-11-12 18:50:17 #9 type.registry] 
New type domain.User

[2021-11-12 18:50:17 #10 type.registry] 
New type domain.RegisteredUser

[2021-11-12 18:50:17 #11 type] 
Type domain.Question is not enhanced.

[2021-11-12 18:50:17 #12 type.registry] 
New type domain.Event

[2021-11-12 18:50:17 #13 type] 
Type domain.User is not enhanced.

[2021-11-12 18:50:17 #14 type] 
Type domain.RegisteredUser is not enhanced.

[2021-11-12 18:50:17 #15 type.registry] 
New type java.util.Vector<domain.RegisteredUser>

[2021-11-12 18:50:17 #16 type.registry] 
New type java.util.Vector<java.lang.Double>

[2021-11-12 18:50:17 #17 type] 
Type domain.Event is not enhanced.

[2021-11-12 18:50:17 #18 type.registry] 
New type java.util.Vector<domain.Question>

[2021-11-12 18:50:17 #19 type.registry] 
New type domain.Admin

[2021-11-12 18:50:17 #20 type] 
Type domain.Admin is not enhanced.

[2021-11-12 18:50:17 #21 type.registry] 
New type java.util.Vector<java.lang.Object>

[2021-11-12 18:50:17 #22 type.registry] 
New type java.util.ArrayList<java.lang.Object>

------------------------------------------------------------------------------------------------------------------------

[2021-11-12 18:51:17 #1 store] 
Database 'C:\Users\bsara\Documents\GitHub\Bets21ProbaProiek\src\main\resources\bets.temp' is opened by 16048@LAPTOP-APEB7RIS

[2021-11-12 18:51:18 #2 type.registry] 
New type domain.Pronostico

[2021-11-12 18:51:18 #3 type] 
Type domain.Pronostico is not enhanced.

[2021-11-12 18:51:18 #4 type.registry] 
New type domain.Apostua

[2021-11-12 18:51:18 #5 type.registry] 
New type java.util.ArrayList<domain.Apostua>

[2021-11-12 18:51:18 #6 type.registry] 
New type domain.Question

[2021-11-12 18:51:18 #7 type] 
Type domain.Apostua is not enhanced.

[2021-11-12 18:51:18 #8 type.registry] 
New type java.util.ArrayList<domain.Pronostico>

[2021-11-12 18:51:18 #9 type.registry] 
New type domain.User

[2021-11-12 18:51:18 #10 type.registry] 
New type domain.RegisteredUser

[2021-11-12 18:51:18 #11 type] 
Type domain.Question is not enhanced.

[2021-11-12 18:51:18 #12 type.registry] 
New type domain.Event

[2021-11-12 18:51:18 #13 type] 
Type domain.User is not enhanced.

[2021-11-12 18:51:18 #14 type] 
Type domain.RegisteredUser is not enhanced.

[2021-11-12 18:51:18 #15 type.registry] 
New type java.util.Vector<domain.RegisteredUser>

[2021-11-12 18:51:18 #16 type.registry] 
New type java.util.Vector<java.lang.Double>

[2021-11-12 18:51:18 #17 type] 
Type domain.Event is not enhanced.

[2021-11-12 18:51:18 #18 type.registry] 
New type java.util.Vector<domain.Question>

[2021-11-12 18:51:18 #19 type.registry] 
New type domain.Admin

[2021-11-12 18:51:18 #20 type] 
Type domain.Admin is not enhanced.

[2021-11-12 18:51:18 #21 type.registry] 
New type java.util.Vector<java.lang.Object>

[2021-11-12 18:51:18 #22 type.registry] 
New type java.util.ArrayList<java.lang.Object>

------------------------------------------------------------------------------------------------------------------------

[2021-11-12 18:53:31 #1 store] 
Database 'C:\Users\bsara\Documents\GitHub\Bets21ProbaProiek\src\main\resources\bets.temp' is opened by 316@LAPTOP-APEB7RIS

[2021-11-12 18:53:31 #2 type.registry] 
New type domain.Pronostico

[2021-11-12 18:53:31 #3 type] 
Type domain.Pronostico is not enhanced.

[2021-11-12 18:53:31 #4 type.registry] 
New type domain.Apostua

[2021-11-12 18:53:31 #5 type.registry] 
New type java.util.ArrayList<domain.Apostua>

[2021-11-12 18:53:31 #6 type.registry] 
New type domain.Question

[2021-11-12 18:53:31 #7 type] 
Type domain.Apostua is not enhanced.

[2021-11-12 18:53:31 #8 type.registry] 
New type java.util.ArrayList<domain.Pronostico>

[2021-11-12 18:53:31 #9 type.registry] 
New type domain.User

[2021-11-12 18:53:31 #10 type.registry] 
New type domain.RegisteredUser

[2021-11-12 18:53:31 #11 type] 
Type domain.Question is not enhanced.

[2021-11-12 18:53:31 #12 type.registry] 
New type domain.Event

[2021-11-12 18:53:31 #13 type] 
Type domain.User is not enhanced.

[2021-11-12 18:53:31 #14 type] 
Type domain.RegisteredUser is not enhanced.

[2021-11-12 18:53:31 #15 type.registry] 
New type java.util.Vector<domain.RegisteredUser>

[2021-11-12 18:53:31 #16 type.registry] 
New type java.util.Vector<java.lang.Double>

[2021-11-12 18:53:31 #17 type] 
Type domain.Event is not enhanced.

[2021-11-12 18:53:31 #18 type.registry] 
New type java.util.Vector<domain.Question>

[2021-11-12 18:53:31 #19 type.registry] 
New type domain.Admin

[2021-11-12 18:53:31 #20 type] 
Type domain.Admin is not enhanced.

[2021-11-12 18:53:31 #21 type.registry] 
New type java.util.Vector<java.lang.Object>

[2021-11-12 18:53:31 #22 type.registry] 
New type java.util.ArrayList<java.lang.Object>

------------------------------------------------------------------------------------------------------------------------

[2021-11-12 18:54:43 #1 store] 
Database 'C:\Users\bsara\Documents\GitHub\Bets21ProbaProiek\src\main\resources\bets.temp' is opened by 29748@LAPTOP-APEB7RIS

[2021-11-12 18:54:43 #2 type.registry] 
New type domain.Pronostico

[2021-11-12 18:54:43 #3 type] 
Type domain.Pronostico is not enhanced.

[2021-11-12 18:54:43 #4 type.registry] 
New type domain.Apostua

[2021-11-12 18:54:43 #5 type.registry] 
New type java.util.ArrayList<domain.Apostua>

[2021-11-12 18:54:43 #6 type.registry] 
New type domain.Question

[2021-11-12 18:54:43 #7 type] 
Type domain.Apostua is not enhanced.

[2021-11-12 18:54:43 #8 type.registry] 
New type java.util.ArrayList<domain.Pronostico>

[2021-11-12 18:54:43 #9 type.registry] 
New type domain.User

[2021-11-12 18:54:43 #10 type.registry] 
New type domain.RegisteredUser

[2021-11-12 18:54:43 #11 type] 
Type domain.Question is not enhanced.

[2021-11-12 18:54:43 #12 type.registry] 
New type domain.Event

[2021-11-12 18:54:43 #13 type] 
Type domain.User is not enhanced.

[2021-11-12 18:54:43 #14 type] 
Type domain.RegisteredUser is not enhanced.

[2021-11-12 18:54:43 #15 type.registry] 
New type java.util.Vector<domain.RegisteredUser>

[2021-11-12 18:54:43 #16 type.registry] 
New type java.util.Vector<java.lang.Double>

[2021-11-12 18:54:43 #17 type] 
Type domain.Event is not enhanced.

[2021-11-12 18:54:43 #18 type.registry] 
New type java.util.Vector<domain.Question>

[2021-11-12 18:54:43 #19 type.registry] 
New type domain.Admin

[2021-11-12 18:54:43 #20 type] 
Type domain.Admin is not enhanced.

[2021-11-12 18:54:43 #21 type.registry] 
New type java.util.Vector<java.lang.Object>

[2021-11-12 18:54:43 #22 type.registry] 
New type java.util.ArrayList<java.lang.Object>

------------------------------------------------------------------------------------------------------------------------

[2021-11-12 18:55:16 #1 store] 
Database 'C:\Users\bsara\Documents\GitHub\Bets21ProbaProiek\src\main\resources\bets.temp' is opened by 25828@LAPTOP-APEB7RIS

[2021-11-12 18:55:16 #2 type.registry] 
New type domain.Pronostico

[2021-11-12 18:55:16 #3 type] 
Type domain.Pronostico is not enhanced.

[2021-11-12 18:55:16 #4 type.registry] 
New type domain.Apostua

[2021-11-12 18:55:16 #5 type.registry] 
New type java.util.ArrayList<domain.Apostua>

[2021-11-12 18:55:16 #6 type.registry] 
New type domain.Question

[2021-11-12 18:55:16 #7 type] 
Type domain.Apostua is not enhanced.

[2021-11-12 18:55:16 #8 type.registry] 
New type java.util.ArrayList<domain.Pronostico>

[2021-11-12 18:55:16 #9 type.registry] 
New type domain.User

[2021-11-12 18:55:16 #10 type.registry] 
New type domain.RegisteredUser

[2021-11-12 18:55:16 #11 type] 
Type domain.Question is not enhanced.

[2021-11-12 18:55:16 #12 type.registry] 
New type domain.Event

[2021-11-12 18:55:16 #13 type] 
Type domain.User is not enhanced.

[2021-11-12 18:55:16 #14 type] 
Type domain.RegisteredUser is not enhanced.

[2021-11-12 18:55:16 #15 type.registry] 
New type java.util.Vector<domain.RegisteredUser>

[2021-11-12 18:55:16 #16 type.registry] 
New type java.util.Vector<java.lang.Double>

[2021-11-12 18:55:16 #17 type] 
Type domain.Event is not enhanced.

[2021-11-12 18:55:16 #18 type.registry] 
New type java.util.Vector<domain.Question>

[2021-11-12 18:55:16 #19 type.registry] 
New type domain.Admin

[2021-11-12 18:55:16 #20 type] 
Type domain.Admin is not enhanced.

[2021-11-12 18:55:16 #21 type.registry] 
New type java.util.Vector<java.lang.Object>

[2021-11-12 18:55:16 #22 type.registry] 
New type java.util.ArrayList<java.lang.Object>

------------------------------------------------------------------------------------------------------------------------

[2021-11-12 18:55:33 #1 store] 
Database 'C:\Users\bsara\Documents\GitHub\Bets21ProbaProiek\src\main\resources\bets.temp' is opened by 23220@LAPTOP-APEB7RIS

[2021-11-12 18:55:33 #2 type.registry] 
New type domain.Pronostico

[2021-11-12 18:55:33 #3 type] 
Type domain.Pronostico is not enhanced.

[2021-11-12 18:55:33 #4 type.registry] 
New type domain.Apostua

[2021-11-12 18:55:33 #5 type.registry] 
New type java.util.ArrayList<domain.Apostua>

[2021-11-12 18:55:33 #6 type.registry] 
New type domain.Question

[2021-11-12 18:55:33 #7 type] 
Type domain.Apostua is not enhanced.

[2021-11-12 18:55:33 #8 type.registry] 
New type java.util.ArrayList<domain.Pronostico>

[2021-11-12 18:55:33 #9 type.registry] 
New type domain.User

[2021-11-12 18:55:33 #10 type.registry] 
New type domain.RegisteredUser

[2021-11-12 18:55:33 #11 type] 
Type domain.Question is not enhanced.

[2021-11-12 18:55:33 #12 type.registry] 
New type domain.Event

[2021-11-12 18:55:33 #13 type] 
Type domain.User is not enhanced.

[2021-11-12 18:55:33 #14 type] 
Type domain.RegisteredUser is not enhanced.

[2021-11-12 18:55:33 #15 type.registry] 
New type java.util.Vector<domain.RegisteredUser>

[2021-11-12 18:55:33 #16 type.registry] 
New type java.util.Vector<java.lang.Double>

[2021-11-12 18:55:33 #17 type] 
Type domain.Event is not enhanced.

[2021-11-12 18:55:33 #18 type.registry] 
New type java.util.Vector<domain.Question>

[2021-11-12 18:55:33 #19 type.registry] 
New type domain.Admin

[2021-11-12 18:55:33 #20 type] 
Type domain.Admin is not enhanced.

[2021-11-12 18:55:33 #21 type.registry] 
New type java.util.Vector<java.lang.Object>

[2021-11-12 18:55:33 #22 type.registry] 
New type java.util.ArrayList<java.lang.Object>

------------------------------------------------------------------------------------------------------------------------

[2021-11-12 18:57:17 #1 store] 
Database 'C:\Users\bsara\Documents\GitHub\Bets21ProbaProiek\src\main\resources\bets.temp' is opened by 15776@LAPTOP-APEB7RIS

[2021-11-12 18:57:17 #2 type.registry] 
New type domain.Pronostico

[2021-11-12 18:57:17 #3 type] 
Type domain.Pronostico is not enhanced.

[2021-11-12 18:57:17 #4 type.registry] 
New type domain.Apostua

[2021-11-12 18:57:17 #5 type.registry] 
New type java.util.ArrayList<domain.Apostua>

[2021-11-12 18:57:17 #6 type.registry] 
New type domain.Question

[2021-11-12 18:57:17 #7 type] 
Type domain.Apostua is not enhanced.

[2021-11-12 18:57:17 #8 type.registry] 
New type java.util.ArrayList<domain.Pronostico>

[2021-11-12 18:57:17 #9 type.registry] 
New type domain.User

[2021-11-12 18:57:17 #10 type.registry] 
New type domain.RegisteredUser

[2021-11-12 18:57:17 #11 type] 
Type domain.Question is not enhanced.

[2021-11-12 18:57:17 #12 type.registry] 
New type domain.Event

[2021-11-12 18:57:17 #13 type] 
Type domain.User is not enhanced.

[2021-11-12 18:57:17 #14 type] 
Type domain.RegisteredUser is not enhanced.

[2021-11-12 18:57:17 #15 type.registry] 
New type java.util.Vector<domain.RegisteredUser>

[2021-11-12 18:57:17 #16 type.registry] 
New type java.util.Vector<java.lang.Double>

[2021-11-12 18:57:17 #17 type] 
Type domain.Event is not enhanced.

[2021-11-12 18:57:17 #18 type.registry] 
New type java.util.Vector<domain.Question>

[2021-11-12 18:57:17 #19 type.registry] 
New type domain.Admin

[2021-11-12 18:57:17 #20 type] 
Type domain.Admin is not enhanced.

[2021-11-12 18:57:17 #21 type.registry] 
New type java.util.Vector<java.lang.Object>

[2021-11-12 18:57:17 #22 type.registry] 
New type java.util.ArrayList<java.lang.Object>

------------------------------------------------------------------------------------------------------------------------

[2021-11-12 18:58:45 #1 store] 
Database 'C:\Users\bsara\Documents\GitHub\Bets21ProbaProiek\src\main\resources\bets.temp' is opened by 26188@LAPTOP-APEB7RIS

[2021-11-12 18:58:45 #2 type.registry] 
New type domain.Pronostico

[2021-11-12 18:58:45 #3 type] 
Type domain.Pronostico is not enhanced.

[2021-11-12 18:58:45 #4 type.registry] 
New type domain.Apostua

[2021-11-12 18:58:45 #5 type.registry] 
New type java.util.ArrayList<domain.Apostua>

[2021-11-12 18:58:45 #6 type.registry] 
New type domain.Question

[2021-11-12 18:58:45 #7 type] 
Type domain.Apostua is not enhanced.

[2021-11-12 18:58:45 #8 type.registry] 
New type java.util.ArrayList<domain.Pronostico>

[2021-11-12 18:58:45 #9 type.registry] 
New type domain.User

[2021-11-12 18:58:45 #10 type.registry] 
New type domain.RegisteredUser

[2021-11-12 18:58:45 #11 type] 
Type domain.Question is not enhanced.

[2021-11-12 18:58:45 #12 type.registry] 
New type domain.Event

[2021-11-12 18:58:45 #13 type] 
Type domain.User is not enhanced.

[2021-11-12 18:58:45 #14 type] 
Type domain.RegisteredUser is not enhanced.

[2021-11-12 18:58:45 #15 type.registry] 
New type java.util.Vector<domain.RegisteredUser>

[2021-11-12 18:58:45 #16 type.registry] 
New type java.util.Vector<java.lang.Double>

[2021-11-12 18:58:45 #17 type] 
Type domain.Event is not enhanced.

[2021-11-12 18:58:45 #18 type.registry] 
New type java.util.Vector<domain.Question>

[2021-11-12 18:58:45 #19 type.registry] 
New type domain.Admin

[2021-11-12 18:58:45 #20 type] 
Type domain.Admin is not enhanced.

[2021-11-12 18:58:45 #21 type.registry] 
New type java.util.Vector<java.lang.Object>

[2021-11-12 18:58:45 #22 type.registry] 
New type java.util.ArrayList<java.lang.Object>

------------------------------------------------------------------------------------------------------------------------

[2021-11-12 19:02:14 #1 store] 
Database 'C:\Users\bsara\Documents\GitHub\Bets21ProbaProiek\src\main\resources\bets.temp' is opened by 27132@LAPTOP-APEB7RIS

[2021-11-12 19:02:14 #2 type.registry] 
New type domain.Pronostico

[2021-11-12 19:02:14 #3 type] 
Type domain.Pronostico is not enhanced.

[2021-11-12 19:02:14 #4 type.registry] 
New type domain.Apostua

[2021-11-12 19:02:14 #5 type.registry] 
New type java.util.ArrayList<domain.Apostua>

[2021-11-12 19:02:14 #6 type.registry] 
New type domain.Question

[2021-11-12 19:02:14 #7 type] 
Type domain.Apostua is not enhanced.

[2021-11-12 19:02:14 #8 type.registry] 
New type java.util.ArrayList<domain.Pronostico>

[2021-11-12 19:02:14 #9 type.registry] 
New type domain.User

[2021-11-12 19:02:14 #10 type.registry] 
New type domain.RegisteredUser

[2021-11-12 19:02:14 #11 type] 
Type domain.Question is not enhanced.

[2021-11-12 19:02:14 #12 type.registry] 
New type domain.Event

[2021-11-12 19:02:14 #13 type] 
Type domain.User is not enhanced.

[2021-11-12 19:02:14 #14 type] 
Type domain.RegisteredUser is not enhanced.

[2021-11-12 19:02:14 #15 type.registry] 
New type java.util.Vector<domain.RegisteredUser>

[2021-11-12 19:02:14 #16 type.registry] 
New type java.util.Vector<java.lang.Double>

[2021-11-12 19:02:14 #17 type] 
Type domain.Event is not enhanced.

[2021-11-12 19:02:14 #18 type.registry] 
New type java.util.Vector<domain.Question>

[2021-11-12 19:02:14 #19 type.registry] 
New type domain.Admin

[2021-11-12 19:02:14 #20 type] 
Type domain.Admin is not enhanced.

[2021-11-12 19:02:14 #21 type.registry] 
New type java.util.Vector<java.lang.Object>

[2021-11-12 19:02:14 #22 type.registry] 
New type java.util.ArrayList<java.lang.Object>

------------------------------------------------------------------------------------------------------------------------

[2021-11-12 19:17:35 #1 store] 
Database 'C:\Users\bsara\Documents\GitHub\Bets21ProbaProiek\src\main\resources\bets.temp' is opened by 13612@LAPTOP-APEB7RIS

[2021-11-12 19:17:35 #2 type.registry] 
New type domain.Pronostico

[2021-11-12 19:17:35 #3 type] 
Type domain.Pronostico is not enhanced.

[2021-11-12 19:17:35 #4 type.registry] 
New type domain.Apostua

[2021-11-12 19:17:35 #5 type.registry] 
New type java.util.ArrayList<domain.Apostua>

[2021-11-12 19:17:35 #6 type.registry] 
New type domain.Question

[2021-11-12 19:17:35 #7 type] 
Type domain.Apostua is not enhanced.

[2021-11-12 19:17:35 #8 type.registry] 
New type java.util.ArrayList<domain.Pronostico>

[2021-11-12 19:17:35 #9 type.registry] 
New type domain.User

[2021-11-12 19:17:35 #10 type.registry] 
New type domain.RegisteredUser

[2021-11-12 19:17:35 #11 type] 
Type domain.Question is not enhanced.

[2021-11-12 19:17:35 #12 type.registry] 
New type domain.Event

[2021-11-12 19:17:35 #13 type] 
Type domain.User is not enhanced.

[2021-11-12 19:17:35 #14 type] 
Type domain.RegisteredUser is not enhanced.

[2021-11-12 19:17:35 #15 type.registry] 
New type java.util.Vector<domain.RegisteredUser>

[2021-11-12 19:17:35 #16 type.registry] 
New type java.util.Vector<java.lang.Double>

[2021-11-12 19:17:35 #17 type] 
Type domain.Event is not enhanced.

[2021-11-12 19:17:35 #18 type.registry] 
New type java.util.Vector<domain.Question>

[2021-11-12 19:17:35 #19 type.registry] 
New type domain.Admin

[2021-11-12 19:17:35 #20 type] 
Type domain.Admin is not enhanced.

[2021-11-12 19:17:35 #21 type.registry] 
New type java.util.Vector<java.lang.Object>

[2021-11-12 19:17:35 #22 type.registry] 
New type java.util.ArrayList<java.lang.Object>

------------------------------------------------------------------------------------------------------------------------

[2021-11-12 19:19:42 #1 store] 
Database 'C:\Users\bsara\Documents\GitHub\Bets21ProbaProiek\src\main\resources\bets.temp' is opened by 31872@LAPTOP-APEB7RIS

[2021-11-12 19:19:43 #2 type.registry] 
New type domain.Pronostico

[2021-11-12 19:19:43 #3 type] 
Type domain.Pronostico is not enhanced.

[2021-11-12 19:19:43 #4 type.registry] 
New type domain.Apostua

[2021-11-12 19:19:43 #5 type.registry] 
New type java.util.ArrayList<domain.Apostua>

[2021-11-12 19:19:43 #6 type.registry] 
New type domain.Question

[2021-11-12 19:19:43 #7 type] 
Type domain.Apostua is not enhanced.

[2021-11-12 19:19:43 #8 type.registry] 
New type java.util.ArrayList<domain.Pronostico>

[2021-11-12 19:19:43 #9 type.registry] 
New type domain.User

[2021-11-12 19:19:43 #10 type.registry] 
New type domain.RegisteredUser

[2021-11-12 19:19:43 #11 type] 
Type domain.Question is not enhanced.

[2021-11-12 19:19:43 #12 type.registry] 
New type domain.Event

[2021-11-12 19:19:43 #13 type] 
Type domain.User is not enhanced.

[2021-11-12 19:19:43 #14 type] 
Type domain.RegisteredUser is not enhanced.

[2021-11-12 19:19:43 #15 type.registry] 
New type java.util.Vector<domain.RegisteredUser>

[2021-11-12 19:19:43 #16 type.registry] 
New type java.util.Vector<java.lang.Double>

[2021-11-12 19:19:43 #17 type] 
Type domain.Event is not enhanced.

[2021-11-12 19:19:43 #18 type.registry] 
New type java.util.Vector<domain.Question>

[2021-11-12 19:19:43 #19 type.registry] 
New type domain.Admin

[2021-11-12 19:19:43 #20 type] 
Type domain.Admin is not enhanced.

[2021-11-12 19:19:43 #21 type.registry] 
New type java.util.Vector<java.lang.Object>

[2021-11-12 19:19:43 #22 type.registry] 
New type java.util.ArrayList<java.lang.Object>

------------------------------------------------------------------------------------------------------------------------

[2021-11-12 19:20:29 #1 store] 
Database 'C:\Users\bsara\Documents\GitHub\Bets21ProbaProiek\src\main\resources\bets.temp' is opened by 2136@LAPTOP-APEB7RIS

[2021-11-12 19:20:29 #2 type.registry] 
New type domain.Pronostico

[2021-11-12 19:20:29 #3 type] 
Type domain.Pronostico is not enhanced.

[2021-11-12 19:20:29 #4 type.registry] 
New type domain.Apostua

[2021-11-12 19:20:29 #5 type.registry] 
New type java.util.ArrayList<domain.Apostua>

[2021-11-12 19:20:29 #6 type.registry] 
New type domain.Question

[2021-11-12 19:20:29 #7 type] 
Type domain.Apostua is not enhanced.

[2021-11-12 19:20:29 #8 type.registry] 
New type java.util.ArrayList<domain.Pronostico>

[2021-11-12 19:20:29 #9 type.registry] 
New type domain.User

[2021-11-12 19:20:29 #10 type.registry] 
New type domain.RegisteredUser

[2021-11-12 19:20:29 #11 type] 
Type domain.Question is not enhanced.

[2021-11-12 19:20:29 #12 type.registry] 
New type domain.Event

[2021-11-12 19:20:29 #13 type] 
Type domain.User is not enhanced.

[2021-11-12 19:20:29 #14 type] 
Type domain.RegisteredUser is not enhanced.

[2021-11-12 19:20:29 #15 type.registry] 
New type java.util.Vector<domain.RegisteredUser>

[2021-11-12 19:20:29 #16 type.registry] 
New type java.util.Vector<java.lang.Double>

[2021-11-12 19:20:29 #17 type] 
Type domain.Event is not enhanced.

[2021-11-12 19:20:29 #18 type.registry] 
New type java.util.Vector<domain.Question>

[2021-11-12 19:20:29 #19 type.registry] 
New type domain.Admin

[2021-11-12 19:20:29 #20 type] 
Type domain.Admin is not enhanced.

[2021-11-12 19:20:29 #21 type.registry] 
New type java.util.Vector<java.lang.Object>

[2021-11-12 19:20:29 #22 type.registry] 
New type java.util.ArrayList<java.lang.Object>

------------------------------------------------------------------------------------------------------------------------

[2021-11-12 19:20:56 #1 store] 
Database 'C:\Users\bsara\Documents\GitHub\Bets21ProbaProiek\src\main\resources\bets.temp' is opened by 19828@LAPTOP-APEB7RIS

[2021-11-12 19:20:56 #2 type.registry] 
New type domain.Pronostico

[2021-11-12 19:20:56 #3 type] 
Type domain.Pronostico is not enhanced.

[2021-11-12 19:20:56 #4 type.registry] 
New type domain.Apostua

[2021-11-12 19:20:56 #5 type.registry] 
New type java.util.ArrayList<domain.Apostua>

[2021-11-12 19:20:56 #6 type.registry] 
New type domain.Question

[2021-11-12 19:20:56 #7 type] 
Type domain.Apostua is not enhanced.

[2021-11-12 19:20:56 #8 type.registry] 
New type java.util.ArrayList<domain.Pronostico>

[2021-11-12 19:20:56 #9 type.registry] 
New type domain.User

[2021-11-12 19:20:56 #10 type.registry] 
New type domain.RegisteredUser

[2021-11-12 19:20:56 #11 type] 
Type domain.Question is not enhanced.

[2021-11-12 19:20:56 #12 type.registry] 
New type domain.Event

[2021-11-12 19:20:56 #13 type] 
Type domain.User is not enhanced.

[2021-11-12 19:20:56 #14 type] 
Type domain.RegisteredUser is not enhanced.

[2021-11-12 19:20:56 #15 type.registry] 
New type java.util.Vector<domain.RegisteredUser>

[2021-11-12 19:20:56 #16 type.registry] 
New type java.util.Vector<java.lang.Double>

[2021-11-12 19:20:56 #17 type] 
Type domain.Event is not enhanced.

[2021-11-12 19:20:56 #18 type.registry] 
New type java.util.Vector<domain.Question>

[2021-11-12 19:20:56 #19 type.registry] 
New type domain.Admin

[2021-11-12 19:20:56 #20 type] 
Type domain.Admin is not enhanced.

[2021-11-12 19:20:56 #21 type.registry] 
New type java.util.Vector<java.lang.Object>

[2021-11-12 19:20:56 #22 type.registry] 
New type java.util.ArrayList<java.lang.Object>

------------------------------------------------------------------------------------------------------------------------

[2021-11-12 19:54:14 #1 store] 
Database 'C:\Users\bsara\git\bets21azkeniterazioa\Bets21Azkena\src\main\resources\bets.temp' is opened by 33364@LAPTOP-APEB7RIS

[2021-11-12 19:54:14 #2 type.registry] 
New type domain.Apustua

[2021-11-12 19:54:14 #3 type] 
Type domain.Apustua is not enhanced.

[2021-11-12 19:54:14 #4 type.registry] 
New type domain.Pronostikoa

[2021-11-12 19:54:14 #5 type.registry] 
New type java.util.ArrayList<domain.Pronostikoa>

[2021-11-12 19:54:14 #6 type.registry] 
New type domain.Pertsona

[2021-11-12 19:54:14 #7 type.registry] 
New type domain.Bezeroa

[2021-11-12 19:54:14 #8 type] 
Type domain.Pronostikoa is not enhanced.

[2021-11-12 19:54:14 #9 type.registry] 
New type java.util.Vector<domain.Apustua>

[2021-11-12 19:54:14 #10 type.registry] 
New type domain.Question

[2021-11-12 19:54:14 #11 type] 
Type domain.Pertsona is not enhanced.

[2021-11-12 19:54:14 #12 type] 
Type domain.Bezeroa is not enhanced.

[2021-11-12 19:54:14 #13 type.registry] 
New type domain.ArretaElkarrizketa

[2021-11-12 19:54:14 #14 type.registry] 
New type java.util.Vector<domain.ArretaElkarrizketa>

[2021-11-12 19:54:14 #15 type.registry] 
New type domain.Errepikapena

[2021-11-12 19:54:14 #16 type.registry] 
New type java.util.Vector<domain.Errepikapena>

[2021-11-12 19:54:14 #17 type.registry] 
New type domain.Mezua

[2021-11-12 19:54:14 #18 type.registry] 
New type domain.BezeroartekoMezua

[2021-11-12 19:54:14 #19 type.registry] 
New type java.util.Vector<domain.BezeroartekoMezua>

[2021-11-12 19:54:14 #20 type.registry] 
New type domain.Mugimendua

[2021-11-12 19:54:14 #21 type.registry] 
New type java.util.Vector<domain.Mugimendua>

[2021-11-12 19:54:14 #22 type] 
Type domain.Question is not enhanced.

[2021-11-12 19:54:14 #23 type.registry] 
New type java.util.Vector<domain.Pronostikoa>

[2021-11-12 19:54:14 #24 type.registry] 
New type domain.Event

[2021-11-12 19:54:14 #25 type] 
Type domain.ArretaElkarrizketa is not enhanced.

[2021-11-12 19:54:14 #26 type.registry] 
New type domain.ArretaMezua

[2021-11-12 19:54:14 #27 type.registry] 
New type java.util.Vector<domain.ArretaMezua>

[2021-11-12 19:54:14 #28 type.registry] 
New type domain.Langilea

[2021-11-12 19:54:14 #29 type] 
Type domain.Errepikapena is not enhanced.

[2021-11-12 19:54:14 #30 type] 
Type domain.Mezua is not enhanced.

[2021-11-12 19:54:14 #31 type] 
Type domain.BezeroartekoMezua is not enhanced.

[2021-11-12 19:54:14 #32 type] 
Type domain.Mugimendua is not enhanced.

[2021-11-12 19:54:14 #33 type] 
Type domain.Event is not enhanced.

[2021-11-12 19:54:14 #34 type.registry] 
New type java.util.Vector<domain.Question>

[2021-11-12 19:54:14 #35 type] 
Type domain.ArretaMezua is not enhanced.

[2021-11-12 19:54:14 #36 type] 
Type domain.Langilea is not enhanced.

[2021-11-12 19:54:14 #37 type.registry] 
New type int[]

------------------------------------------------------------------------------------------------------------------------

[2021-11-12 20:01:33 #1 store] 
Database 'C:\Users\bsara\git\bets21azkeniterazioa\Bets21Azkena\src\main\resources\bets.temp' is opened by 13072@LAPTOP-APEB7RIS

[2021-11-12 20:01:33 #2 type.registry] 
New type domain.Apustua

[2021-11-12 20:01:33 #3 type] 
Type domain.Apustua is not enhanced.

[2021-11-12 20:01:33 #4 type.registry] 
New type domain.Pronostikoa

[2021-11-12 20:01:33 #5 type.registry] 
New type java.util.ArrayList<domain.Pronostikoa>

[2021-11-12 20:01:33 #6 type.registry] 
New type domain.Pertsona

[2021-11-12 20:01:33 #7 type.registry] 
New type domain.Bezeroa

[2021-11-12 20:01:33 #8 type] 
Type domain.Pronostikoa is not enhanced.

[2021-11-12 20:01:33 #9 type.registry] 
New type java.util.Vector<domain.Apustua>

[2021-11-12 20:01:33 #10 type.registry] 
New type domain.Question

[2021-11-12 20:01:33 #11 type] 
Type domain.Pertsona is not enhanced.

[2021-11-12 20:01:33 #12 type] 
Type domain.Bezeroa is not enhanced.

[2021-11-12 20:01:33 #13 type.registry] 
New type domain.ArretaElkarrizketa

[2021-11-12 20:01:33 #14 type.registry] 
New type java.util.Vector<domain.ArretaElkarrizketa>

[2021-11-12 20:01:33 #15 type.registry] 
New type domain.Errepikapena

[2021-11-12 20:01:33 #16 type.registry] 
New type java.util.Vector<domain.Errepikapena>

[2021-11-12 20:01:33 #17 type.registry] 
New type domain.Mezua

[2021-11-12 20:01:33 #18 type.registry] 
New type domain.BezeroartekoMezua

[2021-11-12 20:01:33 #19 type.registry] 
New type java.util.Vector<domain.BezeroartekoMezua>

[2021-11-12 20:01:33 #20 type.registry] 
New type domain.Mugimendua

[2021-11-12 20:01:33 #21 type.registry] 
New type java.util.Vector<domain.Mugimendua>

[2021-11-12 20:01:33 #22 type] 
Type domain.Question is not enhanced.

[2021-11-12 20:01:33 #23 type.registry] 
New type java.util.Vector<domain.Pronostikoa>

[2021-11-12 20:01:33 #24 type.registry] 
New type domain.Event

[2021-11-12 20:01:33 #25 type] 
Type domain.ArretaElkarrizketa is not enhanced.

[2021-11-12 20:01:33 #26 type.registry] 
New type domain.ArretaMezua

[2021-11-12 20:01:33 #27 type.registry] 
New type java.util.Vector<domain.ArretaMezua>

[2021-11-12 20:01:33 #28 type.registry] 
New type domain.Langilea

[2021-11-12 20:01:33 #29 type] 
Type domain.Errepikapena is not enhanced.

[2021-11-12 20:01:33 #30 type] 
Type domain.Mezua is not enhanced.

[2021-11-12 20:01:33 #31 type] 
Type domain.BezeroartekoMezua is not enhanced.

[2021-11-12 20:01:33 #32 type] 
Type domain.Mugimendua is not enhanced.

[2021-11-12 20:01:33 #33 type] 
Type domain.Event is not enhanced.

[2021-11-12 20:01:33 #34 type.registry] 
New type java.util.Vector<domain.Question>

[2021-11-12 20:01:33 #35 type] 
Type domain.ArretaMezua is not enhanced.

[2021-11-12 20:01:33 #36 type] 
Type domain.Langilea is not enhanced.

[2021-11-12 20:01:33 #37 type.registry] 
New type int[]

------------------------------------------------------------------------------------------------------------------------

[2021-11-12 20:10:03 #1 store] 
Database 'C:\Users\bsara\Documents\GitHub\Bets21ProbaProiek\src\main\resources\bets.temp' is opened by 10028@LAPTOP-APEB7RIS

[2021-11-12 20:10:03 #2 type.registry] 
New type domain.Pronostico

[2021-11-12 20:10:03 #3 type] 
Type domain.Pronostico is not enhanced.

[2021-11-12 20:10:03 #4 type.registry] 
New type domain.Apostua

[2021-11-12 20:10:03 #5 type.registry] 
New type java.util.ArrayList<domain.Apostua>

[2021-11-12 20:10:03 #6 type.registry] 
New type domain.Question

[2021-11-12 20:10:03 #7 type] 
Type domain.Apostua is not enhanced.

[2021-11-12 20:10:03 #8 type.registry] 
New type java.util.ArrayList<domain.Pronostico>

[2021-11-12 20:10:03 #9 type.registry] 
New type domain.User

[2021-11-12 20:10:03 #10 type.registry] 
New type domain.RegisteredUser

[2021-11-12 20:10:03 #11 type] 
Type domain.Question is not enhanced.

[2021-11-12 20:10:03 #12 type.registry] 
New type domain.Event

[2021-11-12 20:10:03 #13 type] 
Type domain.User is not enhanced.

[2021-11-12 20:10:03 #14 type] 
Type domain.RegisteredUser is not enhanced.

[2021-11-12 20:10:03 #15 type.registry] 
New type java.util.Vector<domain.RegisteredUser>

[2021-11-12 20:10:03 #16 type.registry] 
New type java.util.Vector<java.lang.Double>

[2021-11-12 20:10:03 #17 type] 
Type domain.Event is not enhanced.

[2021-11-12 20:10:03 #18 type.registry] 
New type java.util.Vector<domain.Question>

[2021-11-12 20:10:03 #19 type.registry] 
New type domain.Admin

[2021-11-12 20:10:03 #20 type] 
Type domain.Admin is not enhanced.

[2021-11-12 20:10:03 #21 type.registry] 
New type java.util.Vector<java.lang.Object>

[2021-11-12 20:10:03 #22 type.registry] 
New type java.util.ArrayList<java.lang.Object>

------------------------------------------------------------------------------------------------------------------------

[2021-11-12 20:14:37 #1 store] 
Database 'C:\Users\bsara\Documents\GitHub\Bets21ProbaProiek\src\main\resources\bets.temp' is opened by 29372@LAPTOP-APEB7RIS

[2021-11-12 20:14:37 #2 type.registry] 
New type domain.Pronostico

[2021-11-12 20:14:37 #3 type] 
Type domain.Pronostico is not enhanced.

[2021-11-12 20:14:37 #4 type.registry] 
New type domain.Apostua

[2021-11-12 20:14:37 #5 type.registry] 
New type java.util.ArrayList<domain.Apostua>

[2021-11-12 20:14:37 #6 type.registry] 
New type domain.Question

[2021-11-12 20:14:37 #7 type] 
Type domain.Apostua is not enhanced.

[2021-11-12 20:14:37 #8 type.registry] 
New type java.util.ArrayList<domain.Pronostico>

[2021-11-12 20:14:37 #9 type.registry] 
New type domain.User

[2021-11-12 20:14:37 #10 type.registry] 
New type domain.RegisteredUser

[2021-11-12 20:14:37 #11 type] 
Type domain.Question is not enhanced.

[2021-11-12 20:14:37 #12 type.registry] 
New type domain.Event

[2021-11-12 20:14:37 #13 type] 
Type domain.User is not enhanced.

[2021-11-12 20:14:37 #14 type] 
Type domain.RegisteredUser is not enhanced.

[2021-11-12 20:14:37 #15 type.registry] 
New type java.util.Vector<domain.RegisteredUser>

[2021-11-12 20:14:37 #16 type.registry] 
New type java.util.Vector<java.lang.Double>

[2021-11-12 20:14:37 #17 type] 
Type domain.Event is not enhanced.

[2021-11-12 20:14:37 #18 type.registry] 
New type java.util.Vector<domain.Question>

[2021-11-12 20:14:37 #19 type.registry] 
New type domain.Admin

[2021-11-12 20:14:37 #20 type] 
Type domain.Admin is not enhanced.

[2021-11-12 20:14:37 #21 type.registry] 
New type java.util.Vector<java.lang.Object>

[2021-11-12 20:14:37 #22 type.registry] 
New type java.util.ArrayList<java.lang.Object>

------------------------------------------------------------------------------------------------------------------------

[2021-11-12 20:16:00 #1 store] 
Database 'C:\Users\bsara\Documents\GitHub\Bets21ProbaProiek\src\main\resources\bets.temp' is opened by 20512@LAPTOP-APEB7RIS

[2021-11-12 20:16:00 #2 type.registry] 
New type domain.Pronostico

[2021-11-12 20:16:00 #3 type] 
Type domain.Pronostico is not enhanced.

[2021-11-12 20:16:00 #4 type.registry] 
New type domain.Apostua

[2021-11-12 20:16:00 #5 type.registry] 
New type java.util.ArrayList<domain.Apostua>

[2021-11-12 20:16:00 #6 type.registry] 
New type domain.Question

[2021-11-12 20:16:00 #7 type] 
Type domain.Apostua is not enhanced.

[2021-11-12 20:16:00 #8 type.registry] 
New type java.util.ArrayList<domain.Pronostico>

[2021-11-12 20:16:00 #9 type.registry] 
New type domain.User

[2021-11-12 20:16:00 #10 type.registry] 
New type domain.RegisteredUser

[2021-11-12 20:16:00 #11 type] 
Type domain.Question is not enhanced.

[2021-11-12 20:16:00 #12 type.registry] 
New type domain.Event

[2021-11-12 20:16:00 #13 type] 
Type domain.User is not enhanced.

[2021-11-12 20:16:00 #14 type] 
Type domain.RegisteredUser is not enhanced.

[2021-11-12 20:16:00 #15 type.registry] 
New type java.util.Vector<domain.RegisteredUser>

[2021-11-12 20:16:00 #16 type.registry] 
New type java.util.Vector<java.lang.Double>

[2021-11-12 20:16:00 #17 type] 
Type domain.Event is not enhanced.

[2021-11-12 20:16:00 #18 type.registry] 
New type java.util.Vector<domain.Question>

[2021-11-12 20:16:00 #19 type.registry] 
New type domain.Admin

[2021-11-12 20:16:00 #20 type] 
Type domain.Admin is not enhanced.

[2021-11-12 20:16:00 #21 type.registry] 
New type java.util.Vector<java.lang.Object>

[2021-11-12 20:16:00 #22 type.registry] 
New type java.util.ArrayList<java.lang.Object>

