------------------------------------------------------------------------------------------------------------------------

[2021-09-11 20:50:02 #1 store] 
Database 'C:\Users\PC\Downloads\betandruin-seguir_a_gente\Bets21\src\main\resources\bets.temp' is opened by 14508@DESKTOP-Q82HHB5

[2021-09-11 20:50:03 #2 type.registry] 
New type domain.Pronostico

[2021-09-11 20:50:03 #3 type] 
Type domain.Pronostico is not enhanced.

[2021-09-11 20:50:03 #4 type.registry] 
New type domain.Apostua

[2021-09-11 20:50:03 #5 type.registry] 
New type java.util.ArrayList<domain.Apostua>

[2021-09-11 20:50:03 #6 type.registry] 
New type domain.Question

[2021-09-11 20:50:03 #7 type] 
Type domain.Apostua is not enhanced.

[2021-09-11 20:50:03 #8 type.registry] 
New type java.util.ArrayList<domain.Pronostico>

[2021-09-11 20:50:03 #9 type.registry] 
New type domain.User

[2021-09-11 20:50:03 #10 type.registry] 
New type domain.RegisteredUser

[2021-09-11 20:50:03 #11 type] 
Type domain.Question is not enhanced.

[2021-09-11 20:50:03 #12 type.registry] 
New type domain.Event

[2021-09-11 20:50:03 #13 type] 
Type domain.User is not enhanced.

[2021-09-11 20:50:03 #14 type] 
Type domain.RegisteredUser is not enhanced.

[2021-09-11 20:50:03 #15 type.registry] 
New type java.util.Vector<domain.RegisteredUser>

[2021-09-11 20:50:03 #16 type.registry] 
New type java.util.Vector<java.lang.Double>

[2021-09-11 20:50:03 #17 type] 
Type domain.Event is not enhanced.

[2021-09-11 20:50:03 #18 type.registry] 
New type java.util.Vector<domain.Question>

[2021-09-11 20:50:03 #19 type.registry] 
New type domain.Admin

[2021-09-11 20:50:03 #20 type] 
Type domain.Admin is not enhanced.

[2021-09-11 20:50:03 #21 type.registry] 
New type java.util.Vector<java.lang.Object>

[2021-09-11 20:50:03 #22 type.registry] 
New type java.util.ArrayList<java.lang.Object>

