------------------------------------------------------------------------------------------------------------------------

[2021-09-09 22:59:48 #1 store] 
Database 'C:\Users\PC\Downloads\betandruin-seguir_a_gente\Bets21\src\main\resources\bets.temp' is opened by 13032@DESKTOP-Q82HHB5

[2021-09-09 22:59:48 #2 type.registry] 
New type domain.Pronostico

[2021-09-09 22:59:48 #3 type] 
Type domain.Pronostico is not enhanced.

[2021-09-09 22:59:48 #4 type.registry] 
New type domain.Apostua

[2021-09-09 22:59:48 #5 type.registry] 
New type java.util.ArrayList<domain.Apostua>

[2021-09-09 22:59:48 #6 type.registry] 
New type domain.Question

[2021-09-09 22:59:48 #7 type] 
Type domain.Apostua is not enhanced.

[2021-09-09 22:59:48 #8 type.registry] 
New type java.util.ArrayList<domain.Pronostico>

[2021-09-09 22:59:48 #9 type.registry] 
New type domain.User

[2021-09-09 22:59:48 #10 type.registry] 
New type domain.RegisteredUser

[2021-09-09 22:59:48 #11 type] 
Type domain.Question is not enhanced.

[2021-09-09 22:59:48 #12 type.registry] 
New type domain.Event

[2021-09-09 22:59:48 #13 type] 
Type domain.User is not enhanced.

[2021-09-09 22:59:48 #14 type] 
Type domain.RegisteredUser is not enhanced.

[2021-09-09 22:59:48 #15 type.registry] 
New type java.util.Vector<domain.RegisteredUser>

[2021-09-09 22:59:48 #16 type.registry] 
New type java.util.Vector<java.lang.Double>

[2021-09-09 22:59:48 #17 type] 
Type domain.Event is not enhanced.

[2021-09-09 22:59:48 #18 type.registry] 
New type java.util.Vector<domain.Question>

[2021-09-09 22:59:48 #19 type.registry] 
New type domain.Admin

[2021-09-09 22:59:48 #20 type] 
Type domain.Admin is not enhanced.

[2021-09-09 22:59:48 #21 type.registry] 
New type java.util.Vector<java.lang.Object>

[2021-09-09 22:59:48 #22 type.registry] 
New type java.util.ArrayList<java.lang.Object>

