------------------------------------------------------------------------------------------------------------------------

[2021-10-17 09:37:21 #1 store] 
Database 'C:\Users\bsara\Documents\GitHub\Bets21ProbaProiek\src\main\resources\bets.temp' is opened by 7208@LAPTOP-APEB7RIS

[2021-10-17 09:37:21 #2 type.registry] 
New type domain.User

[2021-10-17 09:37:21 #3 type.registry] 
New type domain.RegisteredUser

[2021-10-17 09:37:21 #4 type] 
Type domain.User is not enhanced.

[2021-10-17 09:37:21 #5 type] 
Type domain.RegisteredUser is not enhanced.

[2021-10-17 09:37:21 #6 type.registry] 
New type domain.Apostua

[2021-10-17 09:37:21 #7 type.registry] 
New type java.util.ArrayList<domain.Apostua>

[2021-10-17 09:37:21 #8 type.registry] 
New type java.util.Vector<domain.RegisteredUser>

[2021-10-17 09:37:21 #9 type.registry] 
New type java.util.Vector<java.lang.Double>

[2021-10-17 09:37:21 #10 type] 
Type domain.Apostua is not enhanced.

[2021-10-17 09:37:21 #11 type.registry] 
New type domain.Pronostico

[2021-10-17 09:37:21 #12 type.registry] 
New type java.util.ArrayList<domain.Pronostico>

[2021-10-17 09:37:21 #13 type] 
Type domain.Pronostico is not enhanced.

[2021-10-17 09:37:21 #14 type.registry] 
New type domain.Question

[2021-10-17 09:37:21 #15 type] 
Type domain.Question is not enhanced.

[2021-10-17 09:37:21 #16 type.registry] 
New type domain.Event

[2021-10-17 09:37:21 #17 type] 
Type domain.Event is not enhanced.

[2021-10-17 09:37:21 #18 type.registry] 
New type java.util.Vector<domain.Question>

[2021-10-17 09:37:21 #19 type.registry] 
New type java.util.Vector<java.lang.Object>

[2021-10-17 09:37:21 #20 type.registry] 
New type java.util.ArrayList<java.lang.Object>

------------------------------------------------------------------------------------------------------------------------

[2021-10-17 09:38:58 #1 store] 
Database 'C:\Users\bsara\Documents\GitHub\Bets21ProbaProiek\src\main\resources\bets.temp' is opened by 20488@LAPTOP-APEB7RIS

[2021-10-17 09:38:59 #2 type.registry] 
New type domain.User

[2021-10-17 09:38:59 #3 type.registry] 
New type domain.RegisteredUser

[2021-10-17 09:38:59 #4 type] 
Type domain.User is not enhanced.

[2021-10-17 09:38:59 #5 type] 
Type domain.RegisteredUser is not enhanced.

[2021-10-17 09:38:59 #6 type.registry] 
New type domain.Apostua

[2021-10-17 09:38:59 #7 type.registry] 
New type java.util.ArrayList<domain.Apostua>

[2021-10-17 09:38:59 #8 type.registry] 
New type java.util.Vector<domain.RegisteredUser>

[2021-10-17 09:38:59 #9 type.registry] 
New type java.util.Vector<java.lang.Double>

[2021-10-17 09:38:59 #10 type] 
Type domain.Apostua is not enhanced.

[2021-10-17 09:38:59 #11 type.registry] 
New type domain.Pronostico

[2021-10-17 09:38:59 #12 type.registry] 
New type java.util.ArrayList<domain.Pronostico>

[2021-10-17 09:38:59 #13 type] 
Type domain.Pronostico is not enhanced.

[2021-10-17 09:38:59 #14 type.registry] 
New type domain.Question

[2021-10-17 09:38:59 #15 type] 
Type domain.Question is not enhanced.

[2021-10-17 09:38:59 #16 type.registry] 
New type domain.Event

[2021-10-17 09:38:59 #17 type] 
Type domain.Event is not enhanced.

[2021-10-17 09:38:59 #18 type.registry] 
New type java.util.Vector<domain.Question>

[2021-10-17 09:38:59 #19 type.registry] 
New type java.util.Vector<java.lang.Object>

[2021-10-17 09:38:59 #20 type.registry] 
New type java.util.ArrayList<java.lang.Object>

